ARM GAS  C:\Users\JFDuval\AppData\Local\Temp\cch0JivJ.s 			page 1


   1              		.cpu cortex-m0
   2              		.fpu softvfp
   3              		.eabi_attribute 20, 1
   4              		.eabi_attribute 21, 1
   5              		.eabi_attribute 23, 3
   6              		.eabi_attribute 24, 1
   7              		.eabi_attribute 25, 1
   8              		.eabi_attribute 26, 1
   9              		.eabi_attribute 30, 6
  10              		.eabi_attribute 34, 0
  11              		.eabi_attribute 18, 4
  12              		.code	16
  13              		.file	"ADC_SAR_Seq_1_IRQ.c"
  14              		.text
  15              	.Ltext0:
  16              		.cfi_sections	.debug_frame
  17              		.section	.text.ADC_SAR_Seq_1_IRQ_Start,"ax",%progbits
  18              		.align	2
  19              		.global	ADC_SAR_Seq_1_IRQ_Start
  20              		.code	16
  21              		.thumb_func
  22              		.type	ADC_SAR_Seq_1_IRQ_Start, %function
  23              	ADC_SAR_Seq_1_IRQ_Start:
  24              	.LFB2:
  25              		.file 1 ".\\Generated_Source\\PSoC4\\ADC_SAR_Seq_1_IRQ.c"
   1:.\Generated_Source\PSoC4/ADC_SAR_Seq_1_IRQ.c **** /*******************************************************************************
   2:.\Generated_Source\PSoC4/ADC_SAR_Seq_1_IRQ.c **** * File Name: ADC_SAR_Seq_1_IRQ.c  
   3:.\Generated_Source\PSoC4/ADC_SAR_Seq_1_IRQ.c **** * Version 1.70
   4:.\Generated_Source\PSoC4/ADC_SAR_Seq_1_IRQ.c **** *
   5:.\Generated_Source\PSoC4/ADC_SAR_Seq_1_IRQ.c **** *  Description:
   6:.\Generated_Source\PSoC4/ADC_SAR_Seq_1_IRQ.c **** *   API for controlling the state of an interrupt.
   7:.\Generated_Source\PSoC4/ADC_SAR_Seq_1_IRQ.c **** *
   8:.\Generated_Source\PSoC4/ADC_SAR_Seq_1_IRQ.c **** *
   9:.\Generated_Source\PSoC4/ADC_SAR_Seq_1_IRQ.c **** *  Note:
  10:.\Generated_Source\PSoC4/ADC_SAR_Seq_1_IRQ.c **** *
  11:.\Generated_Source\PSoC4/ADC_SAR_Seq_1_IRQ.c **** ********************************************************************************
  12:.\Generated_Source\PSoC4/ADC_SAR_Seq_1_IRQ.c **** * Copyright 2008-2015, Cypress Semiconductor Corporation.  All rights reserved.
  13:.\Generated_Source\PSoC4/ADC_SAR_Seq_1_IRQ.c **** * You may use this file only in accordance with the license, terms, conditions, 
  14:.\Generated_Source\PSoC4/ADC_SAR_Seq_1_IRQ.c **** * disclaimers, and limitations in the end user license agreement accompanying 
  15:.\Generated_Source\PSoC4/ADC_SAR_Seq_1_IRQ.c **** * the software package with which this file was provided.
  16:.\Generated_Source\PSoC4/ADC_SAR_Seq_1_IRQ.c **** *******************************************************************************/
  17:.\Generated_Source\PSoC4/ADC_SAR_Seq_1_IRQ.c **** 
  18:.\Generated_Source\PSoC4/ADC_SAR_Seq_1_IRQ.c **** 
  19:.\Generated_Source\PSoC4/ADC_SAR_Seq_1_IRQ.c **** #include <cydevice_trm.h>
  20:.\Generated_Source\PSoC4/ADC_SAR_Seq_1_IRQ.c **** #include <CyLib.h>
  21:.\Generated_Source\PSoC4/ADC_SAR_Seq_1_IRQ.c **** #include <ADC_SAR_Seq_1_IRQ.h>
  22:.\Generated_Source\PSoC4/ADC_SAR_Seq_1_IRQ.c **** 
  23:.\Generated_Source\PSoC4/ADC_SAR_Seq_1_IRQ.c **** #if !defined(ADC_SAR_Seq_1_IRQ__REMOVED) /* Check for removal by optimization */
  24:.\Generated_Source\PSoC4/ADC_SAR_Seq_1_IRQ.c **** 
  25:.\Generated_Source\PSoC4/ADC_SAR_Seq_1_IRQ.c **** /*******************************************************************************
  26:.\Generated_Source\PSoC4/ADC_SAR_Seq_1_IRQ.c **** *  Place your includes, defines and code here 
  27:.\Generated_Source\PSoC4/ADC_SAR_Seq_1_IRQ.c **** ********************************************************************************/
  28:.\Generated_Source\PSoC4/ADC_SAR_Seq_1_IRQ.c **** /* `#START ADC_SAR_Seq_1_IRQ_intc` */
  29:.\Generated_Source\PSoC4/ADC_SAR_Seq_1_IRQ.c **** 
  30:.\Generated_Source\PSoC4/ADC_SAR_Seq_1_IRQ.c **** /* `#END` */
  31:.\Generated_Source\PSoC4/ADC_SAR_Seq_1_IRQ.c **** 
  32:.\Generated_Source\PSoC4/ADC_SAR_Seq_1_IRQ.c **** extern cyisraddress CyRamVectors[CYINT_IRQ_BASE + CY_NUM_INTERRUPTS];
ARM GAS  C:\Users\JFDuval\AppData\Local\Temp\cch0JivJ.s 			page 2


  33:.\Generated_Source\PSoC4/ADC_SAR_Seq_1_IRQ.c **** 
  34:.\Generated_Source\PSoC4/ADC_SAR_Seq_1_IRQ.c **** /* Declared in startup, used to set unused interrupts to. */
  35:.\Generated_Source\PSoC4/ADC_SAR_Seq_1_IRQ.c **** CY_ISR_PROTO(IntDefaultHandler);
  36:.\Generated_Source\PSoC4/ADC_SAR_Seq_1_IRQ.c **** 
  37:.\Generated_Source\PSoC4/ADC_SAR_Seq_1_IRQ.c **** 
  38:.\Generated_Source\PSoC4/ADC_SAR_Seq_1_IRQ.c **** /*******************************************************************************
  39:.\Generated_Source\PSoC4/ADC_SAR_Seq_1_IRQ.c **** * Function Name: ADC_SAR_Seq_1_IRQ_Start
  40:.\Generated_Source\PSoC4/ADC_SAR_Seq_1_IRQ.c **** ********************************************************************************
  41:.\Generated_Source\PSoC4/ADC_SAR_Seq_1_IRQ.c **** *
  42:.\Generated_Source\PSoC4/ADC_SAR_Seq_1_IRQ.c **** * Summary:
  43:.\Generated_Source\PSoC4/ADC_SAR_Seq_1_IRQ.c **** *  Set up the interrupt and enable it. This function disables the interrupt, 
  44:.\Generated_Source\PSoC4/ADC_SAR_Seq_1_IRQ.c **** *  sets the default interrupt vector, sets the priority from the value in the
  45:.\Generated_Source\PSoC4/ADC_SAR_Seq_1_IRQ.c **** *  Design Wide Resources Interrupt Editor, then enables the interrupt to the 
  46:.\Generated_Source\PSoC4/ADC_SAR_Seq_1_IRQ.c **** *  interrupt controller.
  47:.\Generated_Source\PSoC4/ADC_SAR_Seq_1_IRQ.c **** *
  48:.\Generated_Source\PSoC4/ADC_SAR_Seq_1_IRQ.c **** * Parameters:  
  49:.\Generated_Source\PSoC4/ADC_SAR_Seq_1_IRQ.c **** *   None
  50:.\Generated_Source\PSoC4/ADC_SAR_Seq_1_IRQ.c **** *
  51:.\Generated_Source\PSoC4/ADC_SAR_Seq_1_IRQ.c **** * Return:
  52:.\Generated_Source\PSoC4/ADC_SAR_Seq_1_IRQ.c **** *   None
  53:.\Generated_Source\PSoC4/ADC_SAR_Seq_1_IRQ.c **** *
  54:.\Generated_Source\PSoC4/ADC_SAR_Seq_1_IRQ.c **** *******************************************************************************/
  55:.\Generated_Source\PSoC4/ADC_SAR_Seq_1_IRQ.c **** void ADC_SAR_Seq_1_IRQ_Start(void)
  56:.\Generated_Source\PSoC4/ADC_SAR_Seq_1_IRQ.c **** {
  26              		.loc 1 56 0
  27              		.cfi_startproc
  28 0000 80B5     		push	{r7, lr}
  29              		.cfi_def_cfa_offset 8
  30              		.cfi_offset 7, -8
  31              		.cfi_offset 14, -4
  32 0002 00AF     		add	r7, sp, #0
  33              		.cfi_def_cfa_register 7
  57:.\Generated_Source\PSoC4/ADC_SAR_Seq_1_IRQ.c ****     /* For all we know the interrupt is active. */
  58:.\Generated_Source\PSoC4/ADC_SAR_Seq_1_IRQ.c ****     ADC_SAR_Seq_1_IRQ_Disable();
  34              		.loc 1 58 0
  35 0004 FFF7FEFF 		bl	ADC_SAR_Seq_1_IRQ_Disable
  59:.\Generated_Source\PSoC4/ADC_SAR_Seq_1_IRQ.c **** 
  60:.\Generated_Source\PSoC4/ADC_SAR_Seq_1_IRQ.c ****     /* Set the ISR to point to the ADC_SAR_Seq_1_IRQ Interrupt. */
  61:.\Generated_Source\PSoC4/ADC_SAR_Seq_1_IRQ.c ****     ADC_SAR_Seq_1_IRQ_SetVector(&ADC_SAR_Seq_1_IRQ_Interrupt);
  36              		.loc 1 61 0
  37 0008 054B     		ldr	r3, .L2
  38 000a 181C     		mov	r0, r3
  39 000c FFF7FEFF 		bl	ADC_SAR_Seq_1_IRQ_SetVector
  62:.\Generated_Source\PSoC4/ADC_SAR_Seq_1_IRQ.c **** 
  63:.\Generated_Source\PSoC4/ADC_SAR_Seq_1_IRQ.c ****     /* Set the priority. */
  64:.\Generated_Source\PSoC4/ADC_SAR_Seq_1_IRQ.c ****     ADC_SAR_Seq_1_IRQ_SetPriority((uint8)ADC_SAR_Seq_1_IRQ_INTC_PRIOR_NUMBER);
  40              		.loc 1 64 0
  41 0010 0320     		mov	r0, #3
  42 0012 FFF7FEFF 		bl	ADC_SAR_Seq_1_IRQ_SetPriority
  65:.\Generated_Source\PSoC4/ADC_SAR_Seq_1_IRQ.c **** 
  66:.\Generated_Source\PSoC4/ADC_SAR_Seq_1_IRQ.c ****     /* Enable it. */
  67:.\Generated_Source\PSoC4/ADC_SAR_Seq_1_IRQ.c ****     ADC_SAR_Seq_1_IRQ_Enable();
  43              		.loc 1 67 0
  44 0016 FFF7FEFF 		bl	ADC_SAR_Seq_1_IRQ_Enable
  68:.\Generated_Source\PSoC4/ADC_SAR_Seq_1_IRQ.c **** }
  45              		.loc 1 68 0
  46 001a BD46     		mov	sp, r7
ARM GAS  C:\Users\JFDuval\AppData\Local\Temp\cch0JivJ.s 			page 3


  47              		@ sp needed
  48 001c 80BD     		pop	{r7, pc}
  49              	.L3:
  50 001e C046     		.align	2
  51              	.L2:
  52 0020 00000000 		.word	ADC_SAR_Seq_1_IRQ_Interrupt
  53              		.cfi_endproc
  54              	.LFE2:
  55              		.size	ADC_SAR_Seq_1_IRQ_Start, .-ADC_SAR_Seq_1_IRQ_Start
  56              		.section	.text.ADC_SAR_Seq_1_IRQ_StartEx,"ax",%progbits
  57              		.align	2
  58              		.global	ADC_SAR_Seq_1_IRQ_StartEx
  59              		.code	16
  60              		.thumb_func
  61              		.type	ADC_SAR_Seq_1_IRQ_StartEx, %function
  62              	ADC_SAR_Seq_1_IRQ_StartEx:
  63              	.LFB3:
  69:.\Generated_Source\PSoC4/ADC_SAR_Seq_1_IRQ.c **** 
  70:.\Generated_Source\PSoC4/ADC_SAR_Seq_1_IRQ.c **** 
  71:.\Generated_Source\PSoC4/ADC_SAR_Seq_1_IRQ.c **** /*******************************************************************************
  72:.\Generated_Source\PSoC4/ADC_SAR_Seq_1_IRQ.c **** * Function Name: ADC_SAR_Seq_1_IRQ_StartEx
  73:.\Generated_Source\PSoC4/ADC_SAR_Seq_1_IRQ.c **** ********************************************************************************
  74:.\Generated_Source\PSoC4/ADC_SAR_Seq_1_IRQ.c **** *
  75:.\Generated_Source\PSoC4/ADC_SAR_Seq_1_IRQ.c **** * Summary:
  76:.\Generated_Source\PSoC4/ADC_SAR_Seq_1_IRQ.c **** *  Sets up the interrupt and enables it. This function disables the interrupt,
  77:.\Generated_Source\PSoC4/ADC_SAR_Seq_1_IRQ.c **** *  sets the interrupt vector based on the address passed in, sets the priority 
  78:.\Generated_Source\PSoC4/ADC_SAR_Seq_1_IRQ.c **** *  from the value in the Design Wide Resources Interrupt Editor, then enables 
  79:.\Generated_Source\PSoC4/ADC_SAR_Seq_1_IRQ.c **** *  the interrupt to the interrupt controller.
  80:.\Generated_Source\PSoC4/ADC_SAR_Seq_1_IRQ.c **** *  
  81:.\Generated_Source\PSoC4/ADC_SAR_Seq_1_IRQ.c **** *  When defining ISR functions, the CY_ISR and CY_ISR_PROTO macros should be 
  82:.\Generated_Source\PSoC4/ADC_SAR_Seq_1_IRQ.c **** *  used to provide consistent definition across compilers:
  83:.\Generated_Source\PSoC4/ADC_SAR_Seq_1_IRQ.c **** *  
  84:.\Generated_Source\PSoC4/ADC_SAR_Seq_1_IRQ.c **** *  Function definition example:
  85:.\Generated_Source\PSoC4/ADC_SAR_Seq_1_IRQ.c **** *   CY_ISR(MyISR)
  86:.\Generated_Source\PSoC4/ADC_SAR_Seq_1_IRQ.c **** *   {
  87:.\Generated_Source\PSoC4/ADC_SAR_Seq_1_IRQ.c **** *   }
  88:.\Generated_Source\PSoC4/ADC_SAR_Seq_1_IRQ.c **** *   Function prototype example:
  89:.\Generated_Source\PSoC4/ADC_SAR_Seq_1_IRQ.c **** *   CY_ISR_PROTO(MyISR);
  90:.\Generated_Source\PSoC4/ADC_SAR_Seq_1_IRQ.c **** *
  91:.\Generated_Source\PSoC4/ADC_SAR_Seq_1_IRQ.c **** * Parameters:  
  92:.\Generated_Source\PSoC4/ADC_SAR_Seq_1_IRQ.c **** *   address: Address of the ISR to set in the interrupt vector table.
  93:.\Generated_Source\PSoC4/ADC_SAR_Seq_1_IRQ.c **** *
  94:.\Generated_Source\PSoC4/ADC_SAR_Seq_1_IRQ.c **** * Return:
  95:.\Generated_Source\PSoC4/ADC_SAR_Seq_1_IRQ.c **** *   None
  96:.\Generated_Source\PSoC4/ADC_SAR_Seq_1_IRQ.c **** *
  97:.\Generated_Source\PSoC4/ADC_SAR_Seq_1_IRQ.c **** *******************************************************************************/
  98:.\Generated_Source\PSoC4/ADC_SAR_Seq_1_IRQ.c **** void ADC_SAR_Seq_1_IRQ_StartEx(cyisraddress address)
  99:.\Generated_Source\PSoC4/ADC_SAR_Seq_1_IRQ.c **** {
  64              		.loc 1 99 0
  65              		.cfi_startproc
  66 0000 80B5     		push	{r7, lr}
  67              		.cfi_def_cfa_offset 8
  68              		.cfi_offset 7, -8
  69              		.cfi_offset 14, -4
  70 0002 82B0     		sub	sp, sp, #8
  71              		.cfi_def_cfa_offset 16
  72 0004 00AF     		add	r7, sp, #0
ARM GAS  C:\Users\JFDuval\AppData\Local\Temp\cch0JivJ.s 			page 4


  73              		.cfi_def_cfa_register 7
  74 0006 7860     		str	r0, [r7, #4]
 100:.\Generated_Source\PSoC4/ADC_SAR_Seq_1_IRQ.c ****     /* For all we know the interrupt is active. */
 101:.\Generated_Source\PSoC4/ADC_SAR_Seq_1_IRQ.c ****     ADC_SAR_Seq_1_IRQ_Disable();
  75              		.loc 1 101 0
  76 0008 FFF7FEFF 		bl	ADC_SAR_Seq_1_IRQ_Disable
 102:.\Generated_Source\PSoC4/ADC_SAR_Seq_1_IRQ.c **** 
 103:.\Generated_Source\PSoC4/ADC_SAR_Seq_1_IRQ.c ****     /* Set the ISR to point to the ADC_SAR_Seq_1_IRQ Interrupt. */
 104:.\Generated_Source\PSoC4/ADC_SAR_Seq_1_IRQ.c ****     ADC_SAR_Seq_1_IRQ_SetVector(address);
  77              		.loc 1 104 0
  78 000c 7B68     		ldr	r3, [r7, #4]
  79 000e 181C     		mov	r0, r3
  80 0010 FFF7FEFF 		bl	ADC_SAR_Seq_1_IRQ_SetVector
 105:.\Generated_Source\PSoC4/ADC_SAR_Seq_1_IRQ.c **** 
 106:.\Generated_Source\PSoC4/ADC_SAR_Seq_1_IRQ.c ****     /* Set the priority. */
 107:.\Generated_Source\PSoC4/ADC_SAR_Seq_1_IRQ.c ****     ADC_SAR_Seq_1_IRQ_SetPriority((uint8)ADC_SAR_Seq_1_IRQ_INTC_PRIOR_NUMBER);
  81              		.loc 1 107 0
  82 0014 0320     		mov	r0, #3
  83 0016 FFF7FEFF 		bl	ADC_SAR_Seq_1_IRQ_SetPriority
 108:.\Generated_Source\PSoC4/ADC_SAR_Seq_1_IRQ.c **** 
 109:.\Generated_Source\PSoC4/ADC_SAR_Seq_1_IRQ.c ****     /* Enable it. */
 110:.\Generated_Source\PSoC4/ADC_SAR_Seq_1_IRQ.c ****     ADC_SAR_Seq_1_IRQ_Enable();
  84              		.loc 1 110 0
  85 001a FFF7FEFF 		bl	ADC_SAR_Seq_1_IRQ_Enable
 111:.\Generated_Source\PSoC4/ADC_SAR_Seq_1_IRQ.c **** }
  86              		.loc 1 111 0
  87 001e BD46     		mov	sp, r7
  88 0020 02B0     		add	sp, sp, #8
  89              		@ sp needed
  90 0022 80BD     		pop	{r7, pc}
  91              		.cfi_endproc
  92              	.LFE3:
  93              		.size	ADC_SAR_Seq_1_IRQ_StartEx, .-ADC_SAR_Seq_1_IRQ_StartEx
  94              		.section	.text.ADC_SAR_Seq_1_IRQ_Stop,"ax",%progbits
  95              		.align	2
  96              		.global	ADC_SAR_Seq_1_IRQ_Stop
  97              		.code	16
  98              		.thumb_func
  99              		.type	ADC_SAR_Seq_1_IRQ_Stop, %function
 100              	ADC_SAR_Seq_1_IRQ_Stop:
 101              	.LFB4:
 112:.\Generated_Source\PSoC4/ADC_SAR_Seq_1_IRQ.c **** 
 113:.\Generated_Source\PSoC4/ADC_SAR_Seq_1_IRQ.c **** 
 114:.\Generated_Source\PSoC4/ADC_SAR_Seq_1_IRQ.c **** /*******************************************************************************
 115:.\Generated_Source\PSoC4/ADC_SAR_Seq_1_IRQ.c **** * Function Name: ADC_SAR_Seq_1_IRQ_Stop
 116:.\Generated_Source\PSoC4/ADC_SAR_Seq_1_IRQ.c **** ********************************************************************************
 117:.\Generated_Source\PSoC4/ADC_SAR_Seq_1_IRQ.c **** *
 118:.\Generated_Source\PSoC4/ADC_SAR_Seq_1_IRQ.c **** * Summary:
 119:.\Generated_Source\PSoC4/ADC_SAR_Seq_1_IRQ.c **** *   Disables and removes the interrupt.
 120:.\Generated_Source\PSoC4/ADC_SAR_Seq_1_IRQ.c **** *
 121:.\Generated_Source\PSoC4/ADC_SAR_Seq_1_IRQ.c **** * Parameters:  
 122:.\Generated_Source\PSoC4/ADC_SAR_Seq_1_IRQ.c **** *   None
 123:.\Generated_Source\PSoC4/ADC_SAR_Seq_1_IRQ.c **** *
 124:.\Generated_Source\PSoC4/ADC_SAR_Seq_1_IRQ.c **** * Return:
 125:.\Generated_Source\PSoC4/ADC_SAR_Seq_1_IRQ.c **** *   None
 126:.\Generated_Source\PSoC4/ADC_SAR_Seq_1_IRQ.c **** *
 127:.\Generated_Source\PSoC4/ADC_SAR_Seq_1_IRQ.c **** *******************************************************************************/
ARM GAS  C:\Users\JFDuval\AppData\Local\Temp\cch0JivJ.s 			page 5


 128:.\Generated_Source\PSoC4/ADC_SAR_Seq_1_IRQ.c **** void ADC_SAR_Seq_1_IRQ_Stop(void)
 129:.\Generated_Source\PSoC4/ADC_SAR_Seq_1_IRQ.c **** {
 102              		.loc 1 129 0
 103              		.cfi_startproc
 104 0000 80B5     		push	{r7, lr}
 105              		.cfi_def_cfa_offset 8
 106              		.cfi_offset 7, -8
 107              		.cfi_offset 14, -4
 108 0002 00AF     		add	r7, sp, #0
 109              		.cfi_def_cfa_register 7
 130:.\Generated_Source\PSoC4/ADC_SAR_Seq_1_IRQ.c ****     /* Disable this interrupt. */
 131:.\Generated_Source\PSoC4/ADC_SAR_Seq_1_IRQ.c ****     ADC_SAR_Seq_1_IRQ_Disable();
 110              		.loc 1 131 0
 111 0004 FFF7FEFF 		bl	ADC_SAR_Seq_1_IRQ_Disable
 132:.\Generated_Source\PSoC4/ADC_SAR_Seq_1_IRQ.c **** 
 133:.\Generated_Source\PSoC4/ADC_SAR_Seq_1_IRQ.c ****     /* Set the ISR to point to the passive one. */
 134:.\Generated_Source\PSoC4/ADC_SAR_Seq_1_IRQ.c ****     ADC_SAR_Seq_1_IRQ_SetVector(&IntDefaultHandler);
 112              		.loc 1 134 0
 113 0008 024B     		ldr	r3, .L6
 114 000a 181C     		mov	r0, r3
 115 000c FFF7FEFF 		bl	ADC_SAR_Seq_1_IRQ_SetVector
 135:.\Generated_Source\PSoC4/ADC_SAR_Seq_1_IRQ.c **** }
 116              		.loc 1 135 0
 117 0010 BD46     		mov	sp, r7
 118              		@ sp needed
 119 0012 80BD     		pop	{r7, pc}
 120              	.L7:
 121              		.align	2
 122              	.L6:
 123 0014 00000000 		.word	IntDefaultHandler
 124              		.cfi_endproc
 125              	.LFE4:
 126              		.size	ADC_SAR_Seq_1_IRQ_Stop, .-ADC_SAR_Seq_1_IRQ_Stop
 127              		.section	.text.ADC_SAR_Seq_1_IRQ_Interrupt,"ax",%progbits
 128              		.align	2
 129              		.global	ADC_SAR_Seq_1_IRQ_Interrupt
 130              		.code	16
 131              		.thumb_func
 132              		.type	ADC_SAR_Seq_1_IRQ_Interrupt, %function
 133              	ADC_SAR_Seq_1_IRQ_Interrupt:
 134              	.LFB5:
 136:.\Generated_Source\PSoC4/ADC_SAR_Seq_1_IRQ.c **** 
 137:.\Generated_Source\PSoC4/ADC_SAR_Seq_1_IRQ.c **** 
 138:.\Generated_Source\PSoC4/ADC_SAR_Seq_1_IRQ.c **** /*******************************************************************************
 139:.\Generated_Source\PSoC4/ADC_SAR_Seq_1_IRQ.c **** * Function Name: ADC_SAR_Seq_1_IRQ_Interrupt
 140:.\Generated_Source\PSoC4/ADC_SAR_Seq_1_IRQ.c **** ********************************************************************************
 141:.\Generated_Source\PSoC4/ADC_SAR_Seq_1_IRQ.c **** *
 142:.\Generated_Source\PSoC4/ADC_SAR_Seq_1_IRQ.c **** * Summary:
 143:.\Generated_Source\PSoC4/ADC_SAR_Seq_1_IRQ.c **** *   The default Interrupt Service Routine for ADC_SAR_Seq_1_IRQ.
 144:.\Generated_Source\PSoC4/ADC_SAR_Seq_1_IRQ.c **** *
 145:.\Generated_Source\PSoC4/ADC_SAR_Seq_1_IRQ.c **** *   Add custom code between the START and END comments to keep the next version
 146:.\Generated_Source\PSoC4/ADC_SAR_Seq_1_IRQ.c **** *   of this file from over-writing your code.
 147:.\Generated_Source\PSoC4/ADC_SAR_Seq_1_IRQ.c **** *
 148:.\Generated_Source\PSoC4/ADC_SAR_Seq_1_IRQ.c **** *   Note You may use either the default ISR by using this API, or you may define
 149:.\Generated_Source\PSoC4/ADC_SAR_Seq_1_IRQ.c **** *   your own separate ISR through ISR_StartEx().
 150:.\Generated_Source\PSoC4/ADC_SAR_Seq_1_IRQ.c **** *
 151:.\Generated_Source\PSoC4/ADC_SAR_Seq_1_IRQ.c **** * Parameters:  
ARM GAS  C:\Users\JFDuval\AppData\Local\Temp\cch0JivJ.s 			page 6


 152:.\Generated_Source\PSoC4/ADC_SAR_Seq_1_IRQ.c **** *   None
 153:.\Generated_Source\PSoC4/ADC_SAR_Seq_1_IRQ.c **** *
 154:.\Generated_Source\PSoC4/ADC_SAR_Seq_1_IRQ.c **** * Return:
 155:.\Generated_Source\PSoC4/ADC_SAR_Seq_1_IRQ.c **** *   None
 156:.\Generated_Source\PSoC4/ADC_SAR_Seq_1_IRQ.c **** *
 157:.\Generated_Source\PSoC4/ADC_SAR_Seq_1_IRQ.c **** *******************************************************************************/
 158:.\Generated_Source\PSoC4/ADC_SAR_Seq_1_IRQ.c **** CY_ISR(ADC_SAR_Seq_1_IRQ_Interrupt)
 159:.\Generated_Source\PSoC4/ADC_SAR_Seq_1_IRQ.c **** {
 135              		.loc 1 159 0
 136              		.cfi_startproc
 137 0000 80B5     		push	{r7, lr}
 138              		.cfi_def_cfa_offset 8
 139              		.cfi_offset 7, -8
 140              		.cfi_offset 14, -4
 141 0002 00AF     		add	r7, sp, #0
 142              		.cfi_def_cfa_register 7
 160:.\Generated_Source\PSoC4/ADC_SAR_Seq_1_IRQ.c ****     /*  Place your Interrupt code here. */
 161:.\Generated_Source\PSoC4/ADC_SAR_Seq_1_IRQ.c ****     /* `#START ADC_SAR_Seq_1_IRQ_Interrupt` */
 162:.\Generated_Source\PSoC4/ADC_SAR_Seq_1_IRQ.c **** 
 163:.\Generated_Source\PSoC4/ADC_SAR_Seq_1_IRQ.c ****     /* `#END` */
 164:.\Generated_Source\PSoC4/ADC_SAR_Seq_1_IRQ.c **** }
 143              		.loc 1 164 0
 144 0004 BD46     		mov	sp, r7
 145              		@ sp needed
 146 0006 80BD     		pop	{r7, pc}
 147              		.cfi_endproc
 148              	.LFE5:
 149              		.size	ADC_SAR_Seq_1_IRQ_Interrupt, .-ADC_SAR_Seq_1_IRQ_Interrupt
 150              		.section	.text.ADC_SAR_Seq_1_IRQ_SetVector,"ax",%progbits
 151              		.align	2
 152              		.global	ADC_SAR_Seq_1_IRQ_SetVector
 153              		.code	16
 154              		.thumb_func
 155              		.type	ADC_SAR_Seq_1_IRQ_SetVector, %function
 156              	ADC_SAR_Seq_1_IRQ_SetVector:
 157              	.LFB6:
 165:.\Generated_Source\PSoC4/ADC_SAR_Seq_1_IRQ.c **** 
 166:.\Generated_Source\PSoC4/ADC_SAR_Seq_1_IRQ.c **** 
 167:.\Generated_Source\PSoC4/ADC_SAR_Seq_1_IRQ.c **** /*******************************************************************************
 168:.\Generated_Source\PSoC4/ADC_SAR_Seq_1_IRQ.c **** * Function Name: ADC_SAR_Seq_1_IRQ_SetVector
 169:.\Generated_Source\PSoC4/ADC_SAR_Seq_1_IRQ.c **** ********************************************************************************
 170:.\Generated_Source\PSoC4/ADC_SAR_Seq_1_IRQ.c **** *
 171:.\Generated_Source\PSoC4/ADC_SAR_Seq_1_IRQ.c **** * Summary:
 172:.\Generated_Source\PSoC4/ADC_SAR_Seq_1_IRQ.c **** *   Change the ISR vector for the Interrupt. Note calling ADC_SAR_Seq_1_IRQ_Start
 173:.\Generated_Source\PSoC4/ADC_SAR_Seq_1_IRQ.c **** *   will override any effect this method would have had. To set the vector 
 174:.\Generated_Source\PSoC4/ADC_SAR_Seq_1_IRQ.c **** *   before the component has been started use ADC_SAR_Seq_1_IRQ_StartEx instead.
 175:.\Generated_Source\PSoC4/ADC_SAR_Seq_1_IRQ.c **** * 
 176:.\Generated_Source\PSoC4/ADC_SAR_Seq_1_IRQ.c **** *   When defining ISR functions, the CY_ISR and CY_ISR_PROTO macros should be 
 177:.\Generated_Source\PSoC4/ADC_SAR_Seq_1_IRQ.c **** *   used to provide consistent definition across compilers:
 178:.\Generated_Source\PSoC4/ADC_SAR_Seq_1_IRQ.c **** *
 179:.\Generated_Source\PSoC4/ADC_SAR_Seq_1_IRQ.c **** *   Function definition example:
 180:.\Generated_Source\PSoC4/ADC_SAR_Seq_1_IRQ.c **** *   CY_ISR(MyISR)
 181:.\Generated_Source\PSoC4/ADC_SAR_Seq_1_IRQ.c **** *   {
 182:.\Generated_Source\PSoC4/ADC_SAR_Seq_1_IRQ.c **** *   }
 183:.\Generated_Source\PSoC4/ADC_SAR_Seq_1_IRQ.c **** *
 184:.\Generated_Source\PSoC4/ADC_SAR_Seq_1_IRQ.c **** *   Function prototype example:
 185:.\Generated_Source\PSoC4/ADC_SAR_Seq_1_IRQ.c **** *     CY_ISR_PROTO(MyISR);
ARM GAS  C:\Users\JFDuval\AppData\Local\Temp\cch0JivJ.s 			page 7


 186:.\Generated_Source\PSoC4/ADC_SAR_Seq_1_IRQ.c **** *
 187:.\Generated_Source\PSoC4/ADC_SAR_Seq_1_IRQ.c **** * Parameters:
 188:.\Generated_Source\PSoC4/ADC_SAR_Seq_1_IRQ.c **** *   address: Address of the ISR to set in the interrupt vector table.
 189:.\Generated_Source\PSoC4/ADC_SAR_Seq_1_IRQ.c **** *
 190:.\Generated_Source\PSoC4/ADC_SAR_Seq_1_IRQ.c **** * Return:
 191:.\Generated_Source\PSoC4/ADC_SAR_Seq_1_IRQ.c **** *   None
 192:.\Generated_Source\PSoC4/ADC_SAR_Seq_1_IRQ.c **** *
 193:.\Generated_Source\PSoC4/ADC_SAR_Seq_1_IRQ.c **** *******************************************************************************/
 194:.\Generated_Source\PSoC4/ADC_SAR_Seq_1_IRQ.c **** void ADC_SAR_Seq_1_IRQ_SetVector(cyisraddress address)
 195:.\Generated_Source\PSoC4/ADC_SAR_Seq_1_IRQ.c **** {
 158              		.loc 1 195 0
 159              		.cfi_startproc
 160 0000 80B5     		push	{r7, lr}
 161              		.cfi_def_cfa_offset 8
 162              		.cfi_offset 7, -8
 163              		.cfi_offset 14, -4
 164 0002 82B0     		sub	sp, sp, #8
 165              		.cfi_def_cfa_offset 16
 166 0004 00AF     		add	r7, sp, #0
 167              		.cfi_def_cfa_register 7
 168 0006 7860     		str	r0, [r7, #4]
 196:.\Generated_Source\PSoC4/ADC_SAR_Seq_1_IRQ.c ****     CyRamVectors[CYINT_IRQ_BASE + ADC_SAR_Seq_1_IRQ__INTC_NUMBER] = address;
 169              		.loc 1 196 0
 170 0008 024B     		ldr	r3, .L10
 171 000a 7A68     		ldr	r2, [r7, #4]
 172 000c DA67     		str	r2, [r3, #124]
 197:.\Generated_Source\PSoC4/ADC_SAR_Seq_1_IRQ.c **** }
 173              		.loc 1 197 0
 174 000e BD46     		mov	sp, r7
 175 0010 02B0     		add	sp, sp, #8
 176              		@ sp needed
 177 0012 80BD     		pop	{r7, pc}
 178              	.L11:
 179              		.align	2
 180              	.L10:
 181 0014 00000000 		.word	CyRamVectors
 182              		.cfi_endproc
 183              	.LFE6:
 184              		.size	ADC_SAR_Seq_1_IRQ_SetVector, .-ADC_SAR_Seq_1_IRQ_SetVector
 185              		.section	.text.ADC_SAR_Seq_1_IRQ_GetVector,"ax",%progbits
 186              		.align	2
 187              		.global	ADC_SAR_Seq_1_IRQ_GetVector
 188              		.code	16
 189              		.thumb_func
 190              		.type	ADC_SAR_Seq_1_IRQ_GetVector, %function
 191              	ADC_SAR_Seq_1_IRQ_GetVector:
 192              	.LFB7:
 198:.\Generated_Source\PSoC4/ADC_SAR_Seq_1_IRQ.c **** 
 199:.\Generated_Source\PSoC4/ADC_SAR_Seq_1_IRQ.c **** 
 200:.\Generated_Source\PSoC4/ADC_SAR_Seq_1_IRQ.c **** /*******************************************************************************
 201:.\Generated_Source\PSoC4/ADC_SAR_Seq_1_IRQ.c **** * Function Name: ADC_SAR_Seq_1_IRQ_GetVector
 202:.\Generated_Source\PSoC4/ADC_SAR_Seq_1_IRQ.c **** ********************************************************************************
 203:.\Generated_Source\PSoC4/ADC_SAR_Seq_1_IRQ.c **** *
 204:.\Generated_Source\PSoC4/ADC_SAR_Seq_1_IRQ.c **** * Summary:
 205:.\Generated_Source\PSoC4/ADC_SAR_Seq_1_IRQ.c **** *   Gets the "address" of the current ISR vector for the Interrupt.
 206:.\Generated_Source\PSoC4/ADC_SAR_Seq_1_IRQ.c **** *
 207:.\Generated_Source\PSoC4/ADC_SAR_Seq_1_IRQ.c **** * Parameters:
ARM GAS  C:\Users\JFDuval\AppData\Local\Temp\cch0JivJ.s 			page 8


 208:.\Generated_Source\PSoC4/ADC_SAR_Seq_1_IRQ.c **** *   None
 209:.\Generated_Source\PSoC4/ADC_SAR_Seq_1_IRQ.c **** *
 210:.\Generated_Source\PSoC4/ADC_SAR_Seq_1_IRQ.c **** * Return:
 211:.\Generated_Source\PSoC4/ADC_SAR_Seq_1_IRQ.c **** *   Address of the ISR in the interrupt vector table.
 212:.\Generated_Source\PSoC4/ADC_SAR_Seq_1_IRQ.c **** *
 213:.\Generated_Source\PSoC4/ADC_SAR_Seq_1_IRQ.c **** *******************************************************************************/
 214:.\Generated_Source\PSoC4/ADC_SAR_Seq_1_IRQ.c **** cyisraddress ADC_SAR_Seq_1_IRQ_GetVector(void)
 215:.\Generated_Source\PSoC4/ADC_SAR_Seq_1_IRQ.c **** {
 193              		.loc 1 215 0
 194              		.cfi_startproc
 195 0000 80B5     		push	{r7, lr}
 196              		.cfi_def_cfa_offset 8
 197              		.cfi_offset 7, -8
 198              		.cfi_offset 14, -4
 199 0002 00AF     		add	r7, sp, #0
 200              		.cfi_def_cfa_register 7
 216:.\Generated_Source\PSoC4/ADC_SAR_Seq_1_IRQ.c ****     return CyRamVectors[CYINT_IRQ_BASE + ADC_SAR_Seq_1_IRQ__INTC_NUMBER];
 201              		.loc 1 216 0
 202 0004 024B     		ldr	r3, .L14
 203 0006 DB6F     		ldr	r3, [r3, #124]
 217:.\Generated_Source\PSoC4/ADC_SAR_Seq_1_IRQ.c **** }
 204              		.loc 1 217 0
 205 0008 181C     		mov	r0, r3
 206 000a BD46     		mov	sp, r7
 207              		@ sp needed
 208 000c 80BD     		pop	{r7, pc}
 209              	.L15:
 210 000e C046     		.align	2
 211              	.L14:
 212 0010 00000000 		.word	CyRamVectors
 213              		.cfi_endproc
 214              	.LFE7:
 215              		.size	ADC_SAR_Seq_1_IRQ_GetVector, .-ADC_SAR_Seq_1_IRQ_GetVector
 216              		.section	.text.ADC_SAR_Seq_1_IRQ_SetPriority,"ax",%progbits
 217              		.align	2
 218              		.global	ADC_SAR_Seq_1_IRQ_SetPriority
 219              		.code	16
 220              		.thumb_func
 221              		.type	ADC_SAR_Seq_1_IRQ_SetPriority, %function
 222              	ADC_SAR_Seq_1_IRQ_SetPriority:
 223              	.LFB8:
 218:.\Generated_Source\PSoC4/ADC_SAR_Seq_1_IRQ.c **** 
 219:.\Generated_Source\PSoC4/ADC_SAR_Seq_1_IRQ.c **** 
 220:.\Generated_Source\PSoC4/ADC_SAR_Seq_1_IRQ.c **** /*******************************************************************************
 221:.\Generated_Source\PSoC4/ADC_SAR_Seq_1_IRQ.c **** * Function Name: ADC_SAR_Seq_1_IRQ_SetPriority
 222:.\Generated_Source\PSoC4/ADC_SAR_Seq_1_IRQ.c **** ********************************************************************************
 223:.\Generated_Source\PSoC4/ADC_SAR_Seq_1_IRQ.c **** *
 224:.\Generated_Source\PSoC4/ADC_SAR_Seq_1_IRQ.c **** * Summary:
 225:.\Generated_Source\PSoC4/ADC_SAR_Seq_1_IRQ.c **** *   Sets the Priority of the Interrupt. 
 226:.\Generated_Source\PSoC4/ADC_SAR_Seq_1_IRQ.c **** *
 227:.\Generated_Source\PSoC4/ADC_SAR_Seq_1_IRQ.c **** *   Note calling ADC_SAR_Seq_1_IRQ_Start or ADC_SAR_Seq_1_IRQ_StartEx will 
 228:.\Generated_Source\PSoC4/ADC_SAR_Seq_1_IRQ.c **** *   override any effect this API would have had. This API should only be called
 229:.\Generated_Source\PSoC4/ADC_SAR_Seq_1_IRQ.c **** *   after ADC_SAR_Seq_1_IRQ_Start or ADC_SAR_Seq_1_IRQ_StartEx has been called. 
 230:.\Generated_Source\PSoC4/ADC_SAR_Seq_1_IRQ.c **** *   To set the initial priority for the component, use the Design-Wide Resources
 231:.\Generated_Source\PSoC4/ADC_SAR_Seq_1_IRQ.c **** *   Interrupt Editor.
 232:.\Generated_Source\PSoC4/ADC_SAR_Seq_1_IRQ.c **** *
 233:.\Generated_Source\PSoC4/ADC_SAR_Seq_1_IRQ.c **** *   Note This API has no effect on Non-maskable interrupt NMI).
ARM GAS  C:\Users\JFDuval\AppData\Local\Temp\cch0JivJ.s 			page 9


 234:.\Generated_Source\PSoC4/ADC_SAR_Seq_1_IRQ.c **** *
 235:.\Generated_Source\PSoC4/ADC_SAR_Seq_1_IRQ.c **** * Parameters:
 236:.\Generated_Source\PSoC4/ADC_SAR_Seq_1_IRQ.c **** *   priority: Priority of the interrupt, 0 being the highest priority
 237:.\Generated_Source\PSoC4/ADC_SAR_Seq_1_IRQ.c **** *             PSoC 3 and PSoC 5LP: Priority is from 0 to 7.
 238:.\Generated_Source\PSoC4/ADC_SAR_Seq_1_IRQ.c **** *             PSoC 4: Priority is from 0 to 3.
 239:.\Generated_Source\PSoC4/ADC_SAR_Seq_1_IRQ.c **** *
 240:.\Generated_Source\PSoC4/ADC_SAR_Seq_1_IRQ.c **** * Return:
 241:.\Generated_Source\PSoC4/ADC_SAR_Seq_1_IRQ.c **** *   None
 242:.\Generated_Source\PSoC4/ADC_SAR_Seq_1_IRQ.c **** *
 243:.\Generated_Source\PSoC4/ADC_SAR_Seq_1_IRQ.c **** *******************************************************************************/
 244:.\Generated_Source\PSoC4/ADC_SAR_Seq_1_IRQ.c **** void ADC_SAR_Seq_1_IRQ_SetPriority(uint8 priority)
 245:.\Generated_Source\PSoC4/ADC_SAR_Seq_1_IRQ.c **** {
 224              		.loc 1 245 0
 225              		.cfi_startproc
 226 0000 90B5     		push	{r4, r7, lr}
 227              		.cfi_def_cfa_offset 12
 228              		.cfi_offset 4, -12
 229              		.cfi_offset 7, -8
 230              		.cfi_offset 14, -4
 231 0002 85B0     		sub	sp, sp, #20
 232              		.cfi_def_cfa_offset 32
 233 0004 00AF     		add	r7, sp, #0
 234              		.cfi_def_cfa_register 7
 235 0006 021C     		mov	r2, r0
 236 0008 FB1D     		add	r3, r7, #7
 237 000a 1A70     		strb	r2, [r3]
 246:.\Generated_Source\PSoC4/ADC_SAR_Seq_1_IRQ.c **** 	uint8 interruptState;
 247:.\Generated_Source\PSoC4/ADC_SAR_Seq_1_IRQ.c ****     uint32 priorityOffset = ((ADC_SAR_Seq_1_IRQ__INTC_NUMBER % 4u) * 8u) + 6u;
 238              		.loc 1 247 0
 239 000c 1E23     		mov	r3, #30
 240 000e FB60     		str	r3, [r7, #12]
 248:.\Generated_Source\PSoC4/ADC_SAR_Seq_1_IRQ.c ****     
 249:.\Generated_Source\PSoC4/ADC_SAR_Seq_1_IRQ.c **** 	interruptState = CyEnterCriticalSection();
 241              		.loc 1 249 0
 242 0010 3C1C     		mov	r4, r7
 243 0012 0B34     		add	r4, r4, #11
 244 0014 FFF7FEFF 		bl	CyEnterCriticalSection
 245 0018 031C     		mov	r3, r0
 246 001a 2370     		strb	r3, [r4]
 250:.\Generated_Source\PSoC4/ADC_SAR_Seq_1_IRQ.c ****     *ADC_SAR_Seq_1_IRQ_INTC_PRIOR = (*ADC_SAR_Seq_1_IRQ_INTC_PRIOR & (uint32)(~ADC_SAR_Seq_1_IRQ__I
 247              		.loc 1 250 0
 248 001c 0A4B     		ldr	r3, .L17
 249 001e 0A4A     		ldr	r2, .L17
 250 0020 1268     		ldr	r2, [r2]
 251 0022 9200     		lsl	r2, r2, #2
 252 0024 9108     		lsr	r1, r2, #2
 251:.\Generated_Source\PSoC4/ADC_SAR_Seq_1_IRQ.c ****                                     ((uint32)priority << priorityOffset);
 253              		.loc 1 251 0
 254 0026 FA1D     		add	r2, r7, #7
 255 0028 1078     		ldrb	r0, [r2]
 256 002a FA68     		ldr	r2, [r7, #12]
 257 002c 041C     		mov	r4, r0
 258 002e 9440     		lsl	r4, r4, r2
 259 0030 221C     		mov	r2, r4
 250:.\Generated_Source\PSoC4/ADC_SAR_Seq_1_IRQ.c ****     *ADC_SAR_Seq_1_IRQ_INTC_PRIOR = (*ADC_SAR_Seq_1_IRQ_INTC_PRIOR & (uint32)(~ADC_SAR_Seq_1_IRQ__I
 260              		.loc 1 250 0
 261 0032 0A43     		orr	r2, r1
ARM GAS  C:\Users\JFDuval\AppData\Local\Temp\cch0JivJ.s 			page 10


 262 0034 1A60     		str	r2, [r3]
 252:.\Generated_Source\PSoC4/ADC_SAR_Seq_1_IRQ.c **** 	CyExitCriticalSection(interruptState);
 263              		.loc 1 252 0
 264 0036 3B1C     		mov	r3, r7
 265 0038 0B33     		add	r3, r3, #11
 266 003a 1B78     		ldrb	r3, [r3]
 267 003c 181C     		mov	r0, r3
 268 003e FFF7FEFF 		bl	CyExitCriticalSection
 253:.\Generated_Source\PSoC4/ADC_SAR_Seq_1_IRQ.c **** }
 269              		.loc 1 253 0
 270 0042 BD46     		mov	sp, r7
 271 0044 05B0     		add	sp, sp, #20
 272              		@ sp needed
 273 0046 90BD     		pop	{r4, r7, pc}
 274              	.L18:
 275              		.align	2
 276              	.L17:
 277 0048 0CE400E0 		.word	-536812532
 278              		.cfi_endproc
 279              	.LFE8:
 280              		.size	ADC_SAR_Seq_1_IRQ_SetPriority, .-ADC_SAR_Seq_1_IRQ_SetPriority
 281              		.section	.text.ADC_SAR_Seq_1_IRQ_GetPriority,"ax",%progbits
 282              		.align	2
 283              		.global	ADC_SAR_Seq_1_IRQ_GetPriority
 284              		.code	16
 285              		.thumb_func
 286              		.type	ADC_SAR_Seq_1_IRQ_GetPriority, %function
 287              	ADC_SAR_Seq_1_IRQ_GetPriority:
 288              	.LFB9:
 254:.\Generated_Source\PSoC4/ADC_SAR_Seq_1_IRQ.c **** 
 255:.\Generated_Source\PSoC4/ADC_SAR_Seq_1_IRQ.c **** 
 256:.\Generated_Source\PSoC4/ADC_SAR_Seq_1_IRQ.c **** /*******************************************************************************
 257:.\Generated_Source\PSoC4/ADC_SAR_Seq_1_IRQ.c **** * Function Name: ADC_SAR_Seq_1_IRQ_GetPriority
 258:.\Generated_Source\PSoC4/ADC_SAR_Seq_1_IRQ.c **** ********************************************************************************
 259:.\Generated_Source\PSoC4/ADC_SAR_Seq_1_IRQ.c **** *
 260:.\Generated_Source\PSoC4/ADC_SAR_Seq_1_IRQ.c **** * Summary:
 261:.\Generated_Source\PSoC4/ADC_SAR_Seq_1_IRQ.c **** *   Gets the Priority of the Interrupt.
 262:.\Generated_Source\PSoC4/ADC_SAR_Seq_1_IRQ.c **** *
 263:.\Generated_Source\PSoC4/ADC_SAR_Seq_1_IRQ.c **** * Parameters:
 264:.\Generated_Source\PSoC4/ADC_SAR_Seq_1_IRQ.c **** *   None
 265:.\Generated_Source\PSoC4/ADC_SAR_Seq_1_IRQ.c **** *
 266:.\Generated_Source\PSoC4/ADC_SAR_Seq_1_IRQ.c **** * Return:
 267:.\Generated_Source\PSoC4/ADC_SAR_Seq_1_IRQ.c **** *   Priority of the interrupt, 0 being the highest priority
 268:.\Generated_Source\PSoC4/ADC_SAR_Seq_1_IRQ.c **** *    PSoC 3 and PSoC 5LP: Priority is from 0 to 7.
 269:.\Generated_Source\PSoC4/ADC_SAR_Seq_1_IRQ.c **** *    PSoC 4: Priority is from 0 to 3.
 270:.\Generated_Source\PSoC4/ADC_SAR_Seq_1_IRQ.c **** *
 271:.\Generated_Source\PSoC4/ADC_SAR_Seq_1_IRQ.c **** *******************************************************************************/
 272:.\Generated_Source\PSoC4/ADC_SAR_Seq_1_IRQ.c **** uint8 ADC_SAR_Seq_1_IRQ_GetPriority(void)
 273:.\Generated_Source\PSoC4/ADC_SAR_Seq_1_IRQ.c **** {
 289              		.loc 1 273 0
 290              		.cfi_startproc
 291 0000 80B5     		push	{r7, lr}
 292              		.cfi_def_cfa_offset 8
 293              		.cfi_offset 7, -8
 294              		.cfi_offset 14, -4
 295 0002 82B0     		sub	sp, sp, #8
 296              		.cfi_def_cfa_offset 16
ARM GAS  C:\Users\JFDuval\AppData\Local\Temp\cch0JivJ.s 			page 11


 297 0004 00AF     		add	r7, sp, #0
 298              		.cfi_def_cfa_register 7
 274:.\Generated_Source\PSoC4/ADC_SAR_Seq_1_IRQ.c ****     uint32 priority;
 275:.\Generated_Source\PSoC4/ADC_SAR_Seq_1_IRQ.c **** 	uint32 priorityOffset = ((ADC_SAR_Seq_1_IRQ__INTC_NUMBER % 4u) * 8u) + 6u;
 299              		.loc 1 275 0
 300 0006 1E23     		mov	r3, #30
 301 0008 7B60     		str	r3, [r7, #4]
 276:.\Generated_Source\PSoC4/ADC_SAR_Seq_1_IRQ.c **** 
 277:.\Generated_Source\PSoC4/ADC_SAR_Seq_1_IRQ.c ****     priority = (*ADC_SAR_Seq_1_IRQ_INTC_PRIOR & ADC_SAR_Seq_1_IRQ__INTC_PRIOR_MASK) >> priorityOffs
 302              		.loc 1 277 0
 303 000a 074B     		ldr	r3, .L21
 304 000c 1B68     		ldr	r3, [r3]
 305 000e 9B0F     		lsr	r3, r3, #30
 306 0010 9A07     		lsl	r2, r3, #30
 307 0012 7B68     		ldr	r3, [r7, #4]
 308 0014 111C     		mov	r1, r2
 309 0016 D940     		lsr	r1, r1, r3
 310 0018 0B1C     		mov	r3, r1
 311 001a 3B60     		str	r3, [r7]
 278:.\Generated_Source\PSoC4/ADC_SAR_Seq_1_IRQ.c **** 
 279:.\Generated_Source\PSoC4/ADC_SAR_Seq_1_IRQ.c ****     return (uint8)priority;
 312              		.loc 1 279 0
 313 001c 3B68     		ldr	r3, [r7]
 314 001e DBB2     		uxtb	r3, r3
 280:.\Generated_Source\PSoC4/ADC_SAR_Seq_1_IRQ.c **** }
 315              		.loc 1 280 0
 316 0020 181C     		mov	r0, r3
 317 0022 BD46     		mov	sp, r7
 318 0024 02B0     		add	sp, sp, #8
 319              		@ sp needed
 320 0026 80BD     		pop	{r7, pc}
 321              	.L22:
 322              		.align	2
 323              	.L21:
 324 0028 0CE400E0 		.word	-536812532
 325              		.cfi_endproc
 326              	.LFE9:
 327              		.size	ADC_SAR_Seq_1_IRQ_GetPriority, .-ADC_SAR_Seq_1_IRQ_GetPriority
 328              		.section	.text.ADC_SAR_Seq_1_IRQ_Enable,"ax",%progbits
 329              		.align	2
 330              		.global	ADC_SAR_Seq_1_IRQ_Enable
 331              		.code	16
 332              		.thumb_func
 333              		.type	ADC_SAR_Seq_1_IRQ_Enable, %function
 334              	ADC_SAR_Seq_1_IRQ_Enable:
 335              	.LFB10:
 281:.\Generated_Source\PSoC4/ADC_SAR_Seq_1_IRQ.c **** 
 282:.\Generated_Source\PSoC4/ADC_SAR_Seq_1_IRQ.c **** 
 283:.\Generated_Source\PSoC4/ADC_SAR_Seq_1_IRQ.c **** /*******************************************************************************
 284:.\Generated_Source\PSoC4/ADC_SAR_Seq_1_IRQ.c **** * Function Name: ADC_SAR_Seq_1_IRQ_Enable
 285:.\Generated_Source\PSoC4/ADC_SAR_Seq_1_IRQ.c **** ********************************************************************************
 286:.\Generated_Source\PSoC4/ADC_SAR_Seq_1_IRQ.c **** *
 287:.\Generated_Source\PSoC4/ADC_SAR_Seq_1_IRQ.c **** * Summary:
 288:.\Generated_Source\PSoC4/ADC_SAR_Seq_1_IRQ.c **** *   Enables the interrupt to the interrupt controller. Do not call this function
 289:.\Generated_Source\PSoC4/ADC_SAR_Seq_1_IRQ.c **** *   unless ISR_Start() has been called or the functionality of the ISR_Start() 
 290:.\Generated_Source\PSoC4/ADC_SAR_Seq_1_IRQ.c **** *   function, which sets the vector and the priority, has been called.
 291:.\Generated_Source\PSoC4/ADC_SAR_Seq_1_IRQ.c **** *
ARM GAS  C:\Users\JFDuval\AppData\Local\Temp\cch0JivJ.s 			page 12


 292:.\Generated_Source\PSoC4/ADC_SAR_Seq_1_IRQ.c **** * Parameters:
 293:.\Generated_Source\PSoC4/ADC_SAR_Seq_1_IRQ.c **** *   None
 294:.\Generated_Source\PSoC4/ADC_SAR_Seq_1_IRQ.c **** *
 295:.\Generated_Source\PSoC4/ADC_SAR_Seq_1_IRQ.c **** * Return:
 296:.\Generated_Source\PSoC4/ADC_SAR_Seq_1_IRQ.c **** *   None
 297:.\Generated_Source\PSoC4/ADC_SAR_Seq_1_IRQ.c **** *
 298:.\Generated_Source\PSoC4/ADC_SAR_Seq_1_IRQ.c **** *******************************************************************************/
 299:.\Generated_Source\PSoC4/ADC_SAR_Seq_1_IRQ.c **** void ADC_SAR_Seq_1_IRQ_Enable(void)
 300:.\Generated_Source\PSoC4/ADC_SAR_Seq_1_IRQ.c **** {
 336              		.loc 1 300 0
 337              		.cfi_startproc
 338 0000 80B5     		push	{r7, lr}
 339              		.cfi_def_cfa_offset 8
 340              		.cfi_offset 7, -8
 341              		.cfi_offset 14, -4
 342 0002 00AF     		add	r7, sp, #0
 343              		.cfi_def_cfa_register 7
 301:.\Generated_Source\PSoC4/ADC_SAR_Seq_1_IRQ.c ****     /* Enable the general interrupt. */
 302:.\Generated_Source\PSoC4/ADC_SAR_Seq_1_IRQ.c ****     *ADC_SAR_Seq_1_IRQ_INTC_SET_EN = ADC_SAR_Seq_1_IRQ__INTC_MASK;
 344              		.loc 1 302 0
 345 0004 024B     		ldr	r3, .L24
 346 0006 8022     		mov	r2, #128
 347 0008 1202     		lsl	r2, r2, #8
 348 000a 1A60     		str	r2, [r3]
 303:.\Generated_Source\PSoC4/ADC_SAR_Seq_1_IRQ.c **** }
 349              		.loc 1 303 0
 350 000c BD46     		mov	sp, r7
 351              		@ sp needed
 352 000e 80BD     		pop	{r7, pc}
 353              	.L25:
 354              		.align	2
 355              	.L24:
 356 0010 00E100E0 		.word	-536813312
 357              		.cfi_endproc
 358              	.LFE10:
 359              		.size	ADC_SAR_Seq_1_IRQ_Enable, .-ADC_SAR_Seq_1_IRQ_Enable
 360              		.section	.text.ADC_SAR_Seq_1_IRQ_GetState,"ax",%progbits
 361              		.align	2
 362              		.global	ADC_SAR_Seq_1_IRQ_GetState
 363              		.code	16
 364              		.thumb_func
 365              		.type	ADC_SAR_Seq_1_IRQ_GetState, %function
 366              	ADC_SAR_Seq_1_IRQ_GetState:
 367              	.LFB11:
 304:.\Generated_Source\PSoC4/ADC_SAR_Seq_1_IRQ.c **** 
 305:.\Generated_Source\PSoC4/ADC_SAR_Seq_1_IRQ.c **** 
 306:.\Generated_Source\PSoC4/ADC_SAR_Seq_1_IRQ.c **** /*******************************************************************************
 307:.\Generated_Source\PSoC4/ADC_SAR_Seq_1_IRQ.c **** * Function Name: ADC_SAR_Seq_1_IRQ_GetState
 308:.\Generated_Source\PSoC4/ADC_SAR_Seq_1_IRQ.c **** ********************************************************************************
 309:.\Generated_Source\PSoC4/ADC_SAR_Seq_1_IRQ.c **** *
 310:.\Generated_Source\PSoC4/ADC_SAR_Seq_1_IRQ.c **** * Summary:
 311:.\Generated_Source\PSoC4/ADC_SAR_Seq_1_IRQ.c **** *   Gets the state (enabled, disabled) of the Interrupt.
 312:.\Generated_Source\PSoC4/ADC_SAR_Seq_1_IRQ.c **** *
 313:.\Generated_Source\PSoC4/ADC_SAR_Seq_1_IRQ.c **** * Parameters:
 314:.\Generated_Source\PSoC4/ADC_SAR_Seq_1_IRQ.c **** *   None
 315:.\Generated_Source\PSoC4/ADC_SAR_Seq_1_IRQ.c **** *
 316:.\Generated_Source\PSoC4/ADC_SAR_Seq_1_IRQ.c **** * Return:
ARM GAS  C:\Users\JFDuval\AppData\Local\Temp\cch0JivJ.s 			page 13


 317:.\Generated_Source\PSoC4/ADC_SAR_Seq_1_IRQ.c **** *   1 if enabled, 0 if disabled.
 318:.\Generated_Source\PSoC4/ADC_SAR_Seq_1_IRQ.c **** *
 319:.\Generated_Source\PSoC4/ADC_SAR_Seq_1_IRQ.c **** *******************************************************************************/
 320:.\Generated_Source\PSoC4/ADC_SAR_Seq_1_IRQ.c **** uint8 ADC_SAR_Seq_1_IRQ_GetState(void)
 321:.\Generated_Source\PSoC4/ADC_SAR_Seq_1_IRQ.c **** {
 368              		.loc 1 321 0
 369              		.cfi_startproc
 370 0000 80B5     		push	{r7, lr}
 371              		.cfi_def_cfa_offset 8
 372              		.cfi_offset 7, -8
 373              		.cfi_offset 14, -4
 374 0002 00AF     		add	r7, sp, #0
 375              		.cfi_def_cfa_register 7
 322:.\Generated_Source\PSoC4/ADC_SAR_Seq_1_IRQ.c ****     /* Get the state of the general interrupt. */
 323:.\Generated_Source\PSoC4/ADC_SAR_Seq_1_IRQ.c ****     return ((*ADC_SAR_Seq_1_IRQ_INTC_SET_EN & (uint32)ADC_SAR_Seq_1_IRQ__INTC_MASK) != 0u) ? 1u:0u;
 376              		.loc 1 323 0
 377 0004 054B     		ldr	r3, .L30
 378 0006 1A68     		ldr	r2, [r3]
 379 0008 8023     		mov	r3, #128
 380 000a 1B02     		lsl	r3, r3, #8
 381 000c 1340     		and	r3, r2
 382 000e 01D0     		beq	.L27
 383              		.loc 1 323 0 is_stmt 0 discriminator 1
 384 0010 0123     		mov	r3, #1
 385 0012 00E0     		b	.L28
 386              	.L27:
 387              		.loc 1 323 0 discriminator 2
 388 0014 0023     		mov	r3, #0
 389              	.L28:
 324:.\Generated_Source\PSoC4/ADC_SAR_Seq_1_IRQ.c **** }
 390              		.loc 1 324 0 is_stmt 1 discriminator 3
 391 0016 181C     		mov	r0, r3
 392 0018 BD46     		mov	sp, r7
 393              		@ sp needed
 394 001a 80BD     		pop	{r7, pc}
 395              	.L31:
 396              		.align	2
 397              	.L30:
 398 001c 00E100E0 		.word	-536813312
 399              		.cfi_endproc
 400              	.LFE11:
 401              		.size	ADC_SAR_Seq_1_IRQ_GetState, .-ADC_SAR_Seq_1_IRQ_GetState
 402              		.section	.text.ADC_SAR_Seq_1_IRQ_Disable,"ax",%progbits
 403              		.align	2
 404              		.global	ADC_SAR_Seq_1_IRQ_Disable
 405              		.code	16
 406              		.thumb_func
 407              		.type	ADC_SAR_Seq_1_IRQ_Disable, %function
 408              	ADC_SAR_Seq_1_IRQ_Disable:
 409              	.LFB12:
 325:.\Generated_Source\PSoC4/ADC_SAR_Seq_1_IRQ.c **** 
 326:.\Generated_Source\PSoC4/ADC_SAR_Seq_1_IRQ.c **** 
 327:.\Generated_Source\PSoC4/ADC_SAR_Seq_1_IRQ.c **** /*******************************************************************************
 328:.\Generated_Source\PSoC4/ADC_SAR_Seq_1_IRQ.c **** * Function Name: ADC_SAR_Seq_1_IRQ_Disable
 329:.\Generated_Source\PSoC4/ADC_SAR_Seq_1_IRQ.c **** ********************************************************************************
 330:.\Generated_Source\PSoC4/ADC_SAR_Seq_1_IRQ.c **** *
 331:.\Generated_Source\PSoC4/ADC_SAR_Seq_1_IRQ.c **** * Summary:
ARM GAS  C:\Users\JFDuval\AppData\Local\Temp\cch0JivJ.s 			page 14


 332:.\Generated_Source\PSoC4/ADC_SAR_Seq_1_IRQ.c **** *   Disables the Interrupt in the interrupt controller.
 333:.\Generated_Source\PSoC4/ADC_SAR_Seq_1_IRQ.c **** *
 334:.\Generated_Source\PSoC4/ADC_SAR_Seq_1_IRQ.c **** * Parameters:
 335:.\Generated_Source\PSoC4/ADC_SAR_Seq_1_IRQ.c **** *   None
 336:.\Generated_Source\PSoC4/ADC_SAR_Seq_1_IRQ.c **** *
 337:.\Generated_Source\PSoC4/ADC_SAR_Seq_1_IRQ.c **** * Return:
 338:.\Generated_Source\PSoC4/ADC_SAR_Seq_1_IRQ.c **** *   None
 339:.\Generated_Source\PSoC4/ADC_SAR_Seq_1_IRQ.c **** *
 340:.\Generated_Source\PSoC4/ADC_SAR_Seq_1_IRQ.c **** *******************************************************************************/
 341:.\Generated_Source\PSoC4/ADC_SAR_Seq_1_IRQ.c **** void ADC_SAR_Seq_1_IRQ_Disable(void)
 342:.\Generated_Source\PSoC4/ADC_SAR_Seq_1_IRQ.c **** {
 410              		.loc 1 342 0
 411              		.cfi_startproc
 412 0000 80B5     		push	{r7, lr}
 413              		.cfi_def_cfa_offset 8
 414              		.cfi_offset 7, -8
 415              		.cfi_offset 14, -4
 416 0002 00AF     		add	r7, sp, #0
 417              		.cfi_def_cfa_register 7
 343:.\Generated_Source\PSoC4/ADC_SAR_Seq_1_IRQ.c ****     /* Disable the general interrupt. */
 344:.\Generated_Source\PSoC4/ADC_SAR_Seq_1_IRQ.c ****     *ADC_SAR_Seq_1_IRQ_INTC_CLR_EN = ADC_SAR_Seq_1_IRQ__INTC_MASK;
 418              		.loc 1 344 0
 419 0004 024B     		ldr	r3, .L33
 420 0006 8022     		mov	r2, #128
 421 0008 1202     		lsl	r2, r2, #8
 422 000a 1A60     		str	r2, [r3]
 345:.\Generated_Source\PSoC4/ADC_SAR_Seq_1_IRQ.c **** }
 423              		.loc 1 345 0
 424 000c BD46     		mov	sp, r7
 425              		@ sp needed
 426 000e 80BD     		pop	{r7, pc}
 427              	.L34:
 428              		.align	2
 429              	.L33:
 430 0010 80E100E0 		.word	-536813184
 431              		.cfi_endproc
 432              	.LFE12:
 433              		.size	ADC_SAR_Seq_1_IRQ_Disable, .-ADC_SAR_Seq_1_IRQ_Disable
 434              		.section	.text.ADC_SAR_Seq_1_IRQ_SetPending,"ax",%progbits
 435              		.align	2
 436              		.global	ADC_SAR_Seq_1_IRQ_SetPending
 437              		.code	16
 438              		.thumb_func
 439              		.type	ADC_SAR_Seq_1_IRQ_SetPending, %function
 440              	ADC_SAR_Seq_1_IRQ_SetPending:
 441              	.LFB13:
 346:.\Generated_Source\PSoC4/ADC_SAR_Seq_1_IRQ.c **** 
 347:.\Generated_Source\PSoC4/ADC_SAR_Seq_1_IRQ.c **** 
 348:.\Generated_Source\PSoC4/ADC_SAR_Seq_1_IRQ.c **** /*******************************************************************************
 349:.\Generated_Source\PSoC4/ADC_SAR_Seq_1_IRQ.c **** * Function Name: ADC_SAR_Seq_1_IRQ_SetPending
 350:.\Generated_Source\PSoC4/ADC_SAR_Seq_1_IRQ.c **** ********************************************************************************
 351:.\Generated_Source\PSoC4/ADC_SAR_Seq_1_IRQ.c **** *
 352:.\Generated_Source\PSoC4/ADC_SAR_Seq_1_IRQ.c **** * Summary:
 353:.\Generated_Source\PSoC4/ADC_SAR_Seq_1_IRQ.c **** *   Causes the Interrupt to enter the pending state, a software method of
 354:.\Generated_Source\PSoC4/ADC_SAR_Seq_1_IRQ.c **** *   generating the interrupt.
 355:.\Generated_Source\PSoC4/ADC_SAR_Seq_1_IRQ.c **** *
 356:.\Generated_Source\PSoC4/ADC_SAR_Seq_1_IRQ.c **** * Parameters:
ARM GAS  C:\Users\JFDuval\AppData\Local\Temp\cch0JivJ.s 			page 15


 357:.\Generated_Source\PSoC4/ADC_SAR_Seq_1_IRQ.c **** *   None
 358:.\Generated_Source\PSoC4/ADC_SAR_Seq_1_IRQ.c **** *
 359:.\Generated_Source\PSoC4/ADC_SAR_Seq_1_IRQ.c **** * Return:
 360:.\Generated_Source\PSoC4/ADC_SAR_Seq_1_IRQ.c **** *   None
 361:.\Generated_Source\PSoC4/ADC_SAR_Seq_1_IRQ.c **** *
 362:.\Generated_Source\PSoC4/ADC_SAR_Seq_1_IRQ.c **** * Side Effects:
 363:.\Generated_Source\PSoC4/ADC_SAR_Seq_1_IRQ.c **** *   If interrupts are enabled and the interrupt is set up properly, the ISR is
 364:.\Generated_Source\PSoC4/ADC_SAR_Seq_1_IRQ.c **** *   entered (depending on the priority of this interrupt and other pending 
 365:.\Generated_Source\PSoC4/ADC_SAR_Seq_1_IRQ.c **** *   interrupts).
 366:.\Generated_Source\PSoC4/ADC_SAR_Seq_1_IRQ.c **** *
 367:.\Generated_Source\PSoC4/ADC_SAR_Seq_1_IRQ.c **** *******************************************************************************/
 368:.\Generated_Source\PSoC4/ADC_SAR_Seq_1_IRQ.c **** void ADC_SAR_Seq_1_IRQ_SetPending(void)
 369:.\Generated_Source\PSoC4/ADC_SAR_Seq_1_IRQ.c **** {
 442              		.loc 1 369 0
 443              		.cfi_startproc
 444 0000 80B5     		push	{r7, lr}
 445              		.cfi_def_cfa_offset 8
 446              		.cfi_offset 7, -8
 447              		.cfi_offset 14, -4
 448 0002 00AF     		add	r7, sp, #0
 449              		.cfi_def_cfa_register 7
 370:.\Generated_Source\PSoC4/ADC_SAR_Seq_1_IRQ.c ****     *ADC_SAR_Seq_1_IRQ_INTC_SET_PD = ADC_SAR_Seq_1_IRQ__INTC_MASK;
 450              		.loc 1 370 0
 451 0004 024B     		ldr	r3, .L36
 452 0006 8022     		mov	r2, #128
 453 0008 1202     		lsl	r2, r2, #8
 454 000a 1A60     		str	r2, [r3]
 371:.\Generated_Source\PSoC4/ADC_SAR_Seq_1_IRQ.c **** }
 455              		.loc 1 371 0
 456 000c BD46     		mov	sp, r7
 457              		@ sp needed
 458 000e 80BD     		pop	{r7, pc}
 459              	.L37:
 460              		.align	2
 461              	.L36:
 462 0010 00E200E0 		.word	-536813056
 463              		.cfi_endproc
 464              	.LFE13:
 465              		.size	ADC_SAR_Seq_1_IRQ_SetPending, .-ADC_SAR_Seq_1_IRQ_SetPending
 466              		.section	.text.ADC_SAR_Seq_1_IRQ_ClearPending,"ax",%progbits
 467              		.align	2
 468              		.global	ADC_SAR_Seq_1_IRQ_ClearPending
 469              		.code	16
 470              		.thumb_func
 471              		.type	ADC_SAR_Seq_1_IRQ_ClearPending, %function
 472              	ADC_SAR_Seq_1_IRQ_ClearPending:
 473              	.LFB14:
 372:.\Generated_Source\PSoC4/ADC_SAR_Seq_1_IRQ.c **** 
 373:.\Generated_Source\PSoC4/ADC_SAR_Seq_1_IRQ.c **** 
 374:.\Generated_Source\PSoC4/ADC_SAR_Seq_1_IRQ.c **** /*******************************************************************************
 375:.\Generated_Source\PSoC4/ADC_SAR_Seq_1_IRQ.c **** * Function Name: ADC_SAR_Seq_1_IRQ_ClearPending
 376:.\Generated_Source\PSoC4/ADC_SAR_Seq_1_IRQ.c **** ********************************************************************************
 377:.\Generated_Source\PSoC4/ADC_SAR_Seq_1_IRQ.c **** *
 378:.\Generated_Source\PSoC4/ADC_SAR_Seq_1_IRQ.c **** * Summary:
 379:.\Generated_Source\PSoC4/ADC_SAR_Seq_1_IRQ.c **** *   Clears a pending interrupt in the interrupt controller.
 380:.\Generated_Source\PSoC4/ADC_SAR_Seq_1_IRQ.c **** *
 381:.\Generated_Source\PSoC4/ADC_SAR_Seq_1_IRQ.c **** *   Note Some interrupt sources are clear-on-read and require the block 
ARM GAS  C:\Users\JFDuval\AppData\Local\Temp\cch0JivJ.s 			page 16


 382:.\Generated_Source\PSoC4/ADC_SAR_Seq_1_IRQ.c **** *   interrupt/status register to be read/cleared with the appropriate block API 
 383:.\Generated_Source\PSoC4/ADC_SAR_Seq_1_IRQ.c **** *   (GPIO, UART, and so on). Otherwise the ISR will continue to remain in 
 384:.\Generated_Source\PSoC4/ADC_SAR_Seq_1_IRQ.c **** *   pending state even though the interrupt itself is cleared using this API.
 385:.\Generated_Source\PSoC4/ADC_SAR_Seq_1_IRQ.c **** *
 386:.\Generated_Source\PSoC4/ADC_SAR_Seq_1_IRQ.c **** * Parameters:
 387:.\Generated_Source\PSoC4/ADC_SAR_Seq_1_IRQ.c **** *   None
 388:.\Generated_Source\PSoC4/ADC_SAR_Seq_1_IRQ.c **** *
 389:.\Generated_Source\PSoC4/ADC_SAR_Seq_1_IRQ.c **** * Return:
 390:.\Generated_Source\PSoC4/ADC_SAR_Seq_1_IRQ.c **** *   None
 391:.\Generated_Source\PSoC4/ADC_SAR_Seq_1_IRQ.c **** *
 392:.\Generated_Source\PSoC4/ADC_SAR_Seq_1_IRQ.c **** *******************************************************************************/
 393:.\Generated_Source\PSoC4/ADC_SAR_Seq_1_IRQ.c **** void ADC_SAR_Seq_1_IRQ_ClearPending(void)
 394:.\Generated_Source\PSoC4/ADC_SAR_Seq_1_IRQ.c **** {
 474              		.loc 1 394 0
 475              		.cfi_startproc
 476 0000 80B5     		push	{r7, lr}
 477              		.cfi_def_cfa_offset 8
 478              		.cfi_offset 7, -8
 479              		.cfi_offset 14, -4
 480 0002 00AF     		add	r7, sp, #0
 481              		.cfi_def_cfa_register 7
 395:.\Generated_Source\PSoC4/ADC_SAR_Seq_1_IRQ.c ****     *ADC_SAR_Seq_1_IRQ_INTC_CLR_PD = ADC_SAR_Seq_1_IRQ__INTC_MASK;
 482              		.loc 1 395 0
 483 0004 024B     		ldr	r3, .L39
 484 0006 8022     		mov	r2, #128
 485 0008 1202     		lsl	r2, r2, #8
 486 000a 1A60     		str	r2, [r3]
 396:.\Generated_Source\PSoC4/ADC_SAR_Seq_1_IRQ.c **** }
 487              		.loc 1 396 0
 488 000c BD46     		mov	sp, r7
 489              		@ sp needed
 490 000e 80BD     		pop	{r7, pc}
 491              	.L40:
 492              		.align	2
 493              	.L39:
 494 0010 80E200E0 		.word	-536812928
 495              		.cfi_endproc
 496              	.LFE14:
 497              		.size	ADC_SAR_Seq_1_IRQ_ClearPending, .-ADC_SAR_Seq_1_IRQ_ClearPending
 498              		.text
 499              	.Letext0:
 500              		.file 2 ".\\Generated_Source\\PSoC4/cytypes.h"
 501              		.section	.debug_info,"",%progbits
 502              	.Ldebug_info0:
 503 0000 40020000 		.4byte	0x240
 504 0004 0400     		.2byte	0x4
 505 0006 00000000 		.4byte	.Ldebug_abbrev0
 506 000a 04       		.byte	0x4
 507 000b 01       		.uleb128 0x1
 508 000c C9000000 		.4byte	.LASF33
 509 0010 01       		.byte	0x1
 510 0011 53010000 		.4byte	.LASF34
 511 0015 2F020000 		.4byte	.LASF35
 512 0019 00000000 		.4byte	.Ldebug_ranges0+0
 513 001d 00000000 		.4byte	0
 514 0021 00000000 		.4byte	.Ldebug_line0
 515 0025 02       		.uleb128 0x2
ARM GAS  C:\Users\JFDuval\AppData\Local\Temp\cch0JivJ.s 			page 17


 516 0026 01       		.byte	0x1
 517 0027 06       		.byte	0x6
 518 0028 33030000 		.4byte	.LASF0
 519 002c 02       		.uleb128 0x2
 520 002d 01       		.byte	0x1
 521 002e 08       		.byte	0x8
 522 002f 45010000 		.4byte	.LASF1
 523 0033 02       		.uleb128 0x2
 524 0034 02       		.byte	0x2
 525 0035 05       		.byte	0x5
 526 0036 85020000 		.4byte	.LASF2
 527 003a 02       		.uleb128 0x2
 528 003b 02       		.byte	0x2
 529 003c 07       		.byte	0x7
 530 003d 48000000 		.4byte	.LASF3
 531 0041 02       		.uleb128 0x2
 532 0042 04       		.byte	0x4
 533 0043 05       		.byte	0x5
 534 0044 BA020000 		.4byte	.LASF4
 535 0048 02       		.uleb128 0x2
 536 0049 04       		.byte	0x4
 537 004a 07       		.byte	0x7
 538 004b 8F010000 		.4byte	.LASF5
 539 004f 02       		.uleb128 0x2
 540 0050 08       		.byte	0x8
 541 0051 05       		.byte	0x5
 542 0052 1C020000 		.4byte	.LASF6
 543 0056 02       		.uleb128 0x2
 544 0057 08       		.byte	0x8
 545 0058 07       		.byte	0x7
 546 0059 EF010000 		.4byte	.LASF7
 547 005d 03       		.uleb128 0x3
 548 005e 04       		.byte	0x4
 549 005f 05       		.byte	0x5
 550 0060 696E7400 		.ascii	"int\000"
 551 0064 02       		.uleb128 0x2
 552 0065 04       		.byte	0x4
 553 0066 07       		.byte	0x7
 554 0067 DA010000 		.4byte	.LASF8
 555 006b 04       		.uleb128 0x4
 556 006c BD010000 		.4byte	.LASF9
 557 0070 02       		.byte	0x2
 558 0071 A1       		.byte	0xa1
 559 0072 2C000000 		.4byte	0x2c
 560 0076 04       		.uleb128 0x4
 561 0077 D3010000 		.4byte	.LASF10
 562 007b 02       		.byte	0x2
 563 007c A3       		.byte	0xa3
 564 007d 48000000 		.4byte	0x48
 565 0081 02       		.uleb128 0x2
 566 0082 04       		.byte	0x4
 567 0083 04       		.byte	0x4
 568 0084 C3000000 		.4byte	.LASF11
 569 0088 02       		.uleb128 0x2
 570 0089 08       		.byte	0x8
 571 008a 04       		.byte	0x4
 572 008b CC010000 		.4byte	.LASF12
ARM GAS  C:\Users\JFDuval\AppData\Local\Temp\cch0JivJ.s 			page 18


 573 008f 02       		.uleb128 0x2
 574 0090 01       		.byte	0x1
 575 0091 08       		.byte	0x8
 576 0092 2A020000 		.4byte	.LASF13
 577 0096 05       		.uleb128 0x5
 578 0097 1B000000 		.4byte	.LASF14
 579 009b 02       		.byte	0x2
 580 009c 4D01     		.2byte	0x14d
 581 009e A2000000 		.4byte	0xa2
 582 00a2 06       		.uleb128 0x6
 583 00a3 76000000 		.4byte	0x76
 584 00a7 05       		.uleb128 0x5
 585 00a8 06020000 		.4byte	.LASF15
 586 00ac 02       		.byte	0x2
 587 00ad 5D01     		.2byte	0x15d
 588 00af B3000000 		.4byte	0xb3
 589 00b3 07       		.uleb128 0x7
 590 00b4 04       		.byte	0x4
 591 00b5 B9000000 		.4byte	0xb9
 592 00b9 08       		.uleb128 0x8
 593 00ba 02       		.uleb128 0x2
 594 00bb 04       		.byte	0x4
 595 00bc 07       		.byte	0x7
 596 00bd 13020000 		.4byte	.LASF16
 597 00c1 09       		.uleb128 0x9
 598 00c2 8F000000 		.4byte	.LASF17
 599 00c6 01       		.byte	0x1
 600 00c7 37       		.byte	0x37
 601 00c8 00000000 		.4byte	.LFB2
 602 00cc 24000000 		.4byte	.LFE2-.LFB2
 603 00d0 01       		.uleb128 0x1
 604 00d1 9C       		.byte	0x9c
 605 00d2 0A       		.uleb128 0xa
 606 00d3 E1020000 		.4byte	.LASF20
 607 00d7 01       		.byte	0x1
 608 00d8 62       		.byte	0x62
 609 00d9 00000000 		.4byte	.LFB3
 610 00dd 24000000 		.4byte	.LFE3-.LFB3
 611 00e1 01       		.uleb128 0x1
 612 00e2 9C       		.byte	0x9c
 613 00e3 F6000000 		.4byte	0xf6
 614 00e7 0B       		.uleb128 0xb
 615 00e8 E7010000 		.4byte	.LASF22
 616 00ec 01       		.byte	0x1
 617 00ed 62       		.byte	0x62
 618 00ee A7000000 		.4byte	0xa7
 619 00f2 02       		.uleb128 0x2
 620 00f3 91       		.byte	0x91
 621 00f4 74       		.sleb128 -12
 622 00f5 00       		.byte	0
 623 00f6 09       		.uleb128 0x9
 624 00f7 78000000 		.4byte	.LASF18
 625 00fb 01       		.byte	0x1
 626 00fc 80       		.byte	0x80
 627 00fd 00000000 		.4byte	.LFB4
 628 0101 18000000 		.4byte	.LFE4-.LFB4
 629 0105 01       		.uleb128 0x1
ARM GAS  C:\Users\JFDuval\AppData\Local\Temp\cch0JivJ.s 			page 19


 630 0106 9C       		.byte	0x9c
 631 0107 0C       		.uleb128 0xc
 632 0108 8F020000 		.4byte	.LASF19
 633 010c 01       		.byte	0x1
 634 010d 9E       		.byte	0x9e
 635 010e 00000000 		.4byte	.LFB5
 636 0112 08000000 		.4byte	.LFE5-.LFB5
 637 0116 01       		.uleb128 0x1
 638 0117 9C       		.byte	0x9c
 639 0118 0D       		.uleb128 0xd
 640 0119 A1010000 		.4byte	.LASF21
 641 011d 01       		.byte	0x1
 642 011e C2       		.byte	0xc2
 643 011f 00000000 		.4byte	.LFB6
 644 0123 18000000 		.4byte	.LFE6-.LFB6
 645 0127 01       		.uleb128 0x1
 646 0128 9C       		.byte	0x9c
 647 0129 3C010000 		.4byte	0x13c
 648 012d 0B       		.uleb128 0xb
 649 012e E7010000 		.4byte	.LASF22
 650 0132 01       		.byte	0x1
 651 0133 C2       		.byte	0xc2
 652 0134 A7000000 		.4byte	0xa7
 653 0138 02       		.uleb128 0x2
 654 0139 91       		.byte	0x91
 655 013a 74       		.sleb128 -12
 656 013b 00       		.byte	0
 657 013c 0E       		.uleb128 0xe
 658 013d A7000000 		.4byte	.LASF28
 659 0141 01       		.byte	0x1
 660 0142 D6       		.byte	0xd6
 661 0143 A7000000 		.4byte	0xa7
 662 0147 00000000 		.4byte	.LFB7
 663 014b 14000000 		.4byte	.LFE7-.LFB7
 664 014f 01       		.uleb128 0x1
 665 0150 9C       		.byte	0x9c
 666 0151 0A       		.uleb128 0xa
 667 0152 3F030000 		.4byte	.LASF23
 668 0156 01       		.byte	0x1
 669 0157 F4       		.byte	0xf4
 670 0158 00000000 		.4byte	.LFB8
 671 015c 4C000000 		.4byte	.LFE8-.LFB8
 672 0160 01       		.uleb128 0x1
 673 0161 9C       		.byte	0x9c
 674 0162 91010000 		.4byte	0x191
 675 0166 0B       		.uleb128 0xb
 676 0167 C3010000 		.4byte	.LASF24
 677 016b 01       		.byte	0x1
 678 016c F4       		.byte	0xf4
 679 016d 6B000000 		.4byte	0x6b
 680 0171 02       		.uleb128 0x2
 681 0172 91       		.byte	0x91
 682 0173 67       		.sleb128 -25
 683 0174 0F       		.uleb128 0xf
 684 0175 80010000 		.4byte	.LASF25
 685 0179 01       		.byte	0x1
 686 017a F6       		.byte	0xf6
ARM GAS  C:\Users\JFDuval\AppData\Local\Temp\cch0JivJ.s 			page 20


 687 017b 6B000000 		.4byte	0x6b
 688 017f 02       		.uleb128 0x2
 689 0180 91       		.byte	0x91
 690 0181 6B       		.sleb128 -21
 691 0182 0F       		.uleb128 0xf
 692 0183 AB020000 		.4byte	.LASF26
 693 0187 01       		.byte	0x1
 694 0188 F7       		.byte	0xf7
 695 0189 76000000 		.4byte	0x76
 696 018d 02       		.uleb128 0x2
 697 018e 91       		.byte	0x91
 698 018f 6C       		.sleb128 -20
 699 0190 00       		.byte	0
 700 0191 10       		.uleb128 0x10
 701 0192 C3020000 		.4byte	.LASF36
 702 0196 01       		.byte	0x1
 703 0197 1001     		.2byte	0x110
 704 0199 6B000000 		.4byte	0x6b
 705 019d 00000000 		.4byte	.LFB9
 706 01a1 2C000000 		.4byte	.LFE9-.LFB9
 707 01a5 01       		.uleb128 0x1
 708 01a6 9C       		.byte	0x9c
 709 01a7 CA010000 		.4byte	0x1ca
 710 01ab 11       		.uleb128 0x11
 711 01ac C3010000 		.4byte	.LASF24
 712 01b0 01       		.byte	0x1
 713 01b1 1201     		.2byte	0x112
 714 01b3 76000000 		.4byte	0x76
 715 01b7 02       		.uleb128 0x2
 716 01b8 91       		.byte	0x91
 717 01b9 70       		.sleb128 -16
 718 01ba 11       		.uleb128 0x11
 719 01bb AB020000 		.4byte	.LASF26
 720 01bf 01       		.byte	0x1
 721 01c0 1301     		.2byte	0x113
 722 01c2 76000000 		.4byte	0x76
 723 01c6 02       		.uleb128 0x2
 724 01c7 91       		.byte	0x91
 725 01c8 74       		.sleb128 -12
 726 01c9 00       		.byte	0
 727 01ca 12       		.uleb128 0x12
 728 01cb FB020000 		.4byte	.LASF27
 729 01cf 01       		.byte	0x1
 730 01d0 2B01     		.2byte	0x12b
 731 01d2 00000000 		.4byte	.LFB10
 732 01d6 14000000 		.4byte	.LFE10-.LFB10
 733 01da 01       		.uleb128 0x1
 734 01db 9C       		.byte	0x9c
 735 01dc 13       		.uleb128 0x13
 736 01dd 00000000 		.4byte	.LASF29
 737 01e1 01       		.byte	0x1
 738 01e2 4001     		.2byte	0x140
 739 01e4 6B000000 		.4byte	0x6b
 740 01e8 00000000 		.4byte	.LFB11
 741 01ec 20000000 		.4byte	.LFE11-.LFB11
 742 01f0 01       		.uleb128 0x1
 743 01f1 9C       		.byte	0x9c
ARM GAS  C:\Users\JFDuval\AppData\Local\Temp\cch0JivJ.s 			page 21


 744 01f2 12       		.uleb128 0x12
 745 01f3 21000000 		.4byte	.LASF30
 746 01f7 01       		.byte	0x1
 747 01f8 5501     		.2byte	0x155
 748 01fa 00000000 		.4byte	.LFB12
 749 01fe 14000000 		.4byte	.LFE12-.LFB12
 750 0202 01       		.uleb128 0x1
 751 0203 9C       		.byte	0x9c
 752 0204 12       		.uleb128 0x12
 753 0205 5B000000 		.4byte	.LASF31
 754 0209 01       		.byte	0x1
 755 020a 7001     		.2byte	0x170
 756 020c 00000000 		.4byte	.LFB13
 757 0210 14000000 		.4byte	.LFE13-.LFB13
 758 0214 01       		.uleb128 0x1
 759 0215 9C       		.byte	0x9c
 760 0216 12       		.uleb128 0x12
 761 0217 14030000 		.4byte	.LASF32
 762 021b 01       		.byte	0x1
 763 021c 8901     		.2byte	0x189
 764 021e 00000000 		.4byte	.LFB14
 765 0222 14000000 		.4byte	.LFE14-.LFB14
 766 0226 01       		.uleb128 0x1
 767 0227 9C       		.byte	0x9c
 768 0228 14       		.uleb128 0x14
 769 0229 A7000000 		.4byte	0xa7
 770 022d 38020000 		.4byte	0x238
 771 0231 15       		.uleb128 0x15
 772 0232 BA000000 		.4byte	0xba
 773 0236 2F       		.byte	0x2f
 774 0237 00       		.byte	0
 775 0238 16       		.uleb128 0x16
 776 0239 3B000000 		.4byte	.LASF37
 777 023d 01       		.byte	0x1
 778 023e 20       		.byte	0x20
 779 023f 28020000 		.4byte	0x228
 780 0243 00       		.byte	0
 781              		.section	.debug_abbrev,"",%progbits
 782              	.Ldebug_abbrev0:
 783 0000 01       		.uleb128 0x1
 784 0001 11       		.uleb128 0x11
 785 0002 01       		.byte	0x1
 786 0003 25       		.uleb128 0x25
 787 0004 0E       		.uleb128 0xe
 788 0005 13       		.uleb128 0x13
 789 0006 0B       		.uleb128 0xb
 790 0007 03       		.uleb128 0x3
 791 0008 0E       		.uleb128 0xe
 792 0009 1B       		.uleb128 0x1b
 793 000a 0E       		.uleb128 0xe
 794 000b 55       		.uleb128 0x55
 795 000c 17       		.uleb128 0x17
 796 000d 11       		.uleb128 0x11
 797 000e 01       		.uleb128 0x1
 798 000f 10       		.uleb128 0x10
 799 0010 17       		.uleb128 0x17
 800 0011 00       		.byte	0
ARM GAS  C:\Users\JFDuval\AppData\Local\Temp\cch0JivJ.s 			page 22


 801 0012 00       		.byte	0
 802 0013 02       		.uleb128 0x2
 803 0014 24       		.uleb128 0x24
 804 0015 00       		.byte	0
 805 0016 0B       		.uleb128 0xb
 806 0017 0B       		.uleb128 0xb
 807 0018 3E       		.uleb128 0x3e
 808 0019 0B       		.uleb128 0xb
 809 001a 03       		.uleb128 0x3
 810 001b 0E       		.uleb128 0xe
 811 001c 00       		.byte	0
 812 001d 00       		.byte	0
 813 001e 03       		.uleb128 0x3
 814 001f 24       		.uleb128 0x24
 815 0020 00       		.byte	0
 816 0021 0B       		.uleb128 0xb
 817 0022 0B       		.uleb128 0xb
 818 0023 3E       		.uleb128 0x3e
 819 0024 0B       		.uleb128 0xb
 820 0025 03       		.uleb128 0x3
 821 0026 08       		.uleb128 0x8
 822 0027 00       		.byte	0
 823 0028 00       		.byte	0
 824 0029 04       		.uleb128 0x4
 825 002a 16       		.uleb128 0x16
 826 002b 00       		.byte	0
 827 002c 03       		.uleb128 0x3
 828 002d 0E       		.uleb128 0xe
 829 002e 3A       		.uleb128 0x3a
 830 002f 0B       		.uleb128 0xb
 831 0030 3B       		.uleb128 0x3b
 832 0031 0B       		.uleb128 0xb
 833 0032 49       		.uleb128 0x49
 834 0033 13       		.uleb128 0x13
 835 0034 00       		.byte	0
 836 0035 00       		.byte	0
 837 0036 05       		.uleb128 0x5
 838 0037 16       		.uleb128 0x16
 839 0038 00       		.byte	0
 840 0039 03       		.uleb128 0x3
 841 003a 0E       		.uleb128 0xe
 842 003b 3A       		.uleb128 0x3a
 843 003c 0B       		.uleb128 0xb
 844 003d 3B       		.uleb128 0x3b
 845 003e 05       		.uleb128 0x5
 846 003f 49       		.uleb128 0x49
 847 0040 13       		.uleb128 0x13
 848 0041 00       		.byte	0
 849 0042 00       		.byte	0
 850 0043 06       		.uleb128 0x6
 851 0044 35       		.uleb128 0x35
 852 0045 00       		.byte	0
 853 0046 49       		.uleb128 0x49
 854 0047 13       		.uleb128 0x13
 855 0048 00       		.byte	0
 856 0049 00       		.byte	0
 857 004a 07       		.uleb128 0x7
ARM GAS  C:\Users\JFDuval\AppData\Local\Temp\cch0JivJ.s 			page 23


 858 004b 0F       		.uleb128 0xf
 859 004c 00       		.byte	0
 860 004d 0B       		.uleb128 0xb
 861 004e 0B       		.uleb128 0xb
 862 004f 49       		.uleb128 0x49
 863 0050 13       		.uleb128 0x13
 864 0051 00       		.byte	0
 865 0052 00       		.byte	0
 866 0053 08       		.uleb128 0x8
 867 0054 15       		.uleb128 0x15
 868 0055 00       		.byte	0
 869 0056 27       		.uleb128 0x27
 870 0057 19       		.uleb128 0x19
 871 0058 00       		.byte	0
 872 0059 00       		.byte	0
 873 005a 09       		.uleb128 0x9
 874 005b 2E       		.uleb128 0x2e
 875 005c 00       		.byte	0
 876 005d 3F       		.uleb128 0x3f
 877 005e 19       		.uleb128 0x19
 878 005f 03       		.uleb128 0x3
 879 0060 0E       		.uleb128 0xe
 880 0061 3A       		.uleb128 0x3a
 881 0062 0B       		.uleb128 0xb
 882 0063 3B       		.uleb128 0x3b
 883 0064 0B       		.uleb128 0xb
 884 0065 27       		.uleb128 0x27
 885 0066 19       		.uleb128 0x19
 886 0067 11       		.uleb128 0x11
 887 0068 01       		.uleb128 0x1
 888 0069 12       		.uleb128 0x12
 889 006a 06       		.uleb128 0x6
 890 006b 40       		.uleb128 0x40
 891 006c 18       		.uleb128 0x18
 892 006d 9642     		.uleb128 0x2116
 893 006f 19       		.uleb128 0x19
 894 0070 00       		.byte	0
 895 0071 00       		.byte	0
 896 0072 0A       		.uleb128 0xa
 897 0073 2E       		.uleb128 0x2e
 898 0074 01       		.byte	0x1
 899 0075 3F       		.uleb128 0x3f
 900 0076 19       		.uleb128 0x19
 901 0077 03       		.uleb128 0x3
 902 0078 0E       		.uleb128 0xe
 903 0079 3A       		.uleb128 0x3a
 904 007a 0B       		.uleb128 0xb
 905 007b 3B       		.uleb128 0x3b
 906 007c 0B       		.uleb128 0xb
 907 007d 27       		.uleb128 0x27
 908 007e 19       		.uleb128 0x19
 909 007f 11       		.uleb128 0x11
 910 0080 01       		.uleb128 0x1
 911 0081 12       		.uleb128 0x12
 912 0082 06       		.uleb128 0x6
 913 0083 40       		.uleb128 0x40
 914 0084 18       		.uleb128 0x18
ARM GAS  C:\Users\JFDuval\AppData\Local\Temp\cch0JivJ.s 			page 24


 915 0085 9642     		.uleb128 0x2116
 916 0087 19       		.uleb128 0x19
 917 0088 01       		.uleb128 0x1
 918 0089 13       		.uleb128 0x13
 919 008a 00       		.byte	0
 920 008b 00       		.byte	0
 921 008c 0B       		.uleb128 0xb
 922 008d 05       		.uleb128 0x5
 923 008e 00       		.byte	0
 924 008f 03       		.uleb128 0x3
 925 0090 0E       		.uleb128 0xe
 926 0091 3A       		.uleb128 0x3a
 927 0092 0B       		.uleb128 0xb
 928 0093 3B       		.uleb128 0x3b
 929 0094 0B       		.uleb128 0xb
 930 0095 49       		.uleb128 0x49
 931 0096 13       		.uleb128 0x13
 932 0097 02       		.uleb128 0x2
 933 0098 18       		.uleb128 0x18
 934 0099 00       		.byte	0
 935 009a 00       		.byte	0
 936 009b 0C       		.uleb128 0xc
 937 009c 2E       		.uleb128 0x2e
 938 009d 00       		.byte	0
 939 009e 3F       		.uleb128 0x3f
 940 009f 19       		.uleb128 0x19
 941 00a0 03       		.uleb128 0x3
 942 00a1 0E       		.uleb128 0xe
 943 00a2 3A       		.uleb128 0x3a
 944 00a3 0B       		.uleb128 0xb
 945 00a4 3B       		.uleb128 0x3b
 946 00a5 0B       		.uleb128 0xb
 947 00a6 27       		.uleb128 0x27
 948 00a7 19       		.uleb128 0x19
 949 00a8 11       		.uleb128 0x11
 950 00a9 01       		.uleb128 0x1
 951 00aa 12       		.uleb128 0x12
 952 00ab 06       		.uleb128 0x6
 953 00ac 40       		.uleb128 0x40
 954 00ad 18       		.uleb128 0x18
 955 00ae 9742     		.uleb128 0x2117
 956 00b0 19       		.uleb128 0x19
 957 00b1 00       		.byte	0
 958 00b2 00       		.byte	0
 959 00b3 0D       		.uleb128 0xd
 960 00b4 2E       		.uleb128 0x2e
 961 00b5 01       		.byte	0x1
 962 00b6 3F       		.uleb128 0x3f
 963 00b7 19       		.uleb128 0x19
 964 00b8 03       		.uleb128 0x3
 965 00b9 0E       		.uleb128 0xe
 966 00ba 3A       		.uleb128 0x3a
 967 00bb 0B       		.uleb128 0xb
 968 00bc 3B       		.uleb128 0x3b
 969 00bd 0B       		.uleb128 0xb
 970 00be 27       		.uleb128 0x27
 971 00bf 19       		.uleb128 0x19
ARM GAS  C:\Users\JFDuval\AppData\Local\Temp\cch0JivJ.s 			page 25


 972 00c0 11       		.uleb128 0x11
 973 00c1 01       		.uleb128 0x1
 974 00c2 12       		.uleb128 0x12
 975 00c3 06       		.uleb128 0x6
 976 00c4 40       		.uleb128 0x40
 977 00c5 18       		.uleb128 0x18
 978 00c6 9742     		.uleb128 0x2117
 979 00c8 19       		.uleb128 0x19
 980 00c9 01       		.uleb128 0x1
 981 00ca 13       		.uleb128 0x13
 982 00cb 00       		.byte	0
 983 00cc 00       		.byte	0
 984 00cd 0E       		.uleb128 0xe
 985 00ce 2E       		.uleb128 0x2e
 986 00cf 00       		.byte	0
 987 00d0 3F       		.uleb128 0x3f
 988 00d1 19       		.uleb128 0x19
 989 00d2 03       		.uleb128 0x3
 990 00d3 0E       		.uleb128 0xe
 991 00d4 3A       		.uleb128 0x3a
 992 00d5 0B       		.uleb128 0xb
 993 00d6 3B       		.uleb128 0x3b
 994 00d7 0B       		.uleb128 0xb
 995 00d8 27       		.uleb128 0x27
 996 00d9 19       		.uleb128 0x19
 997 00da 49       		.uleb128 0x49
 998 00db 13       		.uleb128 0x13
 999 00dc 11       		.uleb128 0x11
 1000 00dd 01       		.uleb128 0x1
 1001 00de 12       		.uleb128 0x12
 1002 00df 06       		.uleb128 0x6
 1003 00e0 40       		.uleb128 0x40
 1004 00e1 18       		.uleb128 0x18
 1005 00e2 9742     		.uleb128 0x2117
 1006 00e4 19       		.uleb128 0x19
 1007 00e5 00       		.byte	0
 1008 00e6 00       		.byte	0
 1009 00e7 0F       		.uleb128 0xf
 1010 00e8 34       		.uleb128 0x34
 1011 00e9 00       		.byte	0
 1012 00ea 03       		.uleb128 0x3
 1013 00eb 0E       		.uleb128 0xe
 1014 00ec 3A       		.uleb128 0x3a
 1015 00ed 0B       		.uleb128 0xb
 1016 00ee 3B       		.uleb128 0x3b
 1017 00ef 0B       		.uleb128 0xb
 1018 00f0 49       		.uleb128 0x49
 1019 00f1 13       		.uleb128 0x13
 1020 00f2 02       		.uleb128 0x2
 1021 00f3 18       		.uleb128 0x18
 1022 00f4 00       		.byte	0
 1023 00f5 00       		.byte	0
 1024 00f6 10       		.uleb128 0x10
 1025 00f7 2E       		.uleb128 0x2e
 1026 00f8 01       		.byte	0x1
 1027 00f9 3F       		.uleb128 0x3f
 1028 00fa 19       		.uleb128 0x19
ARM GAS  C:\Users\JFDuval\AppData\Local\Temp\cch0JivJ.s 			page 26


 1029 00fb 03       		.uleb128 0x3
 1030 00fc 0E       		.uleb128 0xe
 1031 00fd 3A       		.uleb128 0x3a
 1032 00fe 0B       		.uleb128 0xb
 1033 00ff 3B       		.uleb128 0x3b
 1034 0100 05       		.uleb128 0x5
 1035 0101 27       		.uleb128 0x27
 1036 0102 19       		.uleb128 0x19
 1037 0103 49       		.uleb128 0x49
 1038 0104 13       		.uleb128 0x13
 1039 0105 11       		.uleb128 0x11
 1040 0106 01       		.uleb128 0x1
 1041 0107 12       		.uleb128 0x12
 1042 0108 06       		.uleb128 0x6
 1043 0109 40       		.uleb128 0x40
 1044 010a 18       		.uleb128 0x18
 1045 010b 9742     		.uleb128 0x2117
 1046 010d 19       		.uleb128 0x19
 1047 010e 01       		.uleb128 0x1
 1048 010f 13       		.uleb128 0x13
 1049 0110 00       		.byte	0
 1050 0111 00       		.byte	0
 1051 0112 11       		.uleb128 0x11
 1052 0113 34       		.uleb128 0x34
 1053 0114 00       		.byte	0
 1054 0115 03       		.uleb128 0x3
 1055 0116 0E       		.uleb128 0xe
 1056 0117 3A       		.uleb128 0x3a
 1057 0118 0B       		.uleb128 0xb
 1058 0119 3B       		.uleb128 0x3b
 1059 011a 05       		.uleb128 0x5
 1060 011b 49       		.uleb128 0x49
 1061 011c 13       		.uleb128 0x13
 1062 011d 02       		.uleb128 0x2
 1063 011e 18       		.uleb128 0x18
 1064 011f 00       		.byte	0
 1065 0120 00       		.byte	0
 1066 0121 12       		.uleb128 0x12
 1067 0122 2E       		.uleb128 0x2e
 1068 0123 00       		.byte	0
 1069 0124 3F       		.uleb128 0x3f
 1070 0125 19       		.uleb128 0x19
 1071 0126 03       		.uleb128 0x3
 1072 0127 0E       		.uleb128 0xe
 1073 0128 3A       		.uleb128 0x3a
 1074 0129 0B       		.uleb128 0xb
 1075 012a 3B       		.uleb128 0x3b
 1076 012b 05       		.uleb128 0x5
 1077 012c 27       		.uleb128 0x27
 1078 012d 19       		.uleb128 0x19
 1079 012e 11       		.uleb128 0x11
 1080 012f 01       		.uleb128 0x1
 1081 0130 12       		.uleb128 0x12
 1082 0131 06       		.uleb128 0x6
 1083 0132 40       		.uleb128 0x40
 1084 0133 18       		.uleb128 0x18
 1085 0134 9742     		.uleb128 0x2117
ARM GAS  C:\Users\JFDuval\AppData\Local\Temp\cch0JivJ.s 			page 27


 1086 0136 19       		.uleb128 0x19
 1087 0137 00       		.byte	0
 1088 0138 00       		.byte	0
 1089 0139 13       		.uleb128 0x13
 1090 013a 2E       		.uleb128 0x2e
 1091 013b 00       		.byte	0
 1092 013c 3F       		.uleb128 0x3f
 1093 013d 19       		.uleb128 0x19
 1094 013e 03       		.uleb128 0x3
 1095 013f 0E       		.uleb128 0xe
 1096 0140 3A       		.uleb128 0x3a
 1097 0141 0B       		.uleb128 0xb
 1098 0142 3B       		.uleb128 0x3b
 1099 0143 05       		.uleb128 0x5
 1100 0144 27       		.uleb128 0x27
 1101 0145 19       		.uleb128 0x19
 1102 0146 49       		.uleb128 0x49
 1103 0147 13       		.uleb128 0x13
 1104 0148 11       		.uleb128 0x11
 1105 0149 01       		.uleb128 0x1
 1106 014a 12       		.uleb128 0x12
 1107 014b 06       		.uleb128 0x6
 1108 014c 40       		.uleb128 0x40
 1109 014d 18       		.uleb128 0x18
 1110 014e 9742     		.uleb128 0x2117
 1111 0150 19       		.uleb128 0x19
 1112 0151 00       		.byte	0
 1113 0152 00       		.byte	0
 1114 0153 14       		.uleb128 0x14
 1115 0154 01       		.uleb128 0x1
 1116 0155 01       		.byte	0x1
 1117 0156 49       		.uleb128 0x49
 1118 0157 13       		.uleb128 0x13
 1119 0158 01       		.uleb128 0x1
 1120 0159 13       		.uleb128 0x13
 1121 015a 00       		.byte	0
 1122 015b 00       		.byte	0
 1123 015c 15       		.uleb128 0x15
 1124 015d 21       		.uleb128 0x21
 1125 015e 00       		.byte	0
 1126 015f 49       		.uleb128 0x49
 1127 0160 13       		.uleb128 0x13
 1128 0161 2F       		.uleb128 0x2f
 1129 0162 0B       		.uleb128 0xb
 1130 0163 00       		.byte	0
 1131 0164 00       		.byte	0
 1132 0165 16       		.uleb128 0x16
 1133 0166 34       		.uleb128 0x34
 1134 0167 00       		.byte	0
 1135 0168 03       		.uleb128 0x3
 1136 0169 0E       		.uleb128 0xe
 1137 016a 3A       		.uleb128 0x3a
 1138 016b 0B       		.uleb128 0xb
 1139 016c 3B       		.uleb128 0x3b
 1140 016d 0B       		.uleb128 0xb
 1141 016e 49       		.uleb128 0x49
 1142 016f 13       		.uleb128 0x13
ARM GAS  C:\Users\JFDuval\AppData\Local\Temp\cch0JivJ.s 			page 28


 1143 0170 3F       		.uleb128 0x3f
 1144 0171 19       		.uleb128 0x19
 1145 0172 3C       		.uleb128 0x3c
 1146 0173 19       		.uleb128 0x19
 1147 0174 00       		.byte	0
 1148 0175 00       		.byte	0
 1149 0176 00       		.byte	0
 1150              		.section	.debug_aranges,"",%progbits
 1151 0000 7C000000 		.4byte	0x7c
 1152 0004 0200     		.2byte	0x2
 1153 0006 00000000 		.4byte	.Ldebug_info0
 1154 000a 04       		.byte	0x4
 1155 000b 00       		.byte	0
 1156 000c 0000     		.2byte	0
 1157 000e 0000     		.2byte	0
 1158 0010 00000000 		.4byte	.LFB2
 1159 0014 24000000 		.4byte	.LFE2-.LFB2
 1160 0018 00000000 		.4byte	.LFB3
 1161 001c 24000000 		.4byte	.LFE3-.LFB3
 1162 0020 00000000 		.4byte	.LFB4
 1163 0024 18000000 		.4byte	.LFE4-.LFB4
 1164 0028 00000000 		.4byte	.LFB5
 1165 002c 08000000 		.4byte	.LFE5-.LFB5
 1166 0030 00000000 		.4byte	.LFB6
 1167 0034 18000000 		.4byte	.LFE6-.LFB6
 1168 0038 00000000 		.4byte	.LFB7
 1169 003c 14000000 		.4byte	.LFE7-.LFB7
 1170 0040 00000000 		.4byte	.LFB8
 1171 0044 4C000000 		.4byte	.LFE8-.LFB8
 1172 0048 00000000 		.4byte	.LFB9
 1173 004c 2C000000 		.4byte	.LFE9-.LFB9
 1174 0050 00000000 		.4byte	.LFB10
 1175 0054 14000000 		.4byte	.LFE10-.LFB10
 1176 0058 00000000 		.4byte	.LFB11
 1177 005c 20000000 		.4byte	.LFE11-.LFB11
 1178 0060 00000000 		.4byte	.LFB12
 1179 0064 14000000 		.4byte	.LFE12-.LFB12
 1180 0068 00000000 		.4byte	.LFB13
 1181 006c 14000000 		.4byte	.LFE13-.LFB13
 1182 0070 00000000 		.4byte	.LFB14
 1183 0074 14000000 		.4byte	.LFE14-.LFB14
 1184 0078 00000000 		.4byte	0
 1185 007c 00000000 		.4byte	0
 1186              		.section	.debug_ranges,"",%progbits
 1187              	.Ldebug_ranges0:
 1188 0000 00000000 		.4byte	.LFB2
 1189 0004 24000000 		.4byte	.LFE2
 1190 0008 00000000 		.4byte	.LFB3
 1191 000c 24000000 		.4byte	.LFE3
 1192 0010 00000000 		.4byte	.LFB4
 1193 0014 18000000 		.4byte	.LFE4
 1194 0018 00000000 		.4byte	.LFB5
 1195 001c 08000000 		.4byte	.LFE5
 1196 0020 00000000 		.4byte	.LFB6
 1197 0024 18000000 		.4byte	.LFE6
 1198 0028 00000000 		.4byte	.LFB7
 1199 002c 14000000 		.4byte	.LFE7
ARM GAS  C:\Users\JFDuval\AppData\Local\Temp\cch0JivJ.s 			page 29


 1200 0030 00000000 		.4byte	.LFB8
 1201 0034 4C000000 		.4byte	.LFE8
 1202 0038 00000000 		.4byte	.LFB9
 1203 003c 2C000000 		.4byte	.LFE9
 1204 0040 00000000 		.4byte	.LFB10
 1205 0044 14000000 		.4byte	.LFE10
 1206 0048 00000000 		.4byte	.LFB11
 1207 004c 20000000 		.4byte	.LFE11
 1208 0050 00000000 		.4byte	.LFB12
 1209 0054 14000000 		.4byte	.LFE12
 1210 0058 00000000 		.4byte	.LFB13
 1211 005c 14000000 		.4byte	.LFE13
 1212 0060 00000000 		.4byte	.LFB14
 1213 0064 14000000 		.4byte	.LFE14
 1214 0068 00000000 		.4byte	0
 1215 006c 00000000 		.4byte	0
 1216              		.section	.debug_line,"",%progbits
 1217              	.Ldebug_line0:
 1218 0000 5C010000 		.section	.debug_str,"MS",%progbits,1
 1218      02005000 
 1218      00000201 
 1218      FB0E0D00 
 1218      01010101 
 1219              	.LASF29:
 1220 0000 4144435F 		.ascii	"ADC_SAR_Seq_1_IRQ_GetState\000"
 1220      5341525F 
 1220      5365715F 
 1220      315F4952 
 1220      515F4765 
 1221              	.LASF14:
 1222 001b 72656733 		.ascii	"reg32\000"
 1222      3200
 1223              	.LASF30:
 1224 0021 4144435F 		.ascii	"ADC_SAR_Seq_1_IRQ_Disable\000"
 1224      5341525F 
 1224      5365715F 
 1224      315F4952 
 1224      515F4469 
 1225              	.LASF37:
 1226 003b 43795261 		.ascii	"CyRamVectors\000"
 1226      6D566563 
 1226      746F7273 
 1226      00
 1227              	.LASF3:
 1228 0048 73686F72 		.ascii	"short unsigned int\000"
 1228      7420756E 
 1228      7369676E 
 1228      65642069 
 1228      6E7400
 1229              	.LASF31:
 1230 005b 4144435F 		.ascii	"ADC_SAR_Seq_1_IRQ_SetPending\000"
 1230      5341525F 
 1230      5365715F 
 1230      315F4952 
 1230      515F5365 
 1231              	.LASF18:
 1232 0078 4144435F 		.ascii	"ADC_SAR_Seq_1_IRQ_Stop\000"
ARM GAS  C:\Users\JFDuval\AppData\Local\Temp\cch0JivJ.s 			page 30


 1232      5341525F 
 1232      5365715F 
 1232      315F4952 
 1232      515F5374 
 1233              	.LASF17:
 1234 008f 4144435F 		.ascii	"ADC_SAR_Seq_1_IRQ_Start\000"
 1234      5341525F 
 1234      5365715F 
 1234      315F4952 
 1234      515F5374 
 1235              	.LASF28:
 1236 00a7 4144435F 		.ascii	"ADC_SAR_Seq_1_IRQ_GetVector\000"
 1236      5341525F 
 1236      5365715F 
 1236      315F4952 
 1236      515F4765 
 1237              	.LASF11:
 1238 00c3 666C6F61 		.ascii	"float\000"
 1238      7400
 1239              	.LASF33:
 1240 00c9 474E5520 		.ascii	"GNU C 4.8.4 20140526 (release) [ARM/embedded-4_8-br"
 1240      4320342E 
 1240      382E3420 
 1240      32303134 
 1240      30353236 
 1241 00fc 616E6368 		.ascii	"anch revision 211358] -mcpu=cortex-m0 -mthumb -g -O"
 1241      20726576 
 1241      6973696F 
 1241      6E203231 
 1241      31333538 
 1242 012f 30202D66 		.ascii	"0 -ffunction-sections\000"
 1242      66756E63 
 1242      74696F6E 
 1242      2D736563 
 1242      74696F6E 
 1243              	.LASF1:
 1244 0145 756E7369 		.ascii	"unsigned char\000"
 1244      676E6564 
 1244      20636861 
 1244      7200
 1245              	.LASF34:
 1246 0153 2E5C4765 		.ascii	".\\Generated_Source\\PSoC4\\ADC_SAR_Seq_1_IRQ.c\000"
 1246      6E657261 
 1246      7465645F 
 1246      536F7572 
 1246      63655C50 
 1247              	.LASF25:
 1248 0180 696E7465 		.ascii	"interruptState\000"
 1248      72727570 
 1248      74537461 
 1248      746500
 1249              	.LASF5:
 1250 018f 6C6F6E67 		.ascii	"long unsigned int\000"
 1250      20756E73 
 1250      69676E65 
 1250      6420696E 
 1250      7400
ARM GAS  C:\Users\JFDuval\AppData\Local\Temp\cch0JivJ.s 			page 31


 1251              	.LASF21:
 1252 01a1 4144435F 		.ascii	"ADC_SAR_Seq_1_IRQ_SetVector\000"
 1252      5341525F 
 1252      5365715F 
 1252      315F4952 
 1252      515F5365 
 1253              	.LASF9:
 1254 01bd 75696E74 		.ascii	"uint8\000"
 1254      3800
 1255              	.LASF24:
 1256 01c3 7072696F 		.ascii	"priority\000"
 1256      72697479 
 1256      00
 1257              	.LASF12:
 1258 01cc 646F7562 		.ascii	"double\000"
 1258      6C6500
 1259              	.LASF10:
 1260 01d3 75696E74 		.ascii	"uint32\000"
 1260      333200
 1261              	.LASF8:
 1262 01da 756E7369 		.ascii	"unsigned int\000"
 1262      676E6564 
 1262      20696E74 
 1262      00
 1263              	.LASF22:
 1264 01e7 61646472 		.ascii	"address\000"
 1264      65737300 
 1265              	.LASF7:
 1266 01ef 6C6F6E67 		.ascii	"long long unsigned int\000"
 1266      206C6F6E 
 1266      6720756E 
 1266      7369676E 
 1266      65642069 
 1267              	.LASF15:
 1268 0206 63796973 		.ascii	"cyisraddress\000"
 1268      72616464 
 1268      72657373 
 1268      00
 1269              	.LASF16:
 1270 0213 73697A65 		.ascii	"sizetype\000"
 1270      74797065 
 1270      00
 1271              	.LASF6:
 1272 021c 6C6F6E67 		.ascii	"long long int\000"
 1272      206C6F6E 
 1272      6720696E 
 1272      7400
 1273              	.LASF13:
 1274 022a 63686172 		.ascii	"char\000"
 1274      00
 1275              	.LASF35:
 1276 022f 433A5C55 		.ascii	"C:\\Users\\JFDuval\\Desktop\\Work_Folder\\Biomech-E"
 1276      73657273 
 1276      5C4A4644 
 1276      7576616C 
 1276      5C446573 
 1277 025d 452D5356 		.ascii	"E-SVN2\\Code\\flexsea_1_0\\batt\\Batt.cydsn\000"
ARM GAS  C:\Users\JFDuval\AppData\Local\Temp\cch0JivJ.s 			page 32


 1277      4E325C43 
 1277      6F64655C 
 1277      666C6578 
 1277      7365615F 
 1278              	.LASF2:
 1279 0285 73686F72 		.ascii	"short int\000"
 1279      7420696E 
 1279      7400
 1280              	.LASF19:
 1281 028f 4144435F 		.ascii	"ADC_SAR_Seq_1_IRQ_Interrupt\000"
 1281      5341525F 
 1281      5365715F 
 1281      315F4952 
 1281      515F496E 
 1282              	.LASF26:
 1283 02ab 7072696F 		.ascii	"priorityOffset\000"
 1283      72697479 
 1283      4F666673 
 1283      657400
 1284              	.LASF4:
 1285 02ba 6C6F6E67 		.ascii	"long int\000"
 1285      20696E74 
 1285      00
 1286              	.LASF36:
 1287 02c3 4144435F 		.ascii	"ADC_SAR_Seq_1_IRQ_GetPriority\000"
 1287      5341525F 
 1287      5365715F 
 1287      315F4952 
 1287      515F4765 
 1288              	.LASF20:
 1289 02e1 4144435F 		.ascii	"ADC_SAR_Seq_1_IRQ_StartEx\000"
 1289      5341525F 
 1289      5365715F 
 1289      315F4952 
 1289      515F5374 
 1290              	.LASF27:
 1291 02fb 4144435F 		.ascii	"ADC_SAR_Seq_1_IRQ_Enable\000"
 1291      5341525F 
 1291      5365715F 
 1291      315F4952 
 1291      515F456E 
 1292              	.LASF32:
 1293 0314 4144435F 		.ascii	"ADC_SAR_Seq_1_IRQ_ClearPending\000"
 1293      5341525F 
 1293      5365715F 
 1293      315F4952 
 1293      515F436C 
 1294              	.LASF0:
 1295 0333 7369676E 		.ascii	"signed char\000"
 1295      65642063 
 1295      68617200 
 1296              	.LASF23:
 1297 033f 4144435F 		.ascii	"ADC_SAR_Seq_1_IRQ_SetPriority\000"
 1297      5341525F 
 1297      5365715F 
 1297      315F4952 
 1297      515F5365 
ARM GAS  C:\Users\JFDuval\AppData\Local\Temp\cch0JivJ.s 			page 33


 1298              		.ident	"GCC: (GNU Tools for ARM Embedded Processors) 4.8.4 20140526 (release) [ARM/embedded-4_8-br
