ARM GAS  C:\Users\JFDuval\AppData\Local\Temp\ccPnRS2d.s 			page 1


   1              		.cpu cortex-m0
   2              		.fpu softvfp
   3              		.eabi_attribute 20, 1
   4              		.eabi_attribute 21, 1
   5              		.eabi_attribute 23, 3
   6              		.eabi_attribute 24, 1
   7              		.eabi_attribute 25, 1
   8              		.eabi_attribute 26, 1
   9              		.eabi_attribute 30, 6
  10              		.eabi_attribute 34, 0
  11              		.eabi_attribute 18, 4
  12              		.code	16
  13              		.file	"SPI_1_BOOT.c"
  14              		.text
  15              	.Ltext0:
  16              		.cfi_sections	.debug_frame
  17              	.Letext0:
  18              		.section	.debug_info,"",%progbits
  19              	.Ldebug_info0:
  20 0000 7C000000 		.4byte	0x7c
  21 0004 0400     		.2byte	0x4
  22 0006 00000000 		.4byte	.Ldebug_abbrev0
  23 000a 04       		.byte	0x4
  24 000b 01       		.uleb128 0x1
  25 000c 9A000000 		.4byte	.LASF13
  26 0010 01       		.byte	0x1
  27 0011 39010000 		.4byte	.LASF14
  28 0015 1B000000 		.4byte	.LASF15
  29 0019 00000000 		.4byte	.Ldebug_line0
  30 001d 02       		.uleb128 0x2
  31 001e 01       		.byte	0x1
  32 001f 06       		.byte	0x6
  33 0020 72010000 		.4byte	.LASF0
  34 0024 02       		.uleb128 0x2
  35 0025 01       		.byte	0x1
  36 0026 08       		.byte	0x8
  37 0027 16010000 		.4byte	.LASF1
  38 002b 02       		.uleb128 0x2
  39 002c 02       		.byte	0x2
  40 002d 05       		.byte	0x5
  41 002e 84010000 		.4byte	.LASF2
  42 0032 02       		.uleb128 0x2
  43 0033 02       		.byte	0x2
  44 0034 07       		.byte	0x7
  45 0035 5F010000 		.4byte	.LASF3
  46 0039 02       		.uleb128 0x2
  47 003a 04       		.byte	0x4
  48 003b 05       		.byte	0x5
  49 003c 29010000 		.4byte	.LASF4
  50 0040 02       		.uleb128 0x2
  51 0041 04       		.byte	0x4
  52 0042 07       		.byte	0x7
  53 0043 71000000 		.4byte	.LASF5
  54 0047 02       		.uleb128 0x2
  55 0048 08       		.byte	0x8
  56 0049 05       		.byte	0x5
  57 004a 00000000 		.4byte	.LASF6
ARM GAS  C:\Users\JFDuval\AppData\Local\Temp\ccPnRS2d.s 			page 2


  58 004e 02       		.uleb128 0x2
  59 004f 08       		.byte	0x8
  60 0050 07       		.byte	0x7
  61 0051 83000000 		.4byte	.LASF7
  62 0055 03       		.uleb128 0x3
  63 0056 04       		.byte	0x4
  64 0057 05       		.byte	0x5
  65 0058 696E7400 		.ascii	"int\000"
  66 005c 02       		.uleb128 0x2
  67 005d 04       		.byte	0x4
  68 005e 07       		.byte	0x7
  69 005f 0E000000 		.4byte	.LASF8
  70 0063 02       		.uleb128 0x2
  71 0064 04       		.byte	0x4
  72 0065 04       		.byte	0x4
  73 0066 7E010000 		.4byte	.LASF9
  74 006a 02       		.uleb128 0x2
  75 006b 08       		.byte	0x8
  76 006c 04       		.byte	0x4
  77 006d 32010000 		.4byte	.LASF10
  78 0071 02       		.uleb128 0x2
  79 0072 01       		.byte	0x1
  80 0073 08       		.byte	0x8
  81 0074 24010000 		.4byte	.LASF11
  82 0078 02       		.uleb128 0x2
  83 0079 04       		.byte	0x4
  84 007a 07       		.byte	0x7
  85 007b 8E010000 		.4byte	.LASF12
  86 007f 00       		.byte	0
  87              		.section	.debug_abbrev,"",%progbits
  88              	.Ldebug_abbrev0:
  89 0000 01       		.uleb128 0x1
  90 0001 11       		.uleb128 0x11
  91 0002 01       		.byte	0x1
  92 0003 25       		.uleb128 0x25
  93 0004 0E       		.uleb128 0xe
  94 0005 13       		.uleb128 0x13
  95 0006 0B       		.uleb128 0xb
  96 0007 03       		.uleb128 0x3
  97 0008 0E       		.uleb128 0xe
  98 0009 1B       		.uleb128 0x1b
  99 000a 0E       		.uleb128 0xe
 100 000b 10       		.uleb128 0x10
 101 000c 17       		.uleb128 0x17
 102 000d 00       		.byte	0
 103 000e 00       		.byte	0
 104 000f 02       		.uleb128 0x2
 105 0010 24       		.uleb128 0x24
 106 0011 00       		.byte	0
 107 0012 0B       		.uleb128 0xb
 108 0013 0B       		.uleb128 0xb
 109 0014 3E       		.uleb128 0x3e
 110 0015 0B       		.uleb128 0xb
 111 0016 03       		.uleb128 0x3
 112 0017 0E       		.uleb128 0xe
 113 0018 00       		.byte	0
 114 0019 00       		.byte	0
ARM GAS  C:\Users\JFDuval\AppData\Local\Temp\ccPnRS2d.s 			page 3


 115 001a 03       		.uleb128 0x3
 116 001b 24       		.uleb128 0x24
 117 001c 00       		.byte	0
 118 001d 0B       		.uleb128 0xb
 119 001e 0B       		.uleb128 0xb
 120 001f 3E       		.uleb128 0x3e
 121 0020 0B       		.uleb128 0xb
 122 0021 03       		.uleb128 0x3
 123 0022 08       		.uleb128 0x8
 124 0023 00       		.byte	0
 125 0024 00       		.byte	0
 126 0025 00       		.byte	0
 127              		.section	.debug_aranges,"",%progbits
 128 0000 14000000 		.4byte	0x14
 129 0004 0200     		.2byte	0x2
 130 0006 00000000 		.4byte	.Ldebug_info0
 131 000a 04       		.byte	0x4
 132 000b 00       		.byte	0
 133 000c 0000     		.2byte	0
 134 000e 0000     		.2byte	0
 135 0010 00000000 		.4byte	0
 136 0014 00000000 		.4byte	0
 137              		.section	.debug_line,"",%progbits
 138              	.Ldebug_line0:
 139 0000 19000000 		.section	.debug_str,"MS",%progbits,1
 139      02001300 
 139      00000201 
 139      FB0E0D00 
 139      01010101 
 140              	.LASF6:
 141 0000 6C6F6E67 		.ascii	"long long int\000"
 141      206C6F6E 
 141      6720696E 
 141      7400
 142              	.LASF8:
 143 000e 756E7369 		.ascii	"unsigned int\000"
 143      676E6564 
 143      20696E74 
 143      00
 144              	.LASF15:
 145 001b 433A5C55 		.ascii	"C:\\Users\\JFDuval\\Desktop\\Work_Folder\\Biomech-E"
 145      73657273 
 145      5C4A4644 
 145      7576616C 
 145      5C446573 
 146 0049 452D5356 		.ascii	"E-SVN2\\Code\\flexsea_1_0\\batt\\Batt.cydsn\000"
 146      4E325C43 
 146      6F64655C 
 146      666C6578 
 146      7365615F 
 147              	.LASF5:
 148 0071 6C6F6E67 		.ascii	"long unsigned int\000"
 148      20756E73 
 148      69676E65 
 148      6420696E 
 148      7400
 149              	.LASF7:
ARM GAS  C:\Users\JFDuval\AppData\Local\Temp\ccPnRS2d.s 			page 4


 150 0083 6C6F6E67 		.ascii	"long long unsigned int\000"
 150      206C6F6E 
 150      6720756E 
 150      7369676E 
 150      65642069 
 151              	.LASF13:
 152 009a 474E5520 		.ascii	"GNU C 4.8.4 20140526 (release) [ARM/embedded-4_8-br"
 152      4320342E 
 152      382E3420 
 152      32303134 
 152      30353236 
 153 00cd 616E6368 		.ascii	"anch revision 211358] -mcpu=cortex-m0 -mthumb -g -O"
 153      20726576 
 153      6973696F 
 153      6E203231 
 153      31333538 
 154 0100 30202D66 		.ascii	"0 -ffunction-sections\000"
 154      66756E63 
 154      74696F6E 
 154      2D736563 
 154      74696F6E 
 155              	.LASF1:
 156 0116 756E7369 		.ascii	"unsigned char\000"
 156      676E6564 
 156      20636861 
 156      7200
 157              	.LASF11:
 158 0124 63686172 		.ascii	"char\000"
 158      00
 159              	.LASF4:
 160 0129 6C6F6E67 		.ascii	"long int\000"
 160      20696E74 
 160      00
 161              	.LASF10:
 162 0132 646F7562 		.ascii	"double\000"
 162      6C6500
 163              	.LASF14:
 164 0139 2E5C4765 		.ascii	".\\Generated_Source\\PSoC4\\SPI_1_BOOT.c\000"
 164      6E657261 
 164      7465645F 
 164      536F7572 
 164      63655C50 
 165              	.LASF3:
 166 015f 73686F72 		.ascii	"short unsigned int\000"
 166      7420756E 
 166      7369676E 
 166      65642069 
 166      6E7400
 167              	.LASF0:
 168 0172 7369676E 		.ascii	"signed char\000"
 168      65642063 
 168      68617200 
 169              	.LASF9:
 170 017e 666C6F61 		.ascii	"float\000"
 170      7400
 171              	.LASF2:
 172 0184 73686F72 		.ascii	"short int\000"
ARM GAS  C:\Users\JFDuval\AppData\Local\Temp\ccPnRS2d.s 			page 5


 172      7420696E 
 172      7400
 173              	.LASF12:
 174 018e 73697A65 		.ascii	"sizetype\000"
 174      74797065 
 174      00
 175              		.ident	"GCC: (GNU Tools for ARM Embedded Processors) 4.8.4 20140526 (release) [ARM/embedded-4_8-br
