Loading plugins phase: Elapsed time ==> 0s.133ms
Initializing data phase: Elapsed time ==> 0s.000ms
<CYPRESSTAG name="CyDsfit arguments...">
cydsfit arguments: -.fdsnotice -.fdswarpdepfile=warp_dependencies.txt -.fdselabdepfile=elab_dependencies.txt -.fdsbldfile=generated_files.txt -p C:\Users\JFDuval\Desktop\Work_Folder\Biomech-EE-SVN2\Code\flexsea_1_0\batt\Batt.cydsn\Batt.cyprj -d CY8C4247LQI-BL483 -s C:\Users\JFDuval\Desktop\Work_Folder\Biomech-EE-SVN2\Code\flexsea_1_0\batt\Batt.cydsn\Generated_Source\PSoC4 -- -yv2 -q10 -ygs -o2 -v3 -.fftcfgtype=LE</CYPRESSTAG>
<CYPRESSTAG name="Design elaboration results...">
</CYPRESSTAG>
Elaboration phase: Elapsed time ==> 2s.729ms
<CYPRESSTAG name="HDL generation results...">
</CYPRESSTAG>
HDL generation phase: Elapsed time ==> 0s.071ms
<CYPRESSTAG name="Synthesis results...">

     | | | | | | |
   _________________
  -|               |-
  -|               |-
  -|               |-
  -|    CYPRESS    |-
  -|               |-
  -|               |-   Warp Verilog Synthesis Compiler: Version 6.3 IR 41
  -|               |-   Copyright (C) 1991-2001 Cypress Semiconductor
   |_______________|
     | | | | | | |

======================================================================
Compiling:  Batt.v
Program  :   C:\Program Files (x86)\Cypress\PSoC Creator\3.1\PSoC Creator\warp\bin/warp.exe
Options  :    -yv2 -q10 -ygs -o2 -v3 -.fftcfgtype=LE -ya -.fftprj=C:\Users\JFDuval\Desktop\Work_Folder\Biomech-EE-SVN2\Code\flexsea_1_0\batt\Batt.cydsn\Batt.cyprj -dcpsoc3 Batt.v -verilog
======================================================================

======================================================================
Compiling:  Batt.v
Program  :   C:\Program Files (x86)\Cypress\PSoC Creator\3.1\PSoC Creator\warp\bin/warp.exe
Options  :    -yv2 -q10 -ygs -o2 -v3 -.fftcfgtype=LE -ya -.fftprj=C:\Users\JFDuval\Desktop\Work_Folder\Biomech-EE-SVN2\Code\flexsea_1_0\batt\Batt.cydsn\Batt.cyprj -dcpsoc3 Batt.v -verilog
======================================================================

======================================================================
Compiling:  Batt.v
Program  :   vlogfe
Options  :    -yv2 -q10 -ygs -o2 -v3 -.fftcfgtype=LE -ya -.fftprj=C:\Users\JFDuval\Desktop\Work_Folder\Biomech-EE-SVN2\Code\flexsea_1_0\batt\Batt.cydsn\Batt.cyprj -dcpsoc3 -verilog Batt.v
======================================================================

vlogfe V6.3 IR 41:  Verilog parser
Wed May 13 20:08:21 2015


======================================================================
Compiling:  Batt.v
Program  :   vpp
Options  :    -yv2 -q10 Batt.v
======================================================================

vpp V6.3 IR 41:  Verilog Pre-Processor
Wed May 13 20:08:21 2015

Flattening file 'C:\Program Files (x86)\Cypress\PSoC Creator\3.1\PSoC Creator\warp\..\psoc\content\cyprimitives\CyPrimitives.cylib\ZeroTerminal\ZeroTerminal.v'
Flattening file 'C:\Program Files (x86)\Cypress\PSoC Creator\3.1\PSoC Creator\warp\..\psoc\content\cyprimitives\CyPrimitives.cylib\or_v1_0\or_v1_0.v'
Flattening file 'C:\Program Files (x86)\Cypress\PSoC Creator\3.1\PSoC Creator\warp\..\psoc\content\cyprimitives\CyPrimitives.cylib\cy_analog_virtualmux_v1_0\cy_analog_virtualmux_v1_0.v'
Flattening file 'C:\Program Files (x86)\Cypress\PSoC Creator\3.1\PSoC Creator\warp\..\psoc\content\cycomponentlibrary\CyComponentLibrary.cylib\Bus_Connect_v2_10\Bus_Connect_v2_10.v'
Flattening file 'C:\Program Files (x86)\Cypress\PSoC Creator\3.1\PSoC Creator\warp\lib\common\cypress.v'
Flattening file 'C:\Program Files (x86)\Cypress\PSoC Creator\3.1\PSoC Creator\warp\lib\common\cy_psoc3_inc.v'
Flattening file 'C:\Program Files (x86)\Cypress\PSoC Creator\3.1\PSoC Creator\warp\..\psoc\content\cyprimitives\CyPrimitives.cylib\cy_virtualmux_v1_0\cy_virtualmux_v1_0.v'
Flattening file 'C:\Program Files (x86)\Cypress\PSoC Creator\3.1\PSoC Creator\warp\..\psoc\content\cyprimitives\CyPrimitives.cylib\cy_constant_v1_0\cy_constant_v1_0.v'

vpp:  No errors.

Library 'work' => directory 'lcpsoc3'
General_symbol_table
General_symbol_table
Linking 'C:\Program Files (x86)\Cypress\PSoC Creator\3.1\PSoC Creator\warp\lib\common\std.vhd'.
Linking 'C:\Program Files (x86)\Cypress\PSoC Creator\3.1\PSoC Creator\warp\lib\common\cypress.vhd'.
Linking 'C:\Program Files (x86)\Cypress\PSoC Creator\3.1\PSoC Creator\warp\lib\common\work\cypress.vif'.
Linking 'C:\Program Files (x86)\Cypress\PSoC Creator\3.1\PSoC Creator\warp\lib\ieee\work\stdlogic.vif'.
Linking 'C:\Program Files (x86)\Cypress\PSoC Creator\3.1\PSoC Creator\warp\lib\common\stdlogic\lpmpkg.vif'.
Linking 'C:\Program Files (x86)\Cypress\PSoC Creator\3.1\PSoC Creator\warp\lib\common\stdlogic\rtlpkg.vif'.
Linking 'C:\Program Files (x86)\Cypress\PSoC Creator\3.1\PSoC Creator\warp\lib\common\stdlogic\mod_cnst.vif'.
Linking 'C:\Program Files (x86)\Cypress\PSoC Creator\3.1\PSoC Creator\warp\lib\common\stdlogic\mod_mthv.vif'.
Linking 'C:\Program Files (x86)\Cypress\PSoC Creator\3.1\PSoC Creator\warp\lib\common\stdlogic\mod_genv.vif'.
Using control file 'Batt.ctl'.

vlogfe:  No errors.


======================================================================
Compiling:  Batt.v
Program  :   tovif
Options  :    -yv2 -q10 -ygs -o2 -v3 -.fftcfgtype=LE -ya -.fftprj=C:\Users\JFDuval\Desktop\Work_Folder\Biomech-EE-SVN2\Code\flexsea_1_0\batt\Batt.cydsn\Batt.cyprj -dcpsoc3 -verilog Batt.v
======================================================================

tovif V6.3 IR 41:  High-level synthesis
Wed May 13 20:08:21 2015

Linking 'C:\Program Files (x86)\Cypress\PSoC Creator\3.1\PSoC Creator\warp\lib\common\std.vhd'.
Linking 'C:\Program Files (x86)\Cypress\PSoC Creator\3.1\PSoC Creator\warp\lib\common\cypress.vhd'.
Linking 'C:\Program Files (x86)\Cypress\PSoC Creator\3.1\PSoC Creator\warp\lib\common\work\cypress.vif'.
Linking 'C:\Program Files (x86)\Cypress\PSoC Creator\3.1\PSoC Creator\warp\lib\ieee\work\stdlogic.vif'.
Linking 'C:\Program Files (x86)\Cypress\PSoC Creator\3.1\PSoC Creator\warp\lib\common\stdlogic\lpmpkg.vif'.
Linking 'C:\Program Files (x86)\Cypress\PSoC Creator\3.1\PSoC Creator\warp\lib\common\stdlogic\rtlpkg.vif'.
Linking 'C:\Program Files (x86)\Cypress\PSoC Creator\3.1\PSoC Creator\warp\lib\common\stdlogic\mod_cnst.vif'.
Linking 'C:\Program Files (x86)\Cypress\PSoC Creator\3.1\PSoC Creator\warp\lib\common\stdlogic\mod_mthv.vif'.
Linking 'C:\Program Files (x86)\Cypress\PSoC Creator\3.1\PSoC Creator\warp\lib\common\stdlogic\mod_genv.vif'.
Linking 'C:\Users\JFDuval\Desktop\Work_Folder\Biomech-EE-SVN2\Code\flexsea_1_0\batt\Batt.cydsn\codegentemp\Batt.ctl'.
Linking 'C:\Program Files (x86)\Cypress\PSoC Creator\3.1\PSoC Creator\psoc\content\cyprimitives\CyPrimitives.cylib\ZeroTerminal\ZeroTerminal.v'.
Linking 'C:\Users\JFDuval\Desktop\Work_Folder\Biomech-EE-SVN2\Code\flexsea_1_0\batt\Batt.cydsn\codegentemp\Batt.v'.
Linking 'C:\Program Files (x86)\Cypress\PSoC Creator\3.1\PSoC Creator\psoc\content\cyprimitives\CyPrimitives.cylib\or_v1_0\or_v1_0.v'.
Linking 'C:\Program Files (x86)\Cypress\PSoC Creator\3.1\PSoC Creator\psoc\content\cyprimitives\CyPrimitives.cylib\cy_analog_virtualmux_v1_0\cy_analog_virtualmux_v1_0.v'.
Linking 'C:\Program Files (x86)\Cypress\PSoC Creator\3.1\PSoC Creator\psoc\content\cycomponentlibrary\CyComponentLibrary.cylib\Bus_Connect_v2_10\Bus_Connect_v2_10.v'.
Linking 'C:\Program Files (x86)\Cypress\PSoC Creator\3.1\PSoC Creator\warp\lib\common\cypress.v'.
Linking 'C:\Program Files (x86)\Cypress\PSoC Creator\3.1\PSoC Creator\warp\lib\common\cy_psoc3_inc.v'.
Linking 'C:\Program Files (x86)\Cypress\PSoC Creator\3.1\PSoC Creator\psoc\content\cyprimitives\CyPrimitives.cylib\cy_virtualmux_v1_0\cy_virtualmux_v1_0.v'.
Linking 'C:\Program Files (x86)\Cypress\PSoC Creator\3.1\PSoC Creator\psoc\content\cyprimitives\CyPrimitives.cylib\cy_constant_v1_0\cy_constant_v1_0.v'.

tovif:  No errors.


======================================================================
Compiling:  Batt.v
Program  :   topld
Options  :    -yv2 -q10 -ygs -o2 -v3 -.fftcfgtype=LE -ya -.fftprj=C:\Users\JFDuval\Desktop\Work_Folder\Biomech-EE-SVN2\Code\flexsea_1_0\batt\Batt.cydsn\Batt.cyprj -dcpsoc3 -verilog Batt.v
======================================================================

topld V6.3 IR 41:  Synthesis and optimization
Wed May 13 20:08:21 2015

Linking 'C:\Program Files (x86)\Cypress\PSoC Creator\3.1\PSoC Creator\warp\lib\common\std.vhd'.
Linking 'C:\Program Files (x86)\Cypress\PSoC Creator\3.1\PSoC Creator\warp\lib\common\cypress.vhd'.
Linking 'C:\Program Files (x86)\Cypress\PSoC Creator\3.1\PSoC Creator\warp\lib\common\work\cypress.vif'.
Linking 'C:\Program Files (x86)\Cypress\PSoC Creator\3.1\PSoC Creator\warp\lib\ieee\work\stdlogic.vif'.
Linking 'C:\Program Files (x86)\Cypress\PSoC Creator\3.1\PSoC Creator\warp\lib\common\stdlogic\lpmpkg.vif'.
Linking 'C:\Program Files (x86)\Cypress\PSoC Creator\3.1\PSoC Creator\warp\lib\common\stdlogic\rtlpkg.vif'.
Linking 'C:\Program Files (x86)\Cypress\PSoC Creator\3.1\PSoC Creator\warp\lib\common\stdlogic\mod_cnst.vif'.
Linking 'C:\Program Files (x86)\Cypress\PSoC Creator\3.1\PSoC Creator\warp\lib\common\stdlogic\mod_mthv.vif'.
Linking 'C:\Program Files (x86)\Cypress\PSoC Creator\3.1\PSoC Creator\warp\lib\common\stdlogic\mod_genv.vif'.
Linking 'C:\Users\JFDuval\Desktop\Work_Folder\Biomech-EE-SVN2\Code\flexsea_1_0\batt\Batt.cydsn\codegentemp\Batt.ctl'.
Linking 'C:\Program Files (x86)\Cypress\PSoC Creator\3.1\PSoC Creator\psoc\content\cyprimitives\CyPrimitives.cylib\ZeroTerminal\ZeroTerminal.v'.
Linking 'C:\Users\JFDuval\Desktop\Work_Folder\Biomech-EE-SVN2\Code\flexsea_1_0\batt\Batt.cydsn\codegentemp\Batt.v'.
Linking 'C:\Program Files (x86)\Cypress\PSoC Creator\3.1\PSoC Creator\psoc\content\cyprimitives\CyPrimitives.cylib\or_v1_0\or_v1_0.v'.
Linking 'C:\Program Files (x86)\Cypress\PSoC Creator\3.1\PSoC Creator\psoc\content\cyprimitives\CyPrimitives.cylib\cy_analog_virtualmux_v1_0\cy_analog_virtualmux_v1_0.v'.
Linking 'C:\Program Files (x86)\Cypress\PSoC Creator\3.1\PSoC Creator\psoc\content\cycomponentlibrary\CyComponentLibrary.cylib\Bus_Connect_v2_10\Bus_Connect_v2_10.v'.
Linking 'C:\Program Files (x86)\Cypress\PSoC Creator\3.1\PSoC Creator\warp\lib\common\cypress.v'.
Linking 'C:\Program Files (x86)\Cypress\PSoC Creator\3.1\PSoC Creator\warp\lib\common\cy_psoc3_inc.v'.
Linking 'C:\Program Files (x86)\Cypress\PSoC Creator\3.1\PSoC Creator\psoc\content\cyprimitives\CyPrimitives.cylib\cy_virtualmux_v1_0\cy_virtualmux_v1_0.v'.
Linking 'C:\Program Files (x86)\Cypress\PSoC Creator\3.1\PSoC Creator\psoc\content\cyprimitives\CyPrimitives.cylib\cy_constant_v1_0\cy_constant_v1_0.v'.
Linking 'C:\Program Files (x86)\Cypress\PSoC Creator\3.1\PSoC Creator\warp\lib\lcpsoc3\stdlogic\cpsoc3.vif'.

----------------------------------------------------------
Detecting unused logic.
----------------------------------------------------------
    User names
	\ADC_SAR_Seq_1:Net_3125\
	\ADC_SAR_Seq_1:Net_3126\
	Net_534
	\BLE_1:Net_55\
	\SPI_1:Net_245\
	\SPI_1:Net_682\
	\SPI_1:uncfg_rx_irq\
	\SPI_1:Net_754\
	\SPI_1:Net_767\
	\SPI_1:Net_547\
	\SPI_1:Net_891\
	\SPI_1:Net_474\
	\SPI_1:Net_899\


Deleted 13 User equations/components.
Deleted 0 Synthesized equations/components.

------------------------------------------------------
Alias Detection
------------------------------------------------------
Aliasing one to tmpOE__LED_R_net_0
Aliasing tmpOE__LED_G_net_0 to tmpOE__LED_R_net_0
Aliasing tmpOE__LED_B_net_0 to tmpOE__LED_R_net_0
Aliasing tmpOE__FR_STBY_net_0 to tmpOE__LED_R_net_0
Aliasing tmpOE__H_net_0 to tmpOE__LED_R_net_0
Aliasing tmpOE__NOT_BTN_net_0 to tmpOE__LED_R_net_0
Aliasing tmpOE__TP_P1_7_net_0 to tmpOE__LED_R_net_0
Aliasing tmpOE__TP_P2_7_net_0 to tmpOE__LED_R_net_0
Aliasing tmpOE__I_MEAS_net_0 to tmpOE__LED_R_net_0
Aliasing \ADC_SAR_Seq_1:Net_3107\ to zero
Aliasing \ADC_SAR_Seq_1:Net_3106\ to zero
Aliasing \ADC_SAR_Seq_1:Net_3105\ to zero
Aliasing \ADC_SAR_Seq_1:Net_3104\ to zero
Aliasing \ADC_SAR_Seq_1:Net_3103\ to zero
Aliasing \ADC_SAR_Seq_1:Net_3207_1\ to zero
Aliasing \ADC_SAR_Seq_1:Net_3207_0\ to zero
Aliasing \ADC_SAR_Seq_1:Net_3235\ to zero
Aliasing tmpOE__TP_P0_2_net_0 to tmpOE__LED_R_net_0
Aliasing tmpOE__V_MEAS_net_0 to tmpOE__LED_R_net_0
Aliasing tmpOE__H_CS_net_0 to tmpOE__LED_R_net_0
Aliasing tmpOE__P3_3_net_0 to tmpOE__LED_R_net_0
Aliasing \SPI_1:Net_459\ to zero
Aliasing \SPI_1:Net_452\ to zero
Aliasing \SPI_1:Net_676\ to zero
Aliasing \SPI_1:Net_416\ to zero
Aliasing \SPI_1:tmpOE__sclk_m_net_0\ to tmpOE__LED_R_net_0
Aliasing \SPI_1:tmpOE__miso_m_net_0\ to tmpOE__LED_R_net_0
Aliasing \SPI_1:tmpOE__mosi_m_net_0\ to tmpOE__LED_R_net_0
Aliasing \SPI_1:tmpOE__ss0_m_net_0\ to tmpOE__LED_R_net_0
Aliasing \SPI_1:Net_747\ to zero
Aliasing tmpOE__TP_P0_3_net_0 to tmpOE__LED_R_net_0
Removing Lhs of wire one[6] = tmpOE__LED_R_net_0[1]
Removing Lhs of wire tmpOE__LED_G_net_0[9] = tmpOE__LED_R_net_0[1]
Removing Lhs of wire tmpOE__LED_B_net_0[15] = tmpOE__LED_R_net_0[1]
Removing Lhs of wire tmpOE__FR_STBY_net_0[21] = tmpOE__LED_R_net_0[1]
Removing Lhs of wire tmpOE__H_net_0[27] = tmpOE__LED_R_net_0[1]
Removing Lhs of wire tmpOE__NOT_BTN_net_0[33] = tmpOE__LED_R_net_0[1]
Removing Lhs of wire tmpOE__TP_P1_7_net_0[39] = tmpOE__LED_R_net_0[1]
Removing Lhs of wire tmpOE__TP_P2_7_net_0[45] = tmpOE__LED_R_net_0[1]
Removing Lhs of wire tmpOE__I_MEAS_net_0[51] = tmpOE__LED_R_net_0[1]
Removing Lhs of wire \ADC_SAR_Seq_1:Net_3107\[135] = zero[2]
Removing Lhs of wire \ADC_SAR_Seq_1:Net_3106\[136] = zero[2]
Removing Lhs of wire \ADC_SAR_Seq_1:Net_3105\[137] = zero[2]
Removing Lhs of wire \ADC_SAR_Seq_1:Net_3104\[138] = zero[2]
Removing Lhs of wire \ADC_SAR_Seq_1:Net_3103\[139] = zero[2]
Removing Lhs of wire \ADC_SAR_Seq_1:Net_17\[188] = \ADC_SAR_Seq_1:Net_1845\[59]
Removing Lhs of wire \ADC_SAR_Seq_1:Net_3207_1\[210] = zero[2]
Removing Lhs of wire \ADC_SAR_Seq_1:Net_3207_0\[211] = zero[2]
Removing Lhs of wire \ADC_SAR_Seq_1:Net_3235\[212] = zero[2]
Removing Lhs of wire tmpOE__TP_P0_2_net_0[278] = tmpOE__LED_R_net_0[1]
Removing Lhs of wire tmpOE__V_MEAS_net_0[284] = tmpOE__LED_R_net_0[1]
Removing Lhs of wire tmpOE__H_CS_net_0[290] = tmpOE__LED_R_net_0[1]
Removing Lhs of wire tmpOE__P3_3_net_0[303] = tmpOE__LED_R_net_0[1]
Removing Lhs of wire \SPI_1:Net_459\[310] = zero[2]
Removing Lhs of wire \SPI_1:Net_652\[311] = zero[2]
Removing Lhs of wire \SPI_1:Net_452\[312] = zero[2]
Removing Lhs of wire \SPI_1:Net_676\[313] = zero[2]
Removing Lhs of wire \SPI_1:Net_416\[315] = zero[2]
Removing Lhs of wire \SPI_1:Net_654\[316] = zero[2]
Removing Lhs of wire \SPI_1:SCBclock\[319] = \SPI_1:Net_847\[309]
Removing Lhs of wire \SPI_1:Net_653\[320] = zero[2]
Removing Lhs of wire \SPI_1:Net_909\[321] = zero[2]
Removing Rhs of wire \SPI_1:Net_663\[322] = \SPI_1:Net_467\[323]
Removing Lhs of wire \SPI_1:tmpOE__sclk_m_net_0\[327] = tmpOE__LED_R_net_0[1]
Removing Lhs of wire \SPI_1:tmpOE__miso_m_net_0\[334] = tmpOE__LED_R_net_0[1]
Removing Lhs of wire \SPI_1:tmpOE__mosi_m_net_0\[339] = tmpOE__LED_R_net_0[1]
Removing Lhs of wire \SPI_1:tmpOE__ss0_m_net_0\[346] = tmpOE__LED_R_net_0[1]
Removing Lhs of wire \SPI_1:Net_739\[352] = zero[2]
Removing Lhs of wire \SPI_1:Net_747\[353] = zero[2]
Removing Lhs of wire tmpOE__TP_P0_3_net_0[376] = tmpOE__LED_R_net_0[1]

------------------------------------------------------
Aliased 0 equations, 39 wires.
------------------------------------------------------

----------------------------------------------------------
Circuit simplification
----------------------------------------------------------

Substituting virtuals - pass 1:


----------------------------------------------------------
Circuit simplification results:

	Expanded 0 signals.
	Turned 0 signals into soft nodes.
	Maximum default expansion cost was set at 3.
----------------------------------------------------------

topld:  No errors.

CYPRESS_DIR    : C:\Program Files (x86)\Cypress\PSoC Creator\3.1\PSoC Creator\warp
Warp Program   : C:\Program Files (x86)\Cypress\PSoC Creator\3.1\PSoC Creator\warp\bin/warp.exe
Warp Arguments : -yv2 -q10 -ygs -o2 -v3 -.fftcfgtype=LE -ya -.fftprj=C:\Users\JFDuval\Desktop\Work_Folder\Biomech-EE-SVN2\Code\flexsea_1_0\batt\Batt.cydsn\Batt.cyprj -dcpsoc3 Batt.v -verilog
</CYPRESSTAG>
Warp synthesis phase: Elapsed time ==> 0s.618ms
<CYPRESSTAG name="Fitter results...">
<CYPRESSTAG name="Fitter startup details...">
cyp3fit: V3.1.0.2288, Family: PSoC3, Started at: Wednesday, 13 May 2015 20:08:22
Options: -yv2 -q10 -ygs -o2 -v3 -.fftcfgtype=LE -ya -.fftprj=C:\Users\JFDuval\Desktop\Work_Folder\Biomech-EE-SVN2\Code\flexsea_1_0\batt\Batt.cydsn\Batt.cyprj -d CY8C4247LQI-BL483 Batt.v -verilog
</CYPRESSTAG>
<CYPRESSTAG name="Design parsing">
Design parsing phase: Elapsed time ==> 0s.016ms
</CYPRESSTAG>
<CYPRESSTAG name="Tech mapping">
<CYPRESSTAG name="Initial Mapping" icon="FILE_RPT_TECHM">
Assigning clock BLE_1_LFCLK to clock LFCLK because it is a pass-through
<CYPRESSTAG name="Global Clock Selection" icon="FILE_RPT_TECHM">
    Fixed Function Clock 1: Automatic-assigning  clock 'SPI_1_SCBCLK'. Signal=\SPI_1:Net_847_ff1\
    Fixed Function Clock 6: Automatic-assigning  clock 'ADC_SAR_Seq_1_intClock'. Signal=\ADC_SAR_Seq_1:Net_1845_ff6\
<CYPRESSTAG name="UDB Clock/Enable Remapping Results">
</CYPRESSTAG>
</CYPRESSTAG>

Removing unused cells resulting from optimization
Done removing unused cells.
<CYPRESSTAG name="Duplicate Macrocell detection">
</CYPRESSTAG>
</CYPRESSTAG>
<CYPRESSTAG name="Duplicate Macrocell detection">
</CYPRESSTAG>
<CYPRESSTAG name="Design Equations" icon="FILE_RPT_EQUATION">

------------------------------------------------------------
Design Equations
------------------------------------------------------------
    <CYPRESSTAG name="Pin listing">

    ------------------------------------------------------------
    Pin listing
    ------------------------------------------------------------

    Pin : Name = FR_STBY(0)
        Attributes:
            In Group/Port: True
            In Sync Option: AUTO
            Out Sync Option: NOSYNC
            Interrupt generated: False
            Interrupt mode: NONE
            Drive mode: CMOS_OUT
            VTrip: EITHER
            Slew: FAST
            Input Sync needed: False
            Output Sync needed: False
            SC shield enabled: False
            POR State: ANY
            LCD Mode: COMMON
            Register Mode: RegComb
            CaSense Mode: NEITHER
            Treat as pin: True
            Is OE Registered: False
            Uses Analog: False
            Can contain Digital: True
            Is SIO: False
            SIO Output Buf: NONREGULATED
            SIO Input Buf: SINGLE_ENDED
            SIO HiFreq: LOW
            SIO Hyst: DISABLED
            SIO Vtrip: MULTIPLIER_0_5
            SIO RefSel: VCC_IO
            Required Capabilitites: DIGITAL
            Initial Value: 0
            IO Voltage: 0
        PORT MAP (
            pa_out => FR_STBY(0)__PA ,
            pad => FR_STBY(0)_PAD );
        Properties:
        {
        }

    Pin : Name = H(0)
        Attributes:
            In Group/Port: True
            In Sync Option: AUTO
            Out Sync Option: NOSYNC
            Interrupt generated: False
            Interrupt mode: NONE
            Drive mode: CMOS_OUT
            VTrip: EITHER
            Slew: FAST
            Input Sync needed: False
            Output Sync needed: False
            SC shield enabled: False
            POR State: ANY
            LCD Mode: COMMON
            Register Mode: RegComb
            CaSense Mode: NEITHER
            Treat as pin: True
            Is OE Registered: False
            Uses Analog: False
            Can contain Digital: True
            Is SIO: False
            SIO Output Buf: NONREGULATED
            SIO Input Buf: SINGLE_ENDED
            SIO HiFreq: LOW
            SIO Hyst: DISABLED
            SIO Vtrip: MULTIPLIER_0_5
            SIO RefSel: VCC_IO
            Required Capabilitites: DIGITAL
            Initial Value: 0
            IO Voltage: 0
        PORT MAP (
            pa_out => H(0)__PA ,
            pad => H(0)_PAD );
        Properties:
        {
        }

    Pin : Name = H_CS(0)
        Attributes:
            In Group/Port: True
            In Sync Option: AUTO
            Out Sync Option: AUTO
            Interrupt generated: False
            Interrupt mode: NONE
            Drive mode: HI_Z_ANALOG
            VTrip: EITHER
            Slew: FAST
            Input Sync needed: False
            Output Sync needed: False
            SC shield enabled: False
            POR State: ANY
            LCD Mode: COMMON
            Register Mode: RegComb
            CaSense Mode: NEITHER
            Treat as pin: True
            Is OE Registered: False
            Uses Analog: True
            Can contain Digital: False
            Is SIO: False
            SIO Output Buf: NONREGULATED
            SIO Input Buf: SINGLE_ENDED
            SIO HiFreq: LOW
            SIO Hyst: DISABLED
            SIO Vtrip: MULTIPLIER_0_5
            SIO RefSel: VCC_IO
            Required Capabilitites: ANALOG
            Initial Value: 1
            IO Voltage: 0
        PORT MAP (
            pa_out => H_CS(0)__PA ,
            analog_term => \ADC_SAR_Seq_1:mux_bus_plus_2\ ,
            pad => H_CS(0)_PAD );
        Properties:
        {
        }

    Pin : Name = I_MEAS(0)
        Attributes:
            In Group/Port: True
            In Sync Option: AUTO
            Out Sync Option: AUTO
            Interrupt generated: False
            Interrupt mode: NONE
            Drive mode: HI_Z_ANALOG
            VTrip: EITHER
            Slew: FAST
            Input Sync needed: False
            Output Sync needed: False
            SC shield enabled: False
            POR State: ANY
            LCD Mode: COMMON
            Register Mode: RegComb
            CaSense Mode: NEITHER
            Treat as pin: True
            Is OE Registered: False
            Uses Analog: True
            Can contain Digital: False
            Is SIO: False
            SIO Output Buf: NONREGULATED
            SIO Input Buf: SINGLE_ENDED
            SIO HiFreq: LOW
            SIO Hyst: DISABLED
            SIO Vtrip: MULTIPLIER_0_5
            SIO RefSel: VCC_IO
            Required Capabilitites: ANALOG
            Initial Value: 1
            IO Voltage: 0
        PORT MAP (
            pa_out => I_MEAS(0)__PA ,
            analog_term => \ADC_SAR_Seq_1:mux_bus_plus_0\ ,
            pad => I_MEAS(0)_PAD );
        Properties:
        {
        }

    Pin : Name = LED_B(0)
        Attributes:
            In Group/Port: True
            In Sync Option: AUTO
            Out Sync Option: NOSYNC
            Interrupt generated: False
            Interrupt mode: NONE
            Drive mode: CMOS_OUT
            VTrip: EITHER
            Slew: FAST
            Input Sync needed: False
            Output Sync needed: False
            SC shield enabled: False
            POR State: ANY
            LCD Mode: COMMON
            Register Mode: RegComb
            CaSense Mode: NEITHER
            Treat as pin: True
            Is OE Registered: False
            Uses Analog: False
            Can contain Digital: True
            Is SIO: False
            SIO Output Buf: NONREGULATED
            SIO Input Buf: SINGLE_ENDED
            SIO HiFreq: LOW
            SIO Hyst: DISABLED
            SIO Vtrip: MULTIPLIER_0_5
            SIO RefSel: VCC_IO
            Required Capabilitites: DIGITAL
            Initial Value: 0
            IO Voltage: 0
        PORT MAP (
            pa_out => LED_B(0)__PA ,
            pad => LED_B(0)_PAD );
        Properties:
        {
        }

    Pin : Name = LED_G(0)
        Attributes:
            In Group/Port: True
            In Sync Option: AUTO
            Out Sync Option: NOSYNC
            Interrupt generated: False
            Interrupt mode: NONE
            Drive mode: CMOS_OUT
            VTrip: EITHER
            Slew: FAST
            Input Sync needed: False
            Output Sync needed: False
            SC shield enabled: False
            POR State: ANY
            LCD Mode: COMMON
            Register Mode: RegComb
            CaSense Mode: NEITHER
            Treat as pin: True
            Is OE Registered: False
            Uses Analog: False
            Can contain Digital: True
            Is SIO: False
            SIO Output Buf: NONREGULATED
            SIO Input Buf: SINGLE_ENDED
            SIO HiFreq: LOW
            SIO Hyst: DISABLED
            SIO Vtrip: MULTIPLIER_0_5
            SIO RefSel: VCC_IO
            Required Capabilitites: DIGITAL
            Initial Value: 0
            IO Voltage: 0
        PORT MAP (
            pa_out => LED_G(0)__PA ,
            pad => LED_G(0)_PAD );
        Properties:
        {
        }

    Pin : Name = LED_R(0)
        Attributes:
            In Group/Port: True
            In Sync Option: AUTO
            Out Sync Option: NOSYNC
            Interrupt generated: False
            Interrupt mode: NONE
            Drive mode: CMOS_OUT
            VTrip: EITHER
            Slew: FAST
            Input Sync needed: False
            Output Sync needed: False
            SC shield enabled: False
            POR State: ANY
            LCD Mode: COMMON
            Register Mode: RegComb
            CaSense Mode: NEITHER
            Treat as pin: True
            Is OE Registered: False
            Uses Analog: False
            Can contain Digital: True
            Is SIO: False
            SIO Output Buf: NONREGULATED
            SIO Input Buf: SINGLE_ENDED
            SIO HiFreq: LOW
            SIO Hyst: DISABLED
            SIO Vtrip: MULTIPLIER_0_5
            SIO RefSel: VCC_IO
            Required Capabilitites: DIGITAL
            Initial Value: 0
            IO Voltage: 0
        PORT MAP (
            pa_out => LED_R(0)__PA ,
            pad => LED_R(0)_PAD );
        Properties:
        {
        }

    Pin : Name = NOT_BTN(0)
        Attributes:
            In Group/Port: True
            In Sync Option: SYNC
            Out Sync Option: AUTO
            Interrupt generated: False
            Interrupt mode: NONE
            Drive mode: HI_Z_DIGITAL
            VTrip: CMOS
            Slew: FAST
            Input Sync needed: True
            Output Sync needed: False
            SC shield enabled: False
            POR State: ANY
            LCD Mode: COMMON
            Register Mode: RegComb
            CaSense Mode: NEITHER
            Treat as pin: True
            Is OE Registered: False
            Uses Analog: False
            Can contain Digital: True
            Is SIO: False
            SIO Output Buf: NONREGULATED
            SIO Input Buf: SINGLE_ENDED
            SIO HiFreq: LOW
            SIO Hyst: DISABLED
            SIO Vtrip: MULTIPLIER_0_5
            SIO RefSel: VCC_IO
            Required Capabilitites: DIGITAL, ROUTABLE
            Initial Value: 0
            IO Voltage: 0
        PORT MAP (
            pa_out => NOT_BTN(0)__PA ,
            pad => NOT_BTN(0)_PAD );
        Properties:
        {
        }

    Pin : Name = P3_3(0)
        Attributes:
            In Group/Port: True
            In Sync Option: AUTO
            Out Sync Option: AUTO
            Interrupt generated: False
            Interrupt mode: NONE
            Drive mode: HI_Z_ANALOG
            VTrip: EITHER
            Slew: FAST
            Input Sync needed: False
            Output Sync needed: False
            SC shield enabled: False
            POR State: ANY
            LCD Mode: COMMON
            Register Mode: RegComb
            CaSense Mode: NEITHER
            Treat as pin: True
            Is OE Registered: False
            Uses Analog: True
            Can contain Digital: False
            Is SIO: False
            SIO Output Buf: NONREGULATED
            SIO Input Buf: SINGLE_ENDED
            SIO HiFreq: LOW
            SIO Hyst: DISABLED
            SIO Vtrip: MULTIPLIER_0_5
            SIO RefSel: VCC_IO
            Required Capabilitites: ANALOG
            Initial Value: 1
            IO Voltage: 0
        PORT MAP (
            pa_out => P3_3(0)__PA ,
            analog_term => \ADC_SAR_Seq_1:mux_bus_plus_3\ ,
            pad => P3_3(0)_PAD );
        Properties:
        {
        }

    Pin : Name = TP_P0_2(0)
        Attributes:
            In Group/Port: True
            In Sync Option: AUTO
            Out Sync Option: NOSYNC
            Interrupt generated: False
            Interrupt mode: NONE
            Drive mode: CMOS_OUT
            VTrip: EITHER
            Slew: FAST
            Input Sync needed: False
            Output Sync needed: False
            SC shield enabled: False
            POR State: ANY
            LCD Mode: COMMON
            Register Mode: RegComb
            CaSense Mode: NEITHER
            Treat as pin: True
            Is OE Registered: False
            Uses Analog: False
            Can contain Digital: True
            Is SIO: False
            SIO Output Buf: NONREGULATED
            SIO Input Buf: SINGLE_ENDED
            SIO HiFreq: LOW
            SIO Hyst: DISABLED
            SIO Vtrip: MULTIPLIER_0_5
            SIO RefSel: VCC_IO
            Required Capabilitites: DIGITAL
            Initial Value: 0
            IO Voltage: 0
        PORT MAP (
            pa_out => TP_P0_2(0)__PA ,
            pad => TP_P0_2(0)_PAD );
        Properties:
        {
        }

    Pin : Name = TP_P0_3(0)
        Attributes:
            In Group/Port: True
            In Sync Option: AUTO
            Out Sync Option: NOSYNC
            Interrupt generated: False
            Interrupt mode: NONE
            Drive mode: CMOS_OUT
            VTrip: EITHER
            Slew: FAST
            Input Sync needed: False
            Output Sync needed: False
            SC shield enabled: False
            POR State: ANY
            LCD Mode: COMMON
            Register Mode: RegComb
            CaSense Mode: NEITHER
            Treat as pin: True
            Is OE Registered: False
            Uses Analog: False
            Can contain Digital: True
            Is SIO: False
            SIO Output Buf: NONREGULATED
            SIO Input Buf: SINGLE_ENDED
            SIO HiFreq: LOW
            SIO Hyst: DISABLED
            SIO Vtrip: MULTIPLIER_0_5
            SIO RefSel: VCC_IO
            Required Capabilitites: DIGITAL
            Initial Value: 0
            IO Voltage: 0
        PORT MAP (
            pa_out => TP_P0_3(0)__PA ,
            pad => TP_P0_3(0)_PAD );
        Properties:
        {
        }

    Pin : Name = TP_P1_7(0)
        Attributes:
            In Group/Port: True
            In Sync Option: AUTO
            Out Sync Option: NOSYNC
            Interrupt generated: False
            Interrupt mode: NONE
            Drive mode: CMOS_OUT
            VTrip: EITHER
            Slew: FAST
            Input Sync needed: False
            Output Sync needed: False
            SC shield enabled: False
            POR State: ANY
            LCD Mode: COMMON
            Register Mode: RegComb
            CaSense Mode: NEITHER
            Treat as pin: True
            Is OE Registered: False
            Uses Analog: False
            Can contain Digital: True
            Is SIO: False
            SIO Output Buf: NONREGULATED
            SIO Input Buf: SINGLE_ENDED
            SIO HiFreq: LOW
            SIO Hyst: DISABLED
            SIO Vtrip: MULTIPLIER_0_5
            SIO RefSel: VCC_IO
            Required Capabilitites: DIGITAL
            Initial Value: 0
            IO Voltage: 0
        PORT MAP (
            pa_out => TP_P1_7(0)__PA ,
            pad => TP_P1_7(0)_PAD );
        Properties:
        {
        }

    Pin : Name = TP_P2_7(0)
        Attributes:
            In Group/Port: True
            In Sync Option: AUTO
            Out Sync Option: NOSYNC
            Interrupt generated: False
            Interrupt mode: NONE
            Drive mode: CMOS_OUT
            VTrip: EITHER
            Slew: FAST
            Input Sync needed: False
            Output Sync needed: False
            SC shield enabled: False
            POR State: ANY
            LCD Mode: COMMON
            Register Mode: RegComb
            CaSense Mode: NEITHER
            Treat as pin: True
            Is OE Registered: False
            Uses Analog: False
            Can contain Digital: True
            Is SIO: False
            SIO Output Buf: NONREGULATED
            SIO Input Buf: SINGLE_ENDED
            SIO HiFreq: LOW
            SIO Hyst: DISABLED
            SIO Vtrip: MULTIPLIER_0_5
            SIO RefSel: VCC_IO
            Required Capabilitites: DIGITAL
            Initial Value: 0
            IO Voltage: 0
        PORT MAP (
            pa_out => TP_P2_7(0)__PA ,
            pad => TP_P2_7(0)_PAD );
        Properties:
        {
        }

    Pin : Name = V_MEAS(0)
        Attributes:
            In Group/Port: True
            In Sync Option: AUTO
            Out Sync Option: AUTO
            Interrupt generated: False
            Interrupt mode: NONE
            Drive mode: HI_Z_ANALOG
            VTrip: EITHER
            Slew: FAST
            Input Sync needed: False
            Output Sync needed: False
            SC shield enabled: False
            POR State: ANY
            LCD Mode: COMMON
            Register Mode: RegComb
            CaSense Mode: NEITHER
            Treat as pin: True
            Is OE Registered: False
            Uses Analog: True
            Can contain Digital: False
            Is SIO: False
            SIO Output Buf: NONREGULATED
            SIO Input Buf: SINGLE_ENDED
            SIO HiFreq: LOW
            SIO Hyst: DISABLED
            SIO Vtrip: MULTIPLIER_0_5
            SIO RefSel: VCC_IO
            Required Capabilitites: ANALOG
            Initial Value: 1
            IO Voltage: 0
        PORT MAP (
            pa_out => V_MEAS(0)__PA ,
            analog_term => \ADC_SAR_Seq_1:mux_bus_plus_1\ ,
            pad => V_MEAS(0)_PAD );
        Properties:
        {
        }

    Pin : Name = \SPI_1:miso_m(0)\
        Attributes:
            In Group/Port: True
            In Sync Option: NOSYNC
            Out Sync Option: AUTO
            Interrupt generated: False
            Interrupt mode: NONE
            Drive mode: HI_Z_DIGITAL
            VTrip: CMOS
            Slew: FAST
            Input Sync needed: False
            Output Sync needed: False
            SC shield enabled: False
            POR State: ANY
            LCD Mode: COMMON
            Register Mode: RegComb
            CaSense Mode: NEITHER
            Treat as pin: True
            Is OE Registered: False
            Uses Analog: False
            Can contain Digital: True
            Is SIO: False
            SIO Output Buf: NONREGULATED
            SIO Input Buf: SINGLE_ENDED
            SIO HiFreq: LOW
            SIO Hyst: DISABLED
            SIO Vtrip: MULTIPLIER_0_5
            SIO RefSel: VCC_IO
            Required Capabilitites: DIGITAL, SPI_MISO
            Initial Value: 0
            IO Voltage: 0
        PORT MAP (
            pa_out => \SPI_1:miso_m(0)\__PA ,
            fb => \SPI_1:Net_663\ ,
            pad => \SPI_1:miso_m(0)_PAD\ );
        Properties:
        {
        }

    Pin : Name = \SPI_1:mosi_m(0)\
        Attributes:
            In Group/Port: True
            In Sync Option: NOSYNC
            Out Sync Option: NOSYNC
            Interrupt generated: False
            Interrupt mode: NONE
            Drive mode: CMOS_OUT
            VTrip: CMOS
            Slew: FAST
            Input Sync needed: False
            Output Sync needed: False
            SC shield enabled: False
            POR State: ANY
            LCD Mode: COMMON
            Register Mode: RegComb
            CaSense Mode: NEITHER
            Treat as pin: True
            Is OE Registered: False
            Uses Analog: False
            Can contain Digital: True
            Is SIO: False
            SIO Output Buf: NONREGULATED
            SIO Input Buf: SINGLE_ENDED
            SIO HiFreq: LOW
            SIO Hyst: DISABLED
            SIO Vtrip: MULTIPLIER_0_5
            SIO RefSel: VCC_IO
            Required Capabilitites: DIGITAL, SPI_MOSI
            Initial Value: 1
            IO Voltage: 0
        PORT MAP (
            pa_out => \SPI_1:mosi_m(0)\__PA ,
            input => \SPI_1:Net_660\ ,
            pad => \SPI_1:mosi_m(0)_PAD\ );
        Properties:
        {
        }

    Pin : Name = \SPI_1:sclk_m(0)\
        Attributes:
            In Group/Port: True
            In Sync Option: NOSYNC
            Out Sync Option: NOSYNC
            Interrupt generated: False
            Interrupt mode: NONE
            Drive mode: CMOS_OUT
            VTrip: CMOS
            Slew: FAST
            Input Sync needed: False
            Output Sync needed: False
            SC shield enabled: False
            POR State: ANY
            LCD Mode: COMMON
            Register Mode: RegComb
            CaSense Mode: NEITHER
            Treat as pin: True
            Is OE Registered: False
            Uses Analog: False
            Can contain Digital: True
            Is SIO: False
            SIO Output Buf: NONREGULATED
            SIO Input Buf: SINGLE_ENDED
            SIO HiFreq: LOW
            SIO Hyst: DISABLED
            SIO Vtrip: MULTIPLIER_0_5
            SIO RefSel: VCC_IO
            Required Capabilitites: DIGITAL, SPI_SCLK
            Initial Value: 1
            IO Voltage: 0
        PORT MAP (
            pa_out => \SPI_1:sclk_m(0)\__PA ,
            input => \SPI_1:Net_687\ ,
            pad => \SPI_1:sclk_m(0)_PAD\ );
        Properties:
        {
        }

    Pin : Name = \SPI_1:ss0_m(0)\
        Attributes:
            In Group/Port: True
            In Sync Option: NOSYNC
            Out Sync Option: NOSYNC
            Interrupt generated: False
            Interrupt mode: NONE
            Drive mode: CMOS_OUT
            VTrip: CMOS
            Slew: FAST
            Input Sync needed: False
            Output Sync needed: False
            SC shield enabled: False
            POR State: ANY
            LCD Mode: COMMON
            Register Mode: RegComb
            CaSense Mode: NEITHER
            Treat as pin: True
            Is OE Registered: False
            Uses Analog: False
            Can contain Digital: True
            Is SIO: False
            SIO Output Buf: NONREGULATED
            SIO Input Buf: SINGLE_ENDED
            SIO HiFreq: LOW
            SIO Hyst: DISABLED
            SIO Vtrip: MULTIPLIER_0_5
            SIO RefSel: VCC_IO
            Required Capabilitites: DIGITAL, SPI_SS
            Initial Value: 1
            IO Voltage: 0
        PORT MAP (
            pa_out => \SPI_1:ss0_m(0)\__PA ,
            input => \SPI_1:ss_0\ ,
            pad => \SPI_1:ss0_m(0)_PAD\ );
        Properties:
        {
        }
    </CYPRESSTAG>
    <CYPRESSTAG name="Macrocell listing" icon="FILE_RPT_EQUATION">
    </CYPRESSTAG>
    <CYPRESSTAG name="Datapath listing">
    </CYPRESSTAG>
    <CYPRESSTAG name="Status register listing">
    </CYPRESSTAG>
    <CYPRESSTAG name="StatusI register listing">
    </CYPRESSTAG>
    <CYPRESSTAG name="Sync listing">
    </CYPRESSTAG>
    <CYPRESSTAG name="Control register listing">
    </CYPRESSTAG>
    <CYPRESSTAG name="Count7 listing">
    </CYPRESSTAG>
    <CYPRESSTAG name="DRQ listing">
    </CYPRESSTAG>
    <CYPRESSTAG name="Interrupt listing">

    ------------------------------------------------------------
    Interrupt listing
    ------------------------------------------------------------

    interrupt: Name =\ADC_SAR_Seq_1:IRQ\
        PORT MAP (
            interrupt => \ADC_SAR_Seq_1:Net_3112\ );
        Properties:
        {
            int_type = "10"
        }

    interrupt: Name =\BLE_1:bless_isr\
        PORT MAP (
            interrupt => \BLE_1:Net_15\ );
        Properties:
        {
            int_type = "10"
        }
    </CYPRESSTAG>
</CYPRESSTAG>
<CYPRESSTAG name="Technology mapping summary" expanded>

------------------------------------------------------------
Technology mapping summary
------------------------------------------------------------

Resource Type                 : Used : Free :  Max :  % Used
============================================================
Digital clock dividers        :    0 :    4 :    4 :   0.00%
Pins                          :   22 :   16 :   38 :  57.89%
UDB Macrocells                :    0 :   32 :   32 :   0.00%
UDB Unique Pterms             :    0 :   64 :   64 :   0.00%
UDB Datapath Cells            :    0 :    4 :    4 :   0.00%
UDB Status Cells              :    0 :    4 :    4 :   0.00%
UDB Control Cells             :    0 :    4 :    4 :   0.00%
Interrupts                    :    2 :   30 :   32 :   6.25%
Comparator/Opamp Fixed Blocks :    0 :    4 :    4 :   0.00%
SAR Fixed Blocks              :    1 :    0 :    1 : 100.00%
CSD Fixed Blocks              :    0 :    1 :    1 :   0.00%
CapSense Blocks               :    0 :    1 :    1 :   0.00%
8-bit CapSense IDACs          :    0 :    1 :    1 :   0.00%
7-bit CapSense IDACs          :    0 :    1 :    1 :   0.00%
Temperature Sensors           :    0 :    1 :    1 :   0.00%
Low Power Comparators         :    0 :    2 :    2 :   0.00%
TCPWM Blocks                  :    0 :    4 :    4 :   0.00%
Serial Communication Blocks   :    1 :    1 :    2 :  50.00%
Segment LCD Blocks            :    0 :    1 :    1 :   0.00%
Bluetooth Low Energy Blocks   :    1 :    0 :    1 : 100.00%
</CYPRESSTAG>
Technology Mapping: Elapsed time ==> 0s.328ms
Tech mapping phase: Elapsed time ==> 0s.357ms
</CYPRESSTAG>
<CYPRESSTAG name="Analog Placement">
<CYPRESSTAG name="Analog Placement">
Elapsed time ==> 0.0086568s
</CYPRESSTAG>
Analog Placement phase: Elapsed time ==> 0s.023ms
</CYPRESSTAG>
<CYPRESSTAG name="Analog Routing">
<CYPRESSTAG name="Analog Routing">
Route success=True, Iterations=1 Elapsed=0.0092407 secs
</CYPRESSTAG>
Analog Routing phase: Elapsed time ==> 0s.009ms
</CYPRESSTAG>
<CYPRESSTAG name="Analog Code Generation">
============ Analog Final Answer Routes ============
Dump of CyAnalogRoutingResultsDB
Map of net to items {
  Net: \ADC_SAR_Seq_1:Net_2580\ {
  }
  Net: \ADC_SAR_Seq_1:Net_3016\ {
  }
  Net: \ADC_SAR_Seq_1:Net_3046\ {
  }
  Net: \ADC_SAR_Seq_1:Net_43\ {
  }
  Net: \ADC_SAR_Seq_1:Net_8\ {
  }
  Net: \ADC_SAR_Seq_1:mux_bus_minus_0\ {
  }
  Net: \ADC_SAR_Seq_1:mux_bus_minus_1\ {
  }
  Net: \ADC_SAR_Seq_1:mux_bus_minus_2\ {
  }
  Net: \ADC_SAR_Seq_1:mux_bus_minus_3\ {
  }
  Net: \ADC_SAR_Seq_1:mux_bus_plus_0\ {
    p3_0
  }
  Net: \ADC_SAR_Seq_1:mux_bus_plus_1\ {
    p3_1
  }
  Net: \ADC_SAR_Seq_1:mux_bus_plus_2\ {
    p3_2
  }
  Net: \ADC_SAR_Seq_1:mux_bus_plus_3\ {
    p3_3
  }
  Net: \ADC_SAR_Seq_1:Net_2020\ {
    PASS0_sarmux_vplus
  }
  Net: AMuxNet::\ADC_SAR_Seq_1:cy_psoc4_sarmux_8\_CYAMUXSIDE_A {
    PASS0_SARMUX0_sw0
    PASS0_SARMUX0_sw1
    PASS0_SARMUX0_sw2
    PASS0_SARMUX0_sw3
  }
  Net: \ADC_SAR_Seq_1:Net_124\ {
    PASS0_sarmux_vminus
  }
  Net: AMuxNet::\ADC_SAR_Seq_1:cy_psoc4_sarmux_8\_CYAMUXSIDE_B {
  }
}
Map of item to net {
  p3_0                                             -> \ADC_SAR_Seq_1:mux_bus_plus_0\
  p3_1                                             -> \ADC_SAR_Seq_1:mux_bus_plus_1\
  p3_2                                             -> \ADC_SAR_Seq_1:mux_bus_plus_2\
  p3_3                                             -> \ADC_SAR_Seq_1:mux_bus_plus_3\
  PASS0_sarmux_vplus                               -> \ADC_SAR_Seq_1:Net_2020\
  PASS0_SARMUX0_sw0                                -> AMuxNet::\ADC_SAR_Seq_1:cy_psoc4_sarmux_8\_CYAMUXSIDE_A
  PASS0_SARMUX0_sw1                                -> AMuxNet::\ADC_SAR_Seq_1:cy_psoc4_sarmux_8\_CYAMUXSIDE_A
  PASS0_SARMUX0_sw2                                -> AMuxNet::\ADC_SAR_Seq_1:cy_psoc4_sarmux_8\_CYAMUXSIDE_A
  PASS0_SARMUX0_sw3                                -> AMuxNet::\ADC_SAR_Seq_1:cy_psoc4_sarmux_8\_CYAMUXSIDE_A
  PASS0_sarmux_vminus                              -> \ADC_SAR_Seq_1:Net_124\
}
Mux Info {
  Mux: \ADC_SAR_Seq_1:cy_psoc4_sarmux_8\_CYAMUXSIDE_A {
     Mouth: \ADC_SAR_Seq_1:Net_2020\
     Guts:  AMuxNet::\ADC_SAR_Seq_1:cy_psoc4_sarmux_8\_CYAMUXSIDE_A
     IsSingleSwitching: False
     IsStaticSwitching: False
     IsAtMostOneSwitch: True
    Arm: 0 {
      Net:   \ADC_SAR_Seq_1:mux_bus_plus_0\
      Outer: PASS0_SARMUX0_sw0
      Inner: __open__
      Path {
        PASS0_SARMUX0_sw0
        p3_0
      }
    }
    Arm: 1 {
      Net:   \ADC_SAR_Seq_1:mux_bus_plus_1\
      Outer: PASS0_SARMUX0_sw1
      Inner: __open__
      Path {
        PASS0_SARMUX0_sw1
        p3_1
      }
    }
    Arm: 2 {
      Net:   \ADC_SAR_Seq_1:mux_bus_plus_2\
      Outer: PASS0_SARMUX0_sw2
      Inner: __open__
      Path {
        PASS0_SARMUX0_sw2
        p3_2
      }
    }
    Arm: 3 {
      Net:   \ADC_SAR_Seq_1:mux_bus_plus_3\
      Outer: PASS0_SARMUX0_sw3
      Inner: __open__
      Path {
        PASS0_SARMUX0_sw3
        p3_3
      }
    }
  }
  Mux: \ADC_SAR_Seq_1:cy_psoc4_sarmux_8\_CYAMUXSIDE_B {
     Mouth: \ADC_SAR_Seq_1:Net_124\
     Guts:  AMuxNet::\ADC_SAR_Seq_1:cy_psoc4_sarmux_8\_CYAMUXSIDE_B
     IsSingleSwitching: False
     IsStaticSwitching: False
     IsAtMostOneSwitch: True
    Arm: 0 {
      Net:   \ADC_SAR_Seq_1:Net_2580\
      Outer: __open__
      Inner: __open__
      Path {
      }
    }
    Arm: 1 {
      Net:   \ADC_SAR_Seq_1:Net_2580\
      Outer: __open__
      Inner: __open__
      Path {
      }
    }
    Arm: 2 {
      Net:   \ADC_SAR_Seq_1:Net_2580\
      Outer: __open__
      Inner: __open__
      Path {
      }
    }
    Arm: 3 {
      Net:   \ADC_SAR_Seq_1:Net_2580\
      Outer: __open__
      Inner: __open__
      Path {
      }
    }
  }
}
Analog Code Generation phase: Elapsed time ==> 0s.107ms
</CYPRESSTAG>
<CYPRESSTAG name="Digital Placement">
<CYPRESSTAG name="Detailed placement messages">
I2659: No Constrained paths were found. The placer will run in non-timing driven mode.
I2076: Total run-time: 0.1 sec.

</CYPRESSTAG>
<CYPRESSTAG name="PLD Packing">
<CYPRESSTAG name="PLD Packing Summary">
No PLDs were packed.
</CYPRESSTAG>
PLD Packing: Elapsed time ==> 0s.000ms
</CYPRESSTAG>
<CYPRESSTAG name="Partitioning">
<CYPRESSTAG name="Initial Partitioning Summary">
Initial Partitioning Summary not displayed at this verbose level.</CYPRESSTAG>
<CYPRESSTAG name="Final Partitioning Summary">
Final Partitioning Summary not displayed at this verbose level.</CYPRESSTAG>
Partitioning: Elapsed time ==> 0s.012ms
</CYPRESSTAG>
<CYPRESSTAG name="Simulated Annealing">
Annealing: Elapsed time ==> 0s.001ms
<CYPRESSTAG name="Simulated Annealing Results">
The seed used for moves was 114161200.
Inital cost was 19, final cost is 19 (0.00% improvement).</CYPRESSTAG>
</CYPRESSTAG>
<CYPRESSTAG name="Final Placement Summary">

------------------------------------------------------------
Final Placement Summary
------------------------------------------------------------

       Resource Type :      Count : Avg Inputs : Avg Outputs
    ========================================================
                 UDB :          0 :       0.00 :       0.00
<CYPRESSTAG name="Final Placement Details">
<CYPRESSTAG name="Component Details">

------------------------------------------------------------
Component Placement Details
------------------------------------------------------------
UDB [UDB=(0,0)] is empty.
UDB [UDB=(0,1)] is empty.
UDB [UDB=(1,0)] is empty.
UDB [UDB=(1,1)] is empty.
Intr hod @ [IntrHod=(0)]: 
  Intr@ [IntrHod=(0)][IntrId=(12)] 
    interrupt: Name =\BLE_1:bless_isr\
        PORT MAP (
            interrupt => \BLE_1:Net_15\ );
        Properties:
        {
            int_type = "10"
        }
  Intr@ [IntrHod=(0)][IntrId=(15)] 
    interrupt: Name =\ADC_SAR_Seq_1:IRQ\
        PORT MAP (
            interrupt => \ADC_SAR_Seq_1:Net_3112\ );
        Properties:
        {
            int_type = "10"
        }
Port 0 contains the following IO cells:
[IoId=2]: 
Pin : Name = TP_P0_2(0)
    Attributes:
        In Group/Port: True
        In Sync Option: AUTO
        Out Sync Option: NOSYNC
        Interrupt generated: False
        Interrupt mode: NONE
        Drive mode: CMOS_OUT
        VTrip: EITHER
        Slew: FAST
        Input Sync needed: False
        Output Sync needed: False
        SC shield enabled: False
        POR State: ANY
        LCD Mode: COMMON
        Register Mode: RegComb
        CaSense Mode: NEITHER
        Treat as pin: True
        Is OE Registered: False
        Uses Analog: False
        Can contain Digital: True
        Is SIO: False
        SIO Output Buf: NONREGULATED
        SIO Input Buf: SINGLE_ENDED
        SIO HiFreq: LOW
        SIO Hyst: DISABLED
        SIO Vtrip: MULTIPLIER_0_5
        SIO RefSel: VCC_IO
        Required Capabilitites: DIGITAL
        Initial Value: 0
        IO Voltage: 0
    PORT MAP (
        pa_out => TP_P0_2(0)__PA ,
        pad => TP_P0_2(0)_PAD );
    Properties:
    {
    }

[IoId=3]: 
Pin : Name = TP_P0_3(0)
    Attributes:
        In Group/Port: True
        In Sync Option: AUTO
        Out Sync Option: NOSYNC
        Interrupt generated: False
        Interrupt mode: NONE
        Drive mode: CMOS_OUT
        VTrip: EITHER
        Slew: FAST
        Input Sync needed: False
        Output Sync needed: False
        SC shield enabled: False
        POR State: ANY
        LCD Mode: COMMON
        Register Mode: RegComb
        CaSense Mode: NEITHER
        Treat as pin: True
        Is OE Registered: False
        Uses Analog: False
        Can contain Digital: True
        Is SIO: False
        SIO Output Buf: NONREGULATED
        SIO Input Buf: SINGLE_ENDED
        SIO HiFreq: LOW
        SIO Hyst: DISABLED
        SIO Vtrip: MULTIPLIER_0_5
        SIO RefSel: VCC_IO
        Required Capabilitites: DIGITAL
        Initial Value: 0
        IO Voltage: 0
    PORT MAP (
        pa_out => TP_P0_3(0)__PA ,
        pad => TP_P0_3(0)_PAD );
    Properties:
    {
    }

Port 1 contains the following IO cells:
[IoId=0]: 
Pin : Name = LED_R(0)
    Attributes:
        In Group/Port: True
        In Sync Option: AUTO
        Out Sync Option: NOSYNC
        Interrupt generated: False
        Interrupt mode: NONE
        Drive mode: CMOS_OUT
        VTrip: EITHER
        Slew: FAST
        Input Sync needed: False
        Output Sync needed: False
        SC shield enabled: False
        POR State: ANY
        LCD Mode: COMMON
        Register Mode: RegComb
        CaSense Mode: NEITHER
        Treat as pin: True
        Is OE Registered: False
        Uses Analog: False
        Can contain Digital: True
        Is SIO: False
        SIO Output Buf: NONREGULATED
        SIO Input Buf: SINGLE_ENDED
        SIO HiFreq: LOW
        SIO Hyst: DISABLED
        SIO Vtrip: MULTIPLIER_0_5
        SIO RefSel: VCC_IO
        Required Capabilitites: DIGITAL
        Initial Value: 0
        IO Voltage: 0
    PORT MAP (
        pa_out => LED_R(0)__PA ,
        pad => LED_R(0)_PAD );
    Properties:
    {
    }

[IoId=1]: 
Pin : Name = LED_G(0)
    Attributes:
        In Group/Port: True
        In Sync Option: AUTO
        Out Sync Option: NOSYNC
        Interrupt generated: False
        Interrupt mode: NONE
        Drive mode: CMOS_OUT
        VTrip: EITHER
        Slew: FAST
        Input Sync needed: False
        Output Sync needed: False
        SC shield enabled: False
        POR State: ANY
        LCD Mode: COMMON
        Register Mode: RegComb
        CaSense Mode: NEITHER
        Treat as pin: True
        Is OE Registered: False
        Uses Analog: False
        Can contain Digital: True
        Is SIO: False
        SIO Output Buf: NONREGULATED
        SIO Input Buf: SINGLE_ENDED
        SIO HiFreq: LOW
        SIO Hyst: DISABLED
        SIO Vtrip: MULTIPLIER_0_5
        SIO RefSel: VCC_IO
        Required Capabilitites: DIGITAL
        Initial Value: 0
        IO Voltage: 0
    PORT MAP (
        pa_out => LED_G(0)__PA ,
        pad => LED_G(0)_PAD );
    Properties:
    {
    }

[IoId=2]: 
Pin : Name = LED_B(0)
    Attributes:
        In Group/Port: True
        In Sync Option: AUTO
        Out Sync Option: NOSYNC
        Interrupt generated: False
        Interrupt mode: NONE
        Drive mode: CMOS_OUT
        VTrip: EITHER
        Slew: FAST
        Input Sync needed: False
        Output Sync needed: False
        SC shield enabled: False
        POR State: ANY
        LCD Mode: COMMON
        Register Mode: RegComb
        CaSense Mode: NEITHER
        Treat as pin: True
        Is OE Registered: False
        Uses Analog: False
        Can contain Digital: True
        Is SIO: False
        SIO Output Buf: NONREGULATED
        SIO Input Buf: SINGLE_ENDED
        SIO HiFreq: LOW
        SIO Hyst: DISABLED
        SIO Vtrip: MULTIPLIER_0_5
        SIO RefSel: VCC_IO
        Required Capabilitites: DIGITAL
        Initial Value: 0
        IO Voltage: 0
    PORT MAP (
        pa_out => LED_B(0)__PA ,
        pad => LED_B(0)_PAD );
    Properties:
    {
    }

[IoId=3]: 
Pin : Name = NOT_BTN(0)
    Attributes:
        In Group/Port: True
        In Sync Option: SYNC
        Out Sync Option: AUTO
        Interrupt generated: False
        Interrupt mode: NONE
        Drive mode: HI_Z_DIGITAL
        VTrip: CMOS
        Slew: FAST
        Input Sync needed: True
        Output Sync needed: False
        SC shield enabled: False
        POR State: ANY
        LCD Mode: COMMON
        Register Mode: RegComb
        CaSense Mode: NEITHER
        Treat as pin: True
        Is OE Registered: False
        Uses Analog: False
        Can contain Digital: True
        Is SIO: False
        SIO Output Buf: NONREGULATED
        SIO Input Buf: SINGLE_ENDED
        SIO HiFreq: LOW
        SIO Hyst: DISABLED
        SIO Vtrip: MULTIPLIER_0_5
        SIO RefSel: VCC_IO
        Required Capabilitites: DIGITAL, ROUTABLE
        Initial Value: 0
        IO Voltage: 0
    PORT MAP (
        pa_out => NOT_BTN(0)__PA ,
        pad => NOT_BTN(0)_PAD );
    Properties:
    {
    }

[IoId=4]: 
Pin : Name = FR_STBY(0)
    Attributes:
        In Group/Port: True
        In Sync Option: AUTO
        Out Sync Option: NOSYNC
        Interrupt generated: False
        Interrupt mode: NONE
        Drive mode: CMOS_OUT
        VTrip: EITHER
        Slew: FAST
        Input Sync needed: False
        Output Sync needed: False
        SC shield enabled: False
        POR State: ANY
        LCD Mode: COMMON
        Register Mode: RegComb
        CaSense Mode: NEITHER
        Treat as pin: True
        Is OE Registered: False
        Uses Analog: False
        Can contain Digital: True
        Is SIO: False
        SIO Output Buf: NONREGULATED
        SIO Input Buf: SINGLE_ENDED
        SIO HiFreq: LOW
        SIO Hyst: DISABLED
        SIO Vtrip: MULTIPLIER_0_5
        SIO RefSel: VCC_IO
        Required Capabilitites: DIGITAL
        Initial Value: 0
        IO Voltage: 0
    PORT MAP (
        pa_out => FR_STBY(0)__PA ,
        pad => FR_STBY(0)_PAD );
    Properties:
    {
    }

[IoId=5]: 
Pin : Name = H(0)
    Attributes:
        In Group/Port: True
        In Sync Option: AUTO
        Out Sync Option: NOSYNC
        Interrupt generated: False
        Interrupt mode: NONE
        Drive mode: CMOS_OUT
        VTrip: EITHER
        Slew: FAST
        Input Sync needed: False
        Output Sync needed: False
        SC shield enabled: False
        POR State: ANY
        LCD Mode: COMMON
        Register Mode: RegComb
        CaSense Mode: NEITHER
        Treat as pin: True
        Is OE Registered: False
        Uses Analog: False
        Can contain Digital: True
        Is SIO: False
        SIO Output Buf: NONREGULATED
        SIO Input Buf: SINGLE_ENDED
        SIO HiFreq: LOW
        SIO Hyst: DISABLED
        SIO Vtrip: MULTIPLIER_0_5
        SIO RefSel: VCC_IO
        Required Capabilitites: DIGITAL
        Initial Value: 0
        IO Voltage: 0
    PORT MAP (
        pa_out => H(0)__PA ,
        pad => H(0)_PAD );
    Properties:
    {
    }

[IoId=7]: 
Pin : Name = TP_P1_7(0)
    Attributes:
        In Group/Port: True
        In Sync Option: AUTO
        Out Sync Option: NOSYNC
        Interrupt generated: False
        Interrupt mode: NONE
        Drive mode: CMOS_OUT
        VTrip: EITHER
        Slew: FAST
        Input Sync needed: False
        Output Sync needed: False
        SC shield enabled: False
        POR State: ANY
        LCD Mode: COMMON
        Register Mode: RegComb
        CaSense Mode: NEITHER
        Treat as pin: True
        Is OE Registered: False
        Uses Analog: False
        Can contain Digital: True
        Is SIO: False
        SIO Output Buf: NONREGULATED
        SIO Input Buf: SINGLE_ENDED
        SIO HiFreq: LOW
        SIO Hyst: DISABLED
        SIO Vtrip: MULTIPLIER_0_5
        SIO RefSel: VCC_IO
        Required Capabilitites: DIGITAL
        Initial Value: 0
        IO Voltage: 0
    PORT MAP (
        pa_out => TP_P1_7(0)__PA ,
        pad => TP_P1_7(0)_PAD );
    Properties:
    {
    }

Port 2 contains the following IO cells:
[IoId=7]: 
Pin : Name = TP_P2_7(0)
    Attributes:
        In Group/Port: True
        In Sync Option: AUTO
        Out Sync Option: NOSYNC
        Interrupt generated: False
        Interrupt mode: NONE
        Drive mode: CMOS_OUT
        VTrip: EITHER
        Slew: FAST
        Input Sync needed: False
        Output Sync needed: False
        SC shield enabled: False
        POR State: ANY
        LCD Mode: COMMON
        Register Mode: RegComb
        CaSense Mode: NEITHER
        Treat as pin: True
        Is OE Registered: False
        Uses Analog: False
        Can contain Digital: True
        Is SIO: False
        SIO Output Buf: NONREGULATED
        SIO Input Buf: SINGLE_ENDED
        SIO HiFreq: LOW
        SIO Hyst: DISABLED
        SIO Vtrip: MULTIPLIER_0_5
        SIO RefSel: VCC_IO
        Required Capabilitites: DIGITAL
        Initial Value: 0
        IO Voltage: 0
    PORT MAP (
        pa_out => TP_P2_7(0)__PA ,
        pad => TP_P2_7(0)_PAD );
    Properties:
    {
    }

Port 3 contains the following IO cells:
[IoId=0]: 
Pin : Name = I_MEAS(0)
    Attributes:
        In Group/Port: True
        In Sync Option: AUTO
        Out Sync Option: AUTO
        Interrupt generated: False
        Interrupt mode: NONE
        Drive mode: HI_Z_ANALOG
        VTrip: EITHER
        Slew: FAST
        Input Sync needed: False
        Output Sync needed: False
        SC shield enabled: False
        POR State: ANY
        LCD Mode: COMMON
        Register Mode: RegComb
        CaSense Mode: NEITHER
        Treat as pin: True
        Is OE Registered: False
        Uses Analog: True
        Can contain Digital: False
        Is SIO: False
        SIO Output Buf: NONREGULATED
        SIO Input Buf: SINGLE_ENDED
        SIO HiFreq: LOW
        SIO Hyst: DISABLED
        SIO Vtrip: MULTIPLIER_0_5
        SIO RefSel: VCC_IO
        Required Capabilitites: ANALOG
        Initial Value: 1
        IO Voltage: 0
    PORT MAP (
        pa_out => I_MEAS(0)__PA ,
        analog_term => \ADC_SAR_Seq_1:mux_bus_plus_0\ ,
        pad => I_MEAS(0)_PAD );
    Properties:
    {
    }

[IoId=1]: 
Pin : Name = V_MEAS(0)
    Attributes:
        In Group/Port: True
        In Sync Option: AUTO
        Out Sync Option: AUTO
        Interrupt generated: False
        Interrupt mode: NONE
        Drive mode: HI_Z_ANALOG
        VTrip: EITHER
        Slew: FAST
        Input Sync needed: False
        Output Sync needed: False
        SC shield enabled: False
        POR State: ANY
        LCD Mode: COMMON
        Register Mode: RegComb
        CaSense Mode: NEITHER
        Treat as pin: True
        Is OE Registered: False
        Uses Analog: True
        Can contain Digital: False
        Is SIO: False
        SIO Output Buf: NONREGULATED
        SIO Input Buf: SINGLE_ENDED
        SIO HiFreq: LOW
        SIO Hyst: DISABLED
        SIO Vtrip: MULTIPLIER_0_5
        SIO RefSel: VCC_IO
        Required Capabilitites: ANALOG
        Initial Value: 1
        IO Voltage: 0
    PORT MAP (
        pa_out => V_MEAS(0)__PA ,
        analog_term => \ADC_SAR_Seq_1:mux_bus_plus_1\ ,
        pad => V_MEAS(0)_PAD );
    Properties:
    {
    }

[IoId=2]: 
Pin : Name = H_CS(0)
    Attributes:
        In Group/Port: True
        In Sync Option: AUTO
        Out Sync Option: AUTO
        Interrupt generated: False
        Interrupt mode: NONE
        Drive mode: HI_Z_ANALOG
        VTrip: EITHER
        Slew: FAST
        Input Sync needed: False
        Output Sync needed: False
        SC shield enabled: False
        POR State: ANY
        LCD Mode: COMMON
        Register Mode: RegComb
        CaSense Mode: NEITHER
        Treat as pin: True
        Is OE Registered: False
        Uses Analog: True
        Can contain Digital: False
        Is SIO: False
        SIO Output Buf: NONREGULATED
        SIO Input Buf: SINGLE_ENDED
        SIO HiFreq: LOW
        SIO Hyst: DISABLED
        SIO Vtrip: MULTIPLIER_0_5
        SIO RefSel: VCC_IO
        Required Capabilitites: ANALOG
        Initial Value: 1
        IO Voltage: 0
    PORT MAP (
        pa_out => H_CS(0)__PA ,
        analog_term => \ADC_SAR_Seq_1:mux_bus_plus_2\ ,
        pad => H_CS(0)_PAD );
    Properties:
    {
    }

[IoId=3]: 
Pin : Name = P3_3(0)
    Attributes:
        In Group/Port: True
        In Sync Option: AUTO
        Out Sync Option: AUTO
        Interrupt generated: False
        Interrupt mode: NONE
        Drive mode: HI_Z_ANALOG
        VTrip: EITHER
        Slew: FAST
        Input Sync needed: False
        Output Sync needed: False
        SC shield enabled: False
        POR State: ANY
        LCD Mode: COMMON
        Register Mode: RegComb
        CaSense Mode: NEITHER
        Treat as pin: True
        Is OE Registered: False
        Uses Analog: True
        Can contain Digital: False
        Is SIO: False
        SIO Output Buf: NONREGULATED
        SIO Input Buf: SINGLE_ENDED
        SIO HiFreq: LOW
        SIO Hyst: DISABLED
        SIO Vtrip: MULTIPLIER_0_5
        SIO RefSel: VCC_IO
        Required Capabilitites: ANALOG
        Initial Value: 1
        IO Voltage: 0
    PORT MAP (
        pa_out => P3_3(0)__PA ,
        analog_term => \ADC_SAR_Seq_1:mux_bus_plus_3\ ,
        pad => P3_3(0)_PAD );
    Properties:
    {
    }

Port 4 contains the following IO cells:
[IoId=0]: 
Pin : Name = \SPI_1:mosi_m(0)\
    Attributes:
        In Group/Port: True
        In Sync Option: NOSYNC
        Out Sync Option: NOSYNC
        Interrupt generated: False
        Interrupt mode: NONE
        Drive mode: CMOS_OUT
        VTrip: CMOS
        Slew: FAST
        Input Sync needed: False
        Output Sync needed: False
        SC shield enabled: False
        POR State: ANY
        LCD Mode: COMMON
        Register Mode: RegComb
        CaSense Mode: NEITHER
        Treat as pin: True
        Is OE Registered: False
        Uses Analog: False
        Can contain Digital: True
        Is SIO: False
        SIO Output Buf: NONREGULATED
        SIO Input Buf: SINGLE_ENDED
        SIO HiFreq: LOW
        SIO Hyst: DISABLED
        SIO Vtrip: MULTIPLIER_0_5
        SIO RefSel: VCC_IO
        Required Capabilitites: DIGITAL, SPI_MOSI
        Initial Value: 1
        IO Voltage: 0
    PORT MAP (
        pa_out => \SPI_1:mosi_m(0)\__PA ,
        input => \SPI_1:Net_660\ ,
        pad => \SPI_1:mosi_m(0)_PAD\ );
    Properties:
    {
    }

[IoId=1]: 
Pin : Name = \SPI_1:miso_m(0)\
    Attributes:
        In Group/Port: True
        In Sync Option: NOSYNC
        Out Sync Option: AUTO
        Interrupt generated: False
        Interrupt mode: NONE
        Drive mode: HI_Z_DIGITAL
        VTrip: CMOS
        Slew: FAST
        Input Sync needed: False
        Output Sync needed: False
        SC shield enabled: False
        POR State: ANY
        LCD Mode: COMMON
        Register Mode: RegComb
        CaSense Mode: NEITHER
        Treat as pin: True
        Is OE Registered: False
        Uses Analog: False
        Can contain Digital: True
        Is SIO: False
        SIO Output Buf: NONREGULATED
        SIO Input Buf: SINGLE_ENDED
        SIO HiFreq: LOW
        SIO Hyst: DISABLED
        SIO Vtrip: MULTIPLIER_0_5
        SIO RefSel: VCC_IO
        Required Capabilitites: DIGITAL, SPI_MISO
        Initial Value: 0
        IO Voltage: 0
    PORT MAP (
        pa_out => \SPI_1:miso_m(0)\__PA ,
        fb => \SPI_1:Net_663\ ,
        pad => \SPI_1:miso_m(0)_PAD\ );
    Properties:
    {
    }

Port 5 contains the following IO cells:
[IoId=0]: 
Pin : Name = \SPI_1:ss0_m(0)\
    Attributes:
        In Group/Port: True
        In Sync Option: NOSYNC
        Out Sync Option: NOSYNC
        Interrupt generated: False
        Interrupt mode: NONE
        Drive mode: CMOS_OUT
        VTrip: CMOS
        Slew: FAST
        Input Sync needed: False
        Output Sync needed: False
        SC shield enabled: False
        POR State: ANY
        LCD Mode: COMMON
        Register Mode: RegComb
        CaSense Mode: NEITHER
        Treat as pin: True
        Is OE Registered: False
        Uses Analog: False
        Can contain Digital: True
        Is SIO: False
        SIO Output Buf: NONREGULATED
        SIO Input Buf: SINGLE_ENDED
        SIO HiFreq: LOW
        SIO Hyst: DISABLED
        SIO Vtrip: MULTIPLIER_0_5
        SIO RefSel: VCC_IO
        Required Capabilitites: DIGITAL, SPI_SS
        Initial Value: 1
        IO Voltage: 0
    PORT MAP (
        pa_out => \SPI_1:ss0_m(0)\__PA ,
        input => \SPI_1:ss_0\ ,
        pad => \SPI_1:ss0_m(0)_PAD\ );
    Properties:
    {
    }

[IoId=1]: 
Pin : Name = \SPI_1:sclk_m(0)\
    Attributes:
        In Group/Port: True
        In Sync Option: NOSYNC
        Out Sync Option: NOSYNC
        Interrupt generated: False
        Interrupt mode: NONE
        Drive mode: CMOS_OUT
        VTrip: CMOS
        Slew: FAST
        Input Sync needed: False
        Output Sync needed: False
        SC shield enabled: False
        POR State: ANY
        LCD Mode: COMMON
        Register Mode: RegComb
        CaSense Mode: NEITHER
        Treat as pin: True
        Is OE Registered: False
        Uses Analog: False
        Can contain Digital: True
        Is SIO: False
        SIO Output Buf: NONREGULATED
        SIO Input Buf: SINGLE_ENDED
        SIO HiFreq: LOW
        SIO Hyst: DISABLED
        SIO Vtrip: MULTIPLIER_0_5
        SIO RefSel: VCC_IO
        Required Capabilitites: DIGITAL, SPI_SCLK
        Initial Value: 1
        IO Voltage: 0
    PORT MAP (
        pa_out => \SPI_1:sclk_m(0)\__PA ,
        input => \SPI_1:Net_687\ ,
        pad => \SPI_1:sclk_m(0)_PAD\ );
    Properties:
    {
    }

Port 6 is empty
Clock group 0: 
    M0S8 Clock Block @ [FFB(Clock,0)]: 
    m0s8clockblockcell: Name =ClockBlock
        PORT MAP (
            dsi_in_0 => ClockBlock_Routed1 ,
            eco => ClockBlock_ECO ,
            wco => ClockBlock_WCO ,
            lfclk => ClockBlock_LFCLK ,
            ilo => ClockBlock_ILO ,
            sysclk => ClockBlock_SYSCLK ,
            ext => ClockBlock_EXTCLK ,
            imo => ClockBlock_IMO ,
            hfclk => ClockBlock_HFCLK ,
            ff_div_1 => \SPI_1:Net_847_ff1\ ,
            ff_div_6 => \ADC_SAR_Seq_1:Net_1845_ff6\ );
        Properties:
        {
        }
PM group 0: empty
SPC group 0: empty
WDT group 0: empty
FSS group 0: empty
Low Power Comparator group 0: empty
Serial Communication Block group 0: 
    Scb Block @ [FFB(SCB,1)]: 
    m0s8scbcell: Name =\SPI_1:SCB\
        PORT MAP (
            clock => \SPI_1:Net_847_ff1\ ,
            interrupt => Net_1009 ,
            tx => \SPI_1:Net_656\ ,
            rts => \SPI_1:Net_751\ ,
            mosi_m => \SPI_1:Net_660\ ,
            miso_m => \SPI_1:Net_663\ ,
            select_m_3 => \SPI_1:ss_3\ ,
            select_m_2 => \SPI_1:ss_2\ ,
            select_m_1 => \SPI_1:ss_1\ ,
            select_m_0 => \SPI_1:ss_0\ ,
            sclk_m => \SPI_1:Net_687\ ,
            miso_s => \SPI_1:Net_703\ ,
            tx_req => \SPI_1:Net_823\ ,
            rx_req => \SPI_1:Net_824\ );
        Properties:
        {
            cy_registers = ""
            scb_mode = 1
        }
CSD Fixed Block group 0: empty
8-bit CapSense IDAC group 0: empty
7-bit CapSense IDAC group 0: empty
TCPWM Block group 0: empty
Comparator/Opamp Fixed Block group 0: empty
Temperature Sensor group 0: empty
SAR Fixed Block group 0: 
    PSoC4 SAR Fixed Block @ [FFB(SARADC,0)]:
        p4sarcell: Name =\ADC_SAR_Seq_1:cy_psoc4_sar\
            PORT MAP (
                vplus => \ADC_SAR_Seq_1:Net_2020\ ,
                vminus => \ADC_SAR_Seq_1:Net_124\ ,
                vref => \ADC_SAR_Seq_1:Net_8\ ,
                ext_vref => \ADC_SAR_Seq_1:Net_43\ ,
                clock => \ADC_SAR_Seq_1:Net_1845_ff6\ ,
                sample_done => Net_1012 ,
                chan_id_valid => \ADC_SAR_Seq_1:Net_3108\ ,
                chan_id_3 => \ADC_SAR_Seq_1:Net_3109_3\ ,
                chan_id_2 => \ADC_SAR_Seq_1:Net_3109_2\ ,
                chan_id_1 => \ADC_SAR_Seq_1:Net_3109_1\ ,
                chan_id_0 => \ADC_SAR_Seq_1:Net_3109_0\ ,
                data_valid => \ADC_SAR_Seq_1:Net_3110\ ,
                data_11 => \ADC_SAR_Seq_1:Net_3111_11\ ,
                data_10 => \ADC_SAR_Seq_1:Net_3111_10\ ,
                data_9 => \ADC_SAR_Seq_1:Net_3111_9\ ,
                data_8 => \ADC_SAR_Seq_1:Net_3111_8\ ,
                data_7 => \ADC_SAR_Seq_1:Net_3111_7\ ,
                data_6 => \ADC_SAR_Seq_1:Net_3111_6\ ,
                data_5 => \ADC_SAR_Seq_1:Net_3111_5\ ,
                data_4 => \ADC_SAR_Seq_1:Net_3111_4\ ,
                data_3 => \ADC_SAR_Seq_1:Net_3111_3\ ,
                data_2 => \ADC_SAR_Seq_1:Net_3111_2\ ,
                data_1 => \ADC_SAR_Seq_1:Net_3111_1\ ,
                data_0 => \ADC_SAR_Seq_1:Net_3111_0\ ,
                tr_sar_out => Net_1013 ,
                irq => \ADC_SAR_Seq_1:Net_3112\ );
            Properties:
            {
                cy_registers = ""
            }
Segment LCD Block group 0: empty
CLK_GEN group 0: 
    M0S8 Clock Gen Block @ [FFB(CLK_GEN,0)]: 
    m0s8clockgenblockcell: Name =ClockGenBlock
        PORT MAP (
             );
        Properties:
        {
        }
LPCOMPBLOCK group 0: empty
CTBMBLOCK group 0: empty
ANAPUMP group 0: empty
Bluetooth Low Energy Block group 0: 
    P4 BLE Block @ [FFB(BLE,0)]: 
    p4blecell: Name =\BLE_1:cy_m0s8_ble\
        PORT MAP (
            interrupt => \BLE_1:Net_15\ );
        Properties:
        {
        }
GANGED_PICU group 0: empty

Blocks not positioned by the digital component placer:
    PSoC4 SAR Mux @ <No Location>: 
        p4sarmuxcell: Name =\ADC_SAR_Seq_1:cy_psoc4_sarmux_8\
            PORT MAP (
                muxin_plus_3 => \ADC_SAR_Seq_1:mux_bus_plus_3\ ,
                muxin_plus_2 => \ADC_SAR_Seq_1:mux_bus_plus_2\ ,
                muxin_plus_1 => \ADC_SAR_Seq_1:mux_bus_plus_1\ ,
                muxin_plus_0 => \ADC_SAR_Seq_1:mux_bus_plus_0\ ,
                muxin_minus_3 => \ADC_SAR_Seq_1:mux_bus_minus_3\ ,
                muxin_minus_2 => \ADC_SAR_Seq_1:mux_bus_minus_2\ ,
                muxin_minus_1 => \ADC_SAR_Seq_1:mux_bus_minus_1\ ,
                muxin_minus_0 => \ADC_SAR_Seq_1:mux_bus_minus_0\ ,
                cmn_neg => \ADC_SAR_Seq_1:Net_2580\ ,
                vout_plus => \ADC_SAR_Seq_1:Net_2020\ ,
                vout_minus => \ADC_SAR_Seq_1:Net_124\ );
            Properties:
            {
                cy_registers = ""
                input_mode = "0000"
                muxin_width = 4
            }
</CYPRESSTAG>
<CYPRESSTAG name="Port Configuration Details">

------------------------------------------------------------
Port Configuration report
------------------------------------------------------------
     |     |       | Interrupt |                  |                   | 
Port | Pin | Fixed |      Type |       Drive Mode |              Name | Connections
-----+-----+-------+-----------+------------------+-------------------+---------------------------------------
   0 |   2 |     * |      NONE |         CMOS_OUT |        TP_P0_2(0) | 
     |   3 |     * |      NONE |         CMOS_OUT |        TP_P0_3(0) | 
-----+-----+-------+-----------+------------------+-------------------+---------------------------------------
   1 |   0 |     * |      NONE |         CMOS_OUT |          LED_R(0) | 
     |   1 |     * |      NONE |         CMOS_OUT |          LED_G(0) | 
     |   2 |     * |      NONE |         CMOS_OUT |          LED_B(0) | 
     |   3 |     * |      NONE |     HI_Z_DIGITAL |        NOT_BTN(0) | 
     |   4 |     * |      NONE |         CMOS_OUT |        FR_STBY(0) | 
     |   5 |     * |      NONE |         CMOS_OUT |              H(0) | 
     |   7 |     * |      NONE |         CMOS_OUT |        TP_P1_7(0) | 
-----+-----+-------+-----------+------------------+-------------------+---------------------------------------
   2 |   7 |     * |      NONE |         CMOS_OUT |        TP_P2_7(0) | 
-----+-----+-------+-----------+------------------+-------------------+---------------------------------------
   3 |   0 |     * |      NONE |      HI_Z_ANALOG |         I_MEAS(0) | Analog(\ADC_SAR_Seq_1:mux_bus_plus_0\)
     |   1 |     * |      NONE |      HI_Z_ANALOG |         V_MEAS(0) | Analog(\ADC_SAR_Seq_1:mux_bus_plus_1\)
     |   2 |     * |      NONE |      HI_Z_ANALOG |           H_CS(0) | Analog(\ADC_SAR_Seq_1:mux_bus_plus_2\)
     |   3 |     * |      NONE |      HI_Z_ANALOG |           P3_3(0) | Analog(\ADC_SAR_Seq_1:mux_bus_plus_3\)
-----+-----+-------+-----------+------------------+-------------------+---------------------------------------
   4 |   0 |     * |      NONE |         CMOS_OUT | \SPI_1:mosi_m(0)\ | In(\SPI_1:Net_660\)
     |   1 |     * |      NONE |     HI_Z_DIGITAL | \SPI_1:miso_m(0)\ | FB(\SPI_1:Net_663\)
-----+-----+-------+-----------+------------------+-------------------+---------------------------------------
   5 |   0 |     * |      NONE |         CMOS_OUT |  \SPI_1:ss0_m(0)\ | In(\SPI_1:ss_0\)
     |   1 |     * |      NONE |         CMOS_OUT | \SPI_1:sclk_m(0)\ | In(\SPI_1:Net_687\)
--------------------------------------------------------------------------------------------------------------
</CYPRESSTAG>
</CYPRESSTAG>
</CYPRESSTAG>
Digital component placer commit/Report: Elapsed time ==> 0s.002ms
Digital Placement phase: Elapsed time ==> 0s.285ms
</CYPRESSTAG>
<CYPRESSTAG name="Digital Routing">
Routing successful.
Digital Routing phase: Elapsed time ==> 0s.307ms
</CYPRESSTAG>
<CYPRESSTAG name="Bitstream and API generation">
Bitstream and API generation phase: Elapsed time ==> 0s.104ms
</CYPRESSTAG>
<CYPRESSTAG name="Bitstream verification">
Bitstream verification phase: Elapsed time ==> 0s.029ms
</CYPRESSTAG>
<CYPRESSTAG name="Static timing analysis">
Timing report is in Batt_timing.html.
Static timing analysis phase: Elapsed time ==> 0s.099ms
</CYPRESSTAG>
<CYPRESSTAG name="Data reporting">
Data reporting phase: Elapsed time ==> 0s.000ms
</CYPRESSTAG>
<CYPRESSTAG name="Database update...">
Design database save phase: Elapsed time ==> 0s.164ms
</CYPRESSTAG>
cydsfit: Elapsed time ==> 1s.516ms
</CYPRESSTAG>
Fitter phase: Elapsed time ==> 1s.562ms
API generation phase: Elapsed time ==> 0s.841ms
Dependency generation phase: Elapsed time ==> 0s.007ms
Cleanup phase: Elapsed time ==> 0s.000ms
